<?xml version="1.0" encoding="utf-8"?>
<TestRun id="be9eed52-c7f7-4d3b-a896-418e6549d340" name="alex@ALEX-PC 2025-10-06 11:32:26" runUser="ALEX-PC\alex" xmlns="http://microsoft.com/schemas/VisualStudio/TeamTest/2010">
  <Times creation="2025-10-06T11:32:26.4836674-04:00" queuing="2025-10-06T11:32:26.4836682-04:00" start="2025-10-06T11:32:25.4611999-04:00" finish="2025-10-06T11:32:31.3348949-04:00" />
  <TestSettings name="default" id="a928bc38-7025-4357-b8fb-deafa826159f">
    <Deployment runDeploymentRoot="alex_ALEX-PC_2025-10-06_11_32_26" />
  </TestSettings>
  <Results>
    <UnitTestResult executionId="c036471c-7504-475c-9e01-313d6f16090a" testId="8f695c27-bd64-a0df-f0ed-0fac09544eef" testName="Lidarr.Plugin.Common.Tests.StreamingResponseSlidingAndScopeTests.SlidingExpiration_Extends_Expiry_On_Hit" computerName="ALEX-PC" duration="00:00:00.1493331" startTime="2025-10-06T11:32:26.5756167-04:00" endTime="2025-10-06T11:32:26.5756171-04:00" testType="13cdc9d9-ddb5-4fa4-a97d-d965ccfc6d4b" outcome="Passed" testListId="8c84fa94-04c1-424b-9868-57a2d4851a1d" relativeResultsDirectory="c036471c-7504-475c-9e01-313d6f16090a" />
    <UnitTestResult executionId="72d89165-56c9-45b1-be9e-e827fa853181" testId="318146f1-2fc9-4eac-cf65-15820253ea16" testName="Lidarr.Plugin.Common.Tests.CLIServicesTryGetTests.MemoryQueueService_TryGetItemAsync_ReturnsNull_WhenMissing" computerName="ALEX-PC" duration="00:00:00.0024684" startTime="2025-10-06T11:32:26.4580368-04:00" endTime="2025-10-06T11:32:26.4580368-04:00" testType="13cdc9d9-ddb5-4fa4-a97d-d965ccfc6d4b" outcome="Passed" testListId="8c84fa94-04c1-424b-9868-57a2d4851a1d" relativeResultsDirectory="72d89165-56c9-45b1-be9e-e827fa853181" />
    <UnitTestResult executionId="fa908cdf-75f6-41c5-9077-42b856dd9dee" testId="5783f364-dedf-2723-77aa-1eb03a3ed7ec" testName="Lidarr.Plugin.Common.Tests.CacheKeyBuilderTests.Build_Varies_By_Method_And_Scope_And_Authority" computerName="ALEX-PC" duration="00:00:00.0152364" startTime="2025-10-06T11:32:26.4420972-04:00" endTime="2025-10-06T11:32:26.4420973-04:00" testType="13cdc9d9-ddb5-4fa4-a97d-d965ccfc6d4b" outcome="Passed" testListId="8c84fa94-04c1-424b-9868-57a2d4851a1d" relativeResultsDirectory="fa908cdf-75f6-41c5-9077-42b856dd9dee" />
    <UnitTestResult executionId="2a6e0588-686c-4ba3-9ce7-76cb9718c779" testId="81e3a001-350c-7f9c-49a3-f3a9a3c159e5" testName="Lidarr.Plugin.Common.Tests.PluginCapabilityExtensionsTests.ToManifestValues_ProducesStableOrdering" computerName="ALEX-PC" duration="00:00:00.0101793" startTime="2025-10-06T11:32:26.4581976-04:00" endTime="2025-10-06T11:32:26.4581976-04:00" testType="13cdc9d9-ddb5-4fa4-a97d-d965ccfc6d4b" outcome="Passed" testListId="8c84fa94-04c1-424b-9868-57a2d4851a1d" relativeResultsDirectory="2a6e0588-686c-4ba3-9ce7-76cb9718c779" />
    <UnitTestResult executionId="b22c7eea-6c8b-4141-80e6-0f68c77dd1e3" testId="20b954bf-bad8-6be5-947a-90cc1942727b" testName="Lidarr.Plugin.Common.Tests.GenericResilienceExecutorTests.ExecuteWithResilience_StopsOnBudgetExhaustion" computerName="ALEX-PC" duration="00:00:00.0042257" startTime="2025-10-06T11:32:26.7909298-04:00" endTime="2025-10-06T11:32:26.7909303-04:00" testType="13cdc9d9-ddb5-4fa4-a97d-d965ccfc6d4b" outcome="Passed" testListId="8c84fa94-04c1-424b-9868-57a2d4851a1d" relativeResultsDirectory="b22c7eea-6c8b-4141-80e6-0f68c77dd1e3" />
    <UnitTestResult executionId="a475eb3d-cca9-4415-8132-2a2b988542aa" testId="97cac643-521d-8033-bde4-fd59c1d868f5" testName="Lidarr.Plugin.Common.Tests.HttpClientExtensionsTests.ExecuteWithResilienceAsync_UsesProfileInHostGateKey_WhenProvided" computerName="ALEX-PC" duration="00:00:00.0012824" startTime="2025-10-06T11:32:26.6269400-04:00" endTime="2025-10-06T11:32:26.6269401-04:00" testType="13cdc9d9-ddb5-4fa4-a97d-d965ccfc6d4b" outcome="Passed" testListId="8c84fa94-04c1-424b-9868-57a2d4851a1d" relativeResultsDirectory="a475eb3d-cca9-4415-8132-2a2b988542aa" />
    <UnitTestResult executionId="0bdfe36a-8852-4fae-8e1d-9eb6503fa10c" testId="a35af586-aef0-c652-0ec3-a89afa464906" testName="Lidarr.Plugin.Common.Tests.ConfigCommandTests.Set_UpdatesSettingAndPersists" computerName="ALEX-PC" duration="00:00:00.0018597" startTime="2025-10-06T11:32:26.4871469-04:00" endTime="2025-10-06T11:32:26.4871471-04:00" testType="13cdc9d9-ddb5-4fa4-a97d-d965ccfc6d4b" outcome="Passed" testListId="8c84fa94-04c1-424b-9868-57a2d4851a1d" relativeResultsDirectory="0bdfe36a-8852-4fae-8e1d-9eb6503fa10c" />
    <UnitTestResult executionId="aec9c05e-b3a4-4975-8440-0e1f32bc992a" testId="aa40b9c5-f8a4-9b2c-96c6-9fab6567e70c" testName="Lidarr.Plugin.Common.Tests.PluginManifestTests.EvaluateCompatibility_succeeds_for_matching_versions" computerName="ALEX-PC" duration="00:00:00.0001706" startTime="2025-10-06T11:32:26.4919280-04:00" endTime="2025-10-06T11:32:26.4919280-04:00" testType="13cdc9d9-ddb5-4fa4-a97d-d965ccfc6d4b" outcome="Passed" testListId="8c84fa94-04c1-424b-9868-57a2d4851a1d" relativeResultsDirectory="aec9c05e-b3a4-4975-8440-0e1f32bc992a" />
    <UnitTestResult executionId="437c1a52-9911-4142-8c02-4008c2644220" testId="7c594058-1c6b-7aed-b5d0-47baa3746b31" testName="Lidarr.Plugin.Common.Tests.GenericResilienceExecutorTests.ExecuteWithResilience_RetriesOn429_WithRetryAfter" computerName="ALEX-PC" duration="00:00:01.0066302" startTime="2025-10-06T11:32:27.8662742-04:00" endTime="2025-10-06T11:32:27.8662752-04:00" testType="13cdc9d9-ddb5-4fa4-a97d-d965ccfc6d4b" outcome="Passed" testListId="8c84fa94-04c1-424b-9868-57a2d4851a1d" relativeResultsDirectory="437c1a52-9911-4142-8c02-4008c2644220" />
    <UnitTestResult executionId="979b6c4e-8040-4318-83fb-90b85469992f" testId="08f2346e-3f52-46dc-6637-7f5677e6a813" testName="Lidarr.Plugin.Common.Tests.HttpClientExtensionsTests.ExecuteWithResilienceAsync_RespectsCallerCancellation" computerName="ALEX-PC" duration="00:00:00.0015904" startTime="2025-10-06T11:32:26.6170381-04:00" endTime="2025-10-06T11:32:26.6170393-04:00" testType="13cdc9d9-ddb5-4fa4-a97d-d965ccfc6d4b" outcome="Passed" testListId="8c84fa94-04c1-424b-9868-57a2d4851a1d" relativeResultsDirectory="979b6c4e-8040-4318-83fb-90b85469992f" />
    <UnitTestResult executionId="0f6656b4-ac16-4a31-8494-97a9322a8fe5" testId="3ce80a54-d606-16af-be97-5d380f19e6d7" testName="Lidarr.Plugin.Common.Tests.HttpClientExtensionsTests.ExecuteWithResilienceAsync_UpgradesHostGateLimit" computerName="ALEX-PC" duration="00:00:00.0032737" startTime="2025-10-06T11:32:26.5307460-04:00" endTime="2025-10-06T11:32:26.5307463-04:00" testType="13cdc9d9-ddb5-4fa4-a97d-d965ccfc6d4b" outcome="Passed" testListId="8c84fa94-04c1-424b-9868-57a2d4851a1d" relativeResultsDirectory="0f6656b4-ac16-4a31-8494-97a9322a8fe5" />
    <UnitTestResult executionId="f6557b93-9e0b-4b99-bfdc-2f30c93dc113" testId="d0e92191-96a9-83ae-3aa1-cf45b6cf2cca" testName="Lidarr.Plugin.Common.Tests.HttpClientExtensionsTests.ContentDecodingSniffer_StripsEncodingHeadersAfterInflate" computerName="ALEX-PC" duration="00:00:00.0108689" startTime="2025-10-06T11:32:26.6152912-04:00" endTime="2025-10-06T11:32:26.6152922-04:00" testType="13cdc9d9-ddb5-4fa4-a97d-d965ccfc6d4b" outcome="Passed" testListId="8c84fa94-04c1-424b-9868-57a2d4851a1d" relativeResultsDirectory="f6557b93-9e0b-4b99-bfdc-2f30c93dc113" />
    <UnitTestResult executionId="83250318-e6c3-4654-b478-ee581b94822d" testId="d7a45563-7d4b-b0ad-3581-1d3ce9234f39" testName="Lidarr.Plugin.Common.Tests.BaseStreamingDownloadClientTests.ApplyMetadataTags_SkipsWhenMetadataNull" computerName="ALEX-PC" duration="00:00:00.0084066" startTime="2025-10-06T11:32:26.5675452-04:00" endTime="2025-10-06T11:32:26.5675460-04:00" testType="13cdc9d9-ddb5-4fa4-a97d-d965ccfc6d4b" outcome="Passed" testListId="8c84fa94-04c1-424b-9868-57a2d4851a1d" relativeResultsDirectory="83250318-e6c3-4654-b478-ee581b94822d" />
    <UnitTestResult executionId="da45808a-ad31-4cf1-bee2-31a9cf7ee517" testId="0a265fb3-5ec2-ff7c-37d6-c3c25c4ec6d5" testName="Lidarr.Plugin.Common.Tests.StreamingResponseCacheTests.ClearEndpoint_RemovesEntriesForEndpoint" computerName="ALEX-PC" duration="00:00:00.0192348" startTime="2025-10-06T11:32:26.4572727-04:00" endTime="2025-10-06T11:32:26.4572727-04:00" testType="13cdc9d9-ddb5-4fa4-a97d-d965ccfc6d4b" outcome="Passed" testListId="8c84fa94-04c1-424b-9868-57a2d4851a1d" relativeResultsDirectory="da45808a-ad31-4cf1-bee2-31a9cf7ee517" />
    <UnitTestResult executionId="2adf4120-a78b-4ff4-b2cb-39ad672888a7" testId="813467a4-8234-e1d0-2600-90dbdea7c6c0" testName="Lidarr.Plugin.Common.Tests.BaseStreamingDownloadClientTests.ApplyMetadataTags_InvokesApplierWhenMetadataPresent" computerName="ALEX-PC" duration="00:00:00.1502818" startTime="2025-10-06T11:32:26.5589608-04:00" endTime="2025-10-06T11:32:26.5589624-04:00" testType="13cdc9d9-ddb5-4fa4-a97d-d965ccfc6d4b" outcome="Passed" testListId="8c84fa94-04c1-424b-9868-57a2d4851a1d" relativeResultsDirectory="2adf4120-a78b-4ff4-b2cb-39ad672888a7" />
    <UnitTestResult executionId="3c8293b0-a835-47d5-9443-20bf9d3dcda4" testId="9897bf5e-8469-a101-bfab-c1cab73f125a" testName="Lidarr.Plugin.Common.Tests.HttpClientExtensionsTests.ExecuteWithResilienceAsync_ThrowsTimeoutExceptionWhenPerRequestTimeoutExceeded" computerName="ALEX-PC" duration="00:00:00.0693497" startTime="2025-10-06T11:32:26.6039769-04:00" endTime="2025-10-06T11:32:26.6039780-04:00" testType="13cdc9d9-ddb5-4fa4-a97d-d965ccfc6d4b" outcome="Passed" testListId="8c84fa94-04c1-424b-9868-57a2d4851a1d" relativeResultsDirectory="3c8293b0-a835-47d5-9443-20bf9d3dcda4" />
    <UnitTestResult executionId="0ca57743-eb22-4671-8e77-5e81be77655e" testId="895f4b50-a9c2-6e01-5570-fb2dc88a7915" testName="Lidarr.Plugin.Common.Tests.HttpClientExtensionsTests.GetJsonAsync_ThrowsWhenContentNotJson" computerName="ALEX-PC" duration="00:00:00.0033981" startTime="2025-10-06T11:32:26.6205433-04:00" endTime="2025-10-06T11:32:26.6205434-04:00" testType="13cdc9d9-ddb5-4fa4-a97d-d965ccfc6d4b" outcome="Passed" testListId="8c84fa94-04c1-424b-9868-57a2d4851a1d" relativeResultsDirectory="0ca57743-eb22-4671-8e77-5e81be77655e" />
    <UnitTestResult executionId="e442e294-5210-4e5f-8961-f5c9cacb487e" testId="424253ca-6336-ce22-d463-63abddaf4cf5" testName="Lidarr.Plugin.Common.Tests.PluginManifestTests.EvaluateCompatibility_enforces_abstractions_major_match" computerName="ALEX-PC" duration="00:00:00.0010495" startTime="2025-10-06T11:32:26.4926162-04:00" endTime="2025-10-06T11:32:26.4926163-04:00" testType="13cdc9d9-ddb5-4fa4-a97d-d965ccfc6d4b" outcome="Passed" testListId="8c84fa94-04c1-424b-9868-57a2d4851a1d" relativeResultsDirectory="e442e294-5210-4e5f-8961-f5c9cacb487e" />
    <UnitTestResult executionId="b4153a76-7293-4ec2-a009-0e7df57b4ed1" testId="efa2aef3-f8ef-8580-5997-6eb0d041661e" testName="Lidarr.Plugin.Common.Tests.PluginCapabilityExtensionsTests.CapabilityFlags_AvailableOnManifest" computerName="ALEX-PC" duration="00:00:00.0004681" startTime="2025-10-06T11:32:26.4584005-04:00" endTime="2025-10-06T11:32:26.4584006-04:00" testType="13cdc9d9-ddb5-4fa4-a97d-d965ccfc6d4b" outcome="Passed" testListId="8c84fa94-04c1-424b-9868-57a2d4851a1d" relativeResultsDirectory="b4153a76-7293-4ec2-a009-0e7df57b4ed1" />
    <UnitTestResult executionId="48722e92-fd1c-4615-81a2-6c4915468d2d" testId="0b4284a0-e498-bff8-cfed-60f92103b08b" testName="Lidarr.Plugin.Common.Tests.HttpClientExtensionsTests.SendWithResilienceAsync_HonorsBuilderPolicy_WhenPresent" computerName="ALEX-PC" duration="00:00:00.0722586" startTime="2025-10-06T11:32:26.5270158-04:00" endTime="2025-10-06T11:32:26.5270185-04:00" testType="13cdc9d9-ddb5-4fa4-a97d-d965ccfc6d4b" outcome="Passed" testListId="8c84fa94-04c1-424b-9868-57a2d4851a1d" relativeResultsDirectory="48722e92-fd1c-4615-81a2-6c4915468d2d" />
    <UnitTestResult executionId="64cdfc95-13a3-44bf-b7ec-6bc37f46cb5f" testId="fda76aa8-748f-ad01-5e00-9d8d00d928d7" testName="Lidarr.Plugin.Common.Tests.GenericResilienceExecutorTests.ExecuteWithResilience_ThrowsTimeoutExceptionWhenPerRequestTimeoutExceeded" computerName="ALEX-PC" duration="00:00:00.0674608" startTime="2025-10-06T11:32:26.7864336-04:00" endTime="2025-10-06T11:32:26.7864343-04:00" testType="13cdc9d9-ddb5-4fa4-a97d-d965ccfc6d4b" outcome="Passed" testListId="8c84fa94-04c1-424b-9868-57a2d4851a1d" relativeResultsDirectory="64cdfc95-13a3-44bf-b7ec-6bc37f46cb5f" />
    <UnitTestResult executionId="d12544cf-313d-40b5-a127-0c616cba84db" testId="f3ce8b41-41d5-5554-2e0f-4659d3dd76f6" testName="Lidarr.Plugin.Common.Tests.PluginLoaderEdgeTests.LoadAsync_throws_when_entry_assembly_missing" computerName="ALEX-PC" duration="00:00:00.5551004" startTime="2025-10-06T11:32:30.8843485-04:00" endTime="2025-10-06T11:32:30.8843493-04:00" testType="13cdc9d9-ddb5-4fa4-a97d-d965ccfc6d4b" outcome="Passed" testListId="8c84fa94-04c1-424b-9868-57a2d4851a1d" relativeResultsDirectory="d12544cf-313d-40b5-a127-0c616cba84db" />
    <UnitTestResult executionId="e9ef6704-23b6-4a5c-b57e-8fb91f7e4a2a" testId="8641ead0-bb64-a144-f6bf-86d8b9ee0f9f" testName="Lidarr.Plugin.Common.Tests.PluginIsolationTests.Loads_plugins_with_side_by_side_common_versions" computerName="ALEX-PC" duration="00:00:00.9404191" startTime="2025-10-06T11:32:30.9586399-04:00" endTime="2025-10-06T11:32:30.9586409-04:00" testType="13cdc9d9-ddb5-4fa4-a97d-d965ccfc6d4b" outcome="Passed" testListId="8c84fa94-04c1-424b-9868-57a2d4851a1d" relativeResultsDirectory="e9ef6704-23b6-4a5c-b57e-8fb91f7e4a2a" />
    <UnitTestResult executionId="515c6e9f-5641-43c7-9b5c-838b2ea658c2" testId="6bc513f6-dcd9-9f7f-a005-a6b31100dc26" testName="Lidarr.Plugin.Common.Tests.ConfigCommandTests.Set_ReturnsWarningForUnknownSetting" computerName="ALEX-PC" duration="00:00:00.0030364" startTime="2025-10-06T11:32:26.4851675-04:00" endTime="2025-10-06T11:32:26.4851676-04:00" testType="13cdc9d9-ddb5-4fa4-a97d-d965ccfc6d4b" outcome="Passed" testListId="8c84fa94-04c1-424b-9868-57a2d4851a1d" relativeResultsDirectory="515c6e9f-5641-43c7-9b5c-838b2ea658c2" />
    <UnitTestResult executionId="c8e0c854-25f2-4a7a-8732-2f41a35bb241" testId="6d3d5096-5e16-3323-25a6-a432c44f7c48" testName="Lidarr.Plugin.Common.Tests.HttpClientExtensionsTests.ContentDecodingSniffer_PreservesContentLengthForPassthrough" computerName="ALEX-PC" duration="00:00:00.0033760" startTime="2025-10-06T11:32:26.6303972-04:00" endTime="2025-10-06T11:32:26.6303973-04:00" testType="13cdc9d9-ddb5-4fa4-a97d-d965ccfc6d4b" outcome="Passed" testListId="8c84fa94-04c1-424b-9868-57a2d4851a1d" relativeResultsDirectory="c8e0c854-25f2-4a7a-8732-2f41a35bb241" />
    <UnitTestResult executionId="29b65e8d-702d-488d-988a-85c82b0bf66c" testId="25cef1b0-c113-ca9c-09ce-0c61ea5419a0" testName="Lidarr.Plugin.Common.Tests.ManifestCheckScriptTests.ManifestCheck_Handles_NoNamespace_Project" computerName="ALEX-PC" duration="00:00:01.0788202" startTime="2025-10-06T11:32:27.4880841-04:00" endTime="2025-10-06T11:32:27.4880851-04:00" testType="13cdc9d9-ddb5-4fa4-a97d-d965ccfc6d4b" outcome="Passed" testListId="8c84fa94-04c1-424b-9868-57a2d4851a1d" relativeResultsDirectory="29b65e8d-702d-488d-988a-85c82b0bf66c" />
    <UnitTestResult executionId="7c9415cb-7262-4af0-87bf-0e1c7fa41ec1" testId="3c4132db-d99d-6122-e62b-e7acfec90169" testName="Lidarr.Plugin.Common.Tests.GenericResilienceExecutorTests.ExecuteWithResilience_IncreasesHostGateOnHigherConcurrency" computerName="ALEX-PC" duration="00:00:00.0666349" startTime="2025-10-06T11:32:26.8586145-04:00" endTime="2025-10-06T11:32:26.8586148-04:00" testType="13cdc9d9-ddb5-4fa4-a97d-d965ccfc6d4b" outcome="Passed" testListId="8c84fa94-04c1-424b-9868-57a2d4851a1d" relativeResultsDirectory="7c9415cb-7262-4af0-87bf-0e1c7fa41ec1" />
    <UnitTestResult executionId="f305fa9b-1c97-47e6-ba3a-1623a2e97d1d" testId="be09c575-f695-b90a-9d38-e24005259ecd" testName="Lidarr.Plugin.Common.Tests.PluginLoaderEdgeTests.LoadAsync_rejects_when_host_version_too_low" computerName="ALEX-PC" duration="00:00:02.8402681" startTime="2025-10-06T11:32:29.2484921-04:00" endTime="2025-10-06T11:32:29.2484931-04:00" testType="13cdc9d9-ddb5-4fa4-a97d-d965ccfc6d4b" outcome="Passed" testListId="8c84fa94-04c1-424b-9868-57a2d4851a1d" relativeResultsDirectory="f305fa9b-1c97-47e6-ba3a-1623a2e97d1d" />
    <UnitTestResult executionId="c7b20a28-f8f3-4446-a4e1-ef05a214910f" testId="cfe91f8f-1b21-d042-8d53-a29db4e08875" testName="Lidarr.Plugin.Common.Tests.CLIServicesTryGetTests.MemoryQueueService_TryGetItemAsync_ReturnsItem_WhenPresent" computerName="ALEX-PC" duration="00:00:00.0012365" startTime="2025-10-06T11:32:26.4585168-04:00" endTime="2025-10-06T11:32:26.4585169-04:00" testType="13cdc9d9-ddb5-4fa4-a97d-d965ccfc6d4b" outcome="Passed" testListId="8c84fa94-04c1-424b-9868-57a2d4851a1d" relativeResultsDirectory="c7b20a28-f8f3-4446-a4e1-ef05a214910f" />
    <UnitTestResult executionId="829d0ca3-871c-4ec6-8e30-de9c791939ea" testId="ebae0d56-ce60-883f-dafa-af2cf6bea658" testName="Lidarr.Plugin.Common.Tests.StreamingTokenManagerTests.GetValidSessionAsync_UsesPersistedSession_WhenNotExpired" computerName="ALEX-PC" duration="00:00:00.0019203" startTime="2025-10-06T11:32:26.4586794-04:00" endTime="2025-10-06T11:32:26.4586795-04:00" testType="13cdc9d9-ddb5-4fa4-a97d-d965ccfc6d4b" outcome="Passed" testListId="8c84fa94-04c1-424b-9868-57a2d4851a1d" relativeResultsDirectory="829d0ca3-871c-4ec6-8e30-de9c791939ea" />
    <UnitTestResult executionId="ccead05f-09fc-424a-ab8f-0a16f2288e87" testId="ae5b443e-885a-693b-851f-81e06742e0c6" testName="Lidarr.Plugin.Common.Tests.PluginIsolationTests.Rejects_incompatible_api_version" computerName="ALEX-PC" duration="00:00:00.5451039" startTime="2025-10-06T11:32:30.0180170-04:00" endTime="2025-10-06T11:32:30.0180178-04:00" testType="13cdc9d9-ddb5-4fa4-a97d-d965ccfc6d4b" outcome="Passed" testListId="8c84fa94-04c1-424b-9868-57a2d4851a1d" relativeResultsDirectory="ccead05f-09fc-424a-ab8f-0a16f2288e87" />
    <UnitTestResult executionId="124d2f73-ce2e-4c15-adc3-e9390de9f5c9" testId="b584ad6f-5be0-5d37-96ce-14d799d34e43" testName="Lidarr.Plugin.Common.Tests.HttpSingleflightTests.SendWithResilienceAsync_DeduplicatesIdenticalGets_AndRebuildsResponses" computerName="ALEX-PC" duration="00:00:00.1100868" startTime="2025-10-06T11:32:26.5192472-04:00" endTime="2025-10-06T11:32:26.5192474-04:00" testType="13cdc9d9-ddb5-4fa4-a97d-d965ccfc6d4b" outcome="Passed" testListId="8c84fa94-04c1-424b-9868-57a2d4851a1d" relativeResultsDirectory="124d2f73-ce2e-4c15-adc3-e9390de9f5c9" />
    <UnitTestResult executionId="1641fd92-bd27-4495-b136-7ca6d8948ada" testId="dd104fc9-7e7a-1bb0-ed0e-cf648314cd38" testName="Lidarr.Plugin.Common.Tests.HttpClientExtensionsTests.GetJsonAsync_AllowsProblemJsonContentType" computerName="ALEX-PC" duration="00:00:00.0027355" startTime="2025-10-06T11:32:26.6234381-04:00" endTime="2025-10-06T11:32:26.6234383-04:00" testType="13cdc9d9-ddb5-4fa4-a97d-d965ccfc6d4b" outcome="Passed" testListId="8c84fa94-04c1-424b-9868-57a2d4851a1d" relativeResultsDirectory="1641fd92-bd27-4495-b136-7ca6d8948ada" />
    <UnitTestResult executionId="d9b12c6c-7539-465e-bb8c-9bcd4d0f86cb" testId="d927feee-a65a-7aa9-1941-8546f9852434" testName="Lidarr.Plugin.Common.Tests.PluginOperationResultTests.Failure_Result_ExposesError" computerName="ALEX-PC" duration="00:00:00.0007225" startTime="2025-10-06T11:32:26.4570800-04:00" endTime="2025-10-06T11:32:26.4570801-04:00" testType="13cdc9d9-ddb5-4fa4-a97d-d965ccfc6d4b" outcome="Passed" testListId="8c84fa94-04c1-424b-9868-57a2d4851a1d" relativeResultsDirectory="d9b12c6c-7539-465e-bb8c-9bcd4d0f86cb" />
    <UnitTestResult executionId="116fb408-9cca-4587-bd6e-09aa14e7f8b9" testId="263fd0b1-064b-f053-a634-e6bbfa419aaf" testName="Lidarr.Plugin.Common.Tests.PluginSandboxTests.Embedded_json_is_available" computerName="ALEX-PC" duration="00:00:00.0010885" startTime="2025-10-06T11:32:29.4704941-04:00" endTime="2025-10-06T11:32:29.4704944-04:00" testType="13cdc9d9-ddb5-4fa4-a97d-d965ccfc6d4b" outcome="Passed" testListId="8c84fa94-04c1-424b-9868-57a2d4851a1d" relativeResultsDirectory="116fb408-9cca-4587-bd6e-09aa14e7f8b9" />
    <UnitTestResult executionId="e171a2d4-ff11-4386-b433-f692f19cb85e" testId="24b8aef8-8388-fef1-ae92-2286f1dfeb64" testName="Lidarr.Plugin.Common.Tests.ManifestCheckScriptTests.ManifestCheck_ProjectReference_FallsBack_To_CommonVersion_Warns_Man001" computerName="ALEX-PC" duration="00:00:02.9130314" startTime="2025-10-06T11:32:31.1963561-04:00" endTime="2025-10-06T11:32:31.1963576-04:00" testType="13cdc9d9-ddb5-4fa4-a97d-d965ccfc6d4b" outcome="Passed" testListId="8c84fa94-04c1-424b-9868-57a2d4851a1d" relativeResultsDirectory="e171a2d4-ff11-4386-b433-f692f19cb85e" />
    <UnitTestResult executionId="c7fadabb-a11b-4b95-9df2-f8a709c74821" testId="5b02c011-fbcf-7aef-328a-5057f145a444" testName="Lidarr.Plugin.Common.Tests.PluginManifestTests.EvaluateCompatibility_enforces_min_host_version" computerName="ALEX-PC" duration="00:00:00.0131350" startTime="2025-10-06T11:32:26.4424156-04:00" endTime="2025-10-06T11:32:26.4424157-04:00" testType="13cdc9d9-ddb5-4fa4-a97d-d965ccfc6d4b" outcome="Passed" testListId="8c84fa94-04c1-424b-9868-57a2d4851a1d" relativeResultsDirectory="c7fadabb-a11b-4b95-9df2-f8a709c74821" />
    <UnitTestResult executionId="21f4727b-375f-4586-b0ef-e85a74968a45" testId="f7826f76-16f0-36c6-9954-4fc37aa3e5de" testName="Lidarr.Plugin.Common.SampleTests.PluginSmokeTests.PluginLoads" computerName="ALEX-PC" duration="00:00:00.0010000" startTime="2025-10-06T11:32:26.4358226-04:00" endTime="2025-10-06T11:32:26.4358976-04:00" testType="13cdc9d9-ddb5-4fa4-a97d-d965ccfc6d4b" outcome="NotExecuted" testListId="8c84fa94-04c1-424b-9868-57a2d4851a1d" relativeResultsDirectory="21f4727b-375f-4586-b0ef-e85a74968a45">
      <Output>
        <ErrorInfo>
          <Message>Sample template; remove Skip once the plugin publishes binaries for tests.</Message>
        </ErrorInfo>
      </Output>
    </UnitTestResult>
    <UnitTestResult executionId="ba709175-6019-46dd-8004-58dad83d5abe" testId="17fc5743-5b18-f021-bf3d-623c0eadc761" testName="Lidarr.Plugin.Common.Tests.SimpleDownloadOrchestratorTests.DownloadTrack_ReportsProgress_WithSpeedAndEta" computerName="ALEX-PC" duration="00:00:00.0441662" startTime="2025-10-06T11:32:26.5084069-04:00" endTime="2025-10-06T11:32:26.5084073-04:00" testType="13cdc9d9-ddb5-4fa4-a97d-d965ccfc6d4b" outcome="Passed" testListId="8c84fa94-04c1-424b-9868-57a2d4851a1d" relativeResultsDirectory="ba709175-6019-46dd-8004-58dad83d5abe" />
    <UnitTestResult executionId="a30173ff-160d-4586-877a-cda6ab4dae28" testId="66a87fbe-b3cd-a732-6c63-11de6a650535" testName="Lidarr.Plugin.Common.Tests.QueryCanonicalizerTests.Canonicalize_OrdersKeysAndValues_AndEncodes" computerName="ALEX-PC" duration="00:00:00.0014978" startTime="2025-10-06T11:32:26.4571610-04:00" endTime="2025-10-06T11:32:26.4571611-04:00" testType="13cdc9d9-ddb5-4fa4-a97d-d965ccfc6d4b" outcome="Passed" testListId="8c84fa94-04c1-424b-9868-57a2d4851a1d" relativeResultsDirectory="a30173ff-160d-4586-877a-cda6ab4dae28" />
    <UnitTestResult executionId="6ec35d64-b0a5-4e7f-90d7-f812a4a2ed1a" testId="eb3e2701-a964-c38f-ed17-317cd0a21941" testName="Lidarr.Plugin.Common.Tests.ManifestCheckScriptTests.ManifestCheck_Handles_DefaultNamespace_Project" computerName="ALEX-PC" duration="00:00:00.7917323" startTime="2025-10-06T11:32:28.2820093-04:00" endTime="2025-10-06T11:32:28.2820099-04:00" testType="13cdc9d9-ddb5-4fa4-a97d-d965ccfc6d4b" outcome="Passed" testListId="8c84fa94-04c1-424b-9868-57a2d4851a1d" relativeResultsDirectory="6ec35d64-b0a5-4e7f-90d7-f812a4a2ed1a" />
    <UnitTestResult executionId="799e409b-397e-4992-83b3-8ef4c06e8363" testId="33d6f95a-d68a-2305-9563-311446e1d9b4" testName="Lidarr.Plugin.Common.Tests.SimpleDownloadOrchestratorTests.DownloadTrack_ResumeWithIfRange_ContinuesFromPartial" computerName="ALEX-PC" duration="00:00:00.0266714" startTime="2025-10-06T11:32:26.5363976-04:00" endTime="2025-10-06T11:32:26.5363980-04:00" testType="13cdc9d9-ddb5-4fa4-a97d-d965ccfc6d4b" outcome="Passed" testListId="8c84fa94-04c1-424b-9868-57a2d4851a1d" relativeResultsDirectory="799e409b-397e-4992-83b3-8ef4c06e8363" />
    <UnitTestResult executionId="f67e50c5-c714-4dae-aa38-3680c98fa5a5" testId="cbce58cd-fdb8-511c-01f0-2112298fed1b" testName="Lidarr.Plugin.Common.Tests.GenericResilienceExecutorTests.ExecuteWithResilience_CallerCancellationPropagates" computerName="ALEX-PC" duration="00:00:00.0202845" startTime="2025-10-06T11:32:26.4573665-04:00" endTime="2025-10-06T11:32:26.4573666-04:00" testType="13cdc9d9-ddb5-4fa4-a97d-d965ccfc6d4b" outcome="Passed" testListId="8c84fa94-04c1-424b-9868-57a2d4851a1d" relativeResultsDirectory="f67e50c5-c714-4dae-aa38-3680c98fa5a5" />
    <UnitTestResult executionId="c6d36340-881a-4ce7-9269-d26605a7737c" testId="65de0143-a7a1-1647-bccf-b4b101771d0b" testName="Lidarr.Plugin.Common.Tests.StreamingTokenManagerTests.RefreshSessionAsync_PersistsEnvelope" computerName="ALEX-PC" duration="00:00:00.0354560" startTime="2025-10-06T11:32:26.4586251-04:00" endTime="2025-10-06T11:32:26.4586257-04:00" testType="13cdc9d9-ddb5-4fa4-a97d-d965ccfc6d4b" outcome="Passed" testListId="8c84fa94-04c1-424b-9868-57a2d4851a1d" relativeResultsDirectory="c6d36340-881a-4ce7-9269-d26605a7737c" />
    <UnitTestResult executionId="65f763ae-2e91-4826-a2d3-448c72c9feb8" testId="bf3742d9-7734-79dd-6018-60681d8ab7ad" testName="Lidarr.Plugin.Common.Tests.SimpleDownloadOrchestratorTests.DownloadTrackAsync_CancelledTokenStopsCopyAndReleasesPartialFile" computerName="ALEX-PC" duration="00:00:00.0481437" startTime="2025-10-06T11:32:26.4607607-04:00" endTime="2025-10-06T11:32:26.4607607-04:00" testType="13cdc9d9-ddb5-4fa4-a97d-d965ccfc6d4b" outcome="Passed" testListId="8c84fa94-04c1-424b-9868-57a2d4851a1d" relativeResultsDirectory="65f763ae-2e91-4826-a2d3-448c72c9feb8" />
    <UnitTestResult executionId="0c2d64d8-f01a-4f0c-9ba9-92caa7b53efa" testId="cbdd4f0b-de8f-2152-5a63-081d14cc8ca7" testName="Lidarr.Plugin.Common.Tests.PluginHttpOptionsTests.OptionsKeys_CanCarryValues_OnRequest" computerName="ALEX-PC" duration="00:00:00.0010169" startTime="2025-10-06T11:32:26.4554733-04:00" endTime="2025-10-06T11:32:26.4554733-04:00" testType="13cdc9d9-ddb5-4fa4-a97d-d965ccfc6d4b" outcome="Passed" testListId="8c84fa94-04c1-424b-9868-57a2d4851a1d" relativeResultsDirectory="0c2d64d8-f01a-4f0c-9ba9-92caa7b53efa" />
    <UnitTestResult executionId="3fd57684-5be9-4fb1-83d1-7fead00423f8" testId="e58618b5-63c4-e684-df1e-2b3c2d39e953" testName="Lidarr.Plugin.Common.Tests.RequestDeduplicatorTests.Dispose_CancelsPendingRequests" computerName="ALEX-PC" duration="00:00:00.0433630" startTime="2025-10-06T11:32:26.4604258-04:00" endTime="2025-10-06T11:32:26.4604259-04:00" testType="13cdc9d9-ddb5-4fa4-a97d-d965ccfc6d4b" outcome="Passed" testListId="8c84fa94-04c1-424b-9868-57a2d4851a1d" relativeResultsDirectory="3fd57684-5be9-4fb1-83d1-7fead00423f8" />
    <UnitTestResult executionId="cf36d38e-57e5-4840-8a28-8db7a573666b" testId="0aa75f1b-00cb-35ca-837d-48843c3f539b" testName="Lidarr.Plugin.Common.Tests.PluginOperationResultTests.Success_Result_ReportsAsSuccessful" computerName="ALEX-PC" duration="00:00:00.0006548" startTime="2025-10-06T11:32:26.4554286-04:00" endTime="2025-10-06T11:32:26.4554286-04:00" testType="13cdc9d9-ddb5-4fa4-a97d-d965ccfc6d4b" outcome="Passed" testListId="8c84fa94-04c1-424b-9868-57a2d4851a1d" relativeResultsDirectory="cf36d38e-57e5-4840-8a28-8db7a573666b" />
    <UnitTestResult executionId="2cb42bf5-5d3e-451f-bffe-2d7d2bfa8f08" testId="559ad64d-b32d-f67a-dfc2-2ca0fdd0251d" testName="Lidarr.Plugin.Common.Tests.PluginManifestTests.FromJson_throws_when_required_fields_missing" computerName="ALEX-PC" duration="00:00:00.0004606" startTime="2025-10-06T11:32:26.4905363-04:00" endTime="2025-10-06T11:32:26.4905364-04:00" testType="13cdc9d9-ddb5-4fa4-a97d-d965ccfc6d4b" outcome="Passed" testListId="8c84fa94-04c1-424b-9868-57a2d4851a1d" relativeResultsDirectory="2cb42bf5-5d3e-451f-bffe-2d7d2bfa8f08" />
    <UnitTestResult executionId="81ad3914-6c0a-4953-9199-ab86b799ecac" testId="4aa72e1b-1b08-b5dd-b8e3-b059e533fc61" testName="Lidarr.Plugin.Common.Tests.StreamingResponseCacheTests.GenerateCacheKey_IsStableAcrossInstances" computerName="ALEX-PC" duration="00:00:00.0002725" startTime="2025-10-06T11:32:26.4645469-04:00" endTime="2025-10-06T11:32:26.4645469-04:00" testType="13cdc9d9-ddb5-4fa4-a97d-d965ccfc6d4b" outcome="Passed" testListId="8c84fa94-04c1-424b-9868-57a2d4851a1d" relativeResultsDirectory="81ad3914-6c0a-4953-9199-ab86b799ecac" />
    <UnitTestResult executionId="3f33e5da-4953-4c1d-a98e-fb2287b6ea9a" testId="1ff57294-a7e8-5bf9-5981-96a0da3a8df7" testName="Lidarr.Plugin.Common.Tests.OAuthDelegatingHandlerTests.Concurrent401s_TriggerSingleRefresh" computerName="ALEX-PC" duration="00:00:00.1070176" startTime="2025-10-06T11:32:26.5165729-04:00" endTime="2025-10-06T11:32:26.5165737-04:00" testType="13cdc9d9-ddb5-4fa4-a97d-d965ccfc6d4b" outcome="Passed" testListId="8c84fa94-04c1-424b-9868-57a2d4851a1d" relativeResultsDirectory="3f33e5da-4953-4c1d-a98e-fb2287b6ea9a" />
    <UnitTestResult executionId="ae723777-4cb5-40c6-b3b9-d2915794ebd8" testId="96d64dc5-fd91-0b23-19a5-a82656cf63d3" testName="Lidarr.Plugin.Common.Tests.ConfigCommandTests.Get_ReturnsFormattedValue" computerName="ALEX-PC" duration="00:00:00.0011592" startTime="2025-10-06T11:32:26.4819333-04:00" endTime="2025-10-06T11:32:26.4819334-04:00" testType="13cdc9d9-ddb5-4fa4-a97d-d965ccfc6d4b" outcome="Passed" testListId="8c84fa94-04c1-424b-9868-57a2d4851a1d" relativeResultsDirectory="ae723777-4cb5-40c6-b3b9-d2915794ebd8" />
    <UnitTestResult executionId="5c68d4fc-6f6d-4f36-abeb-436f88bbf17e" testId="33659825-74de-c0ec-de86-2374784ddc2d" testName="Lidarr.Plugin.Common.Tests.StreamingTokenManagerTests.ClearSessionAsync_ClearsPersisted_WhenNoInMemorySessionLoaded" computerName="ALEX-PC" duration="00:00:00.0006755" startTime="2025-10-06T11:32:26.4594708-04:00" endTime="2025-10-06T11:32:26.4594709-04:00" testType="13cdc9d9-ddb5-4fa4-a97d-d965ccfc6d4b" outcome="Passed" testListId="8c84fa94-04c1-424b-9868-57a2d4851a1d" relativeResultsDirectory="5c68d4fc-6f6d-4f36-abeb-436f88bbf17e" />
    <UnitTestResult executionId="75e0f0cb-d094-491a-b594-541f1636c7b2" testId="ec22b8a7-1d07-fb12-eaf1-32d6dd05d976" testName="Lidarr.Plugin.Common.Tests.PluginCapabilityExtensionsTests.FromManifestValues_ReturnsFlagsAndUnknown" computerName="ALEX-PC" duration="00:00:00.0194659" startTime="2025-10-06T11:32:26.4573208-04:00" endTime="2025-10-06T11:32:26.4573209-04:00" testType="13cdc9d9-ddb5-4fa4-a97d-d965ccfc6d4b" outcome="Passed" testListId="8c84fa94-04c1-424b-9868-57a2d4851a1d" relativeResultsDirectory="75e0f0cb-d094-491a-b594-541f1636c7b2" />
    <UnitTestResult executionId="3c3d8abf-3e44-4548-9a52-9c407e94d4b2" testId="35f95267-e98f-2bc0-a900-b91335a167ee" testName="Lidarr.Plugin.Common.Tests.QueryCanonicalizerTests.Canonicalize_IsOrderInsensitive" computerName="ALEX-PC" duration="00:00:00.0151785" startTime="2025-10-06T11:32:26.4552078-04:00" endTime="2025-10-06T11:32:26.4552079-04:00" testType="13cdc9d9-ddb5-4fa4-a97d-d965ccfc6d4b" outcome="Passed" testListId="8c84fa94-04c1-424b-9868-57a2d4851a1d" relativeResultsDirectory="3c3d8abf-3e44-4548-9a52-9c407e94d4b2" />
    <UnitTestResult executionId="eb084f89-2c14-454d-9e16-f2cac48e4b9b" testId="be9ab65a-b948-103a-0c32-b4e020e464ce" testName="Lidarr.Plugin.Common.Tests.PluginSandboxTests.Gzip_handler_roundtrips_payload" computerName="ALEX-PC" duration="00:00:00.0043973" startTime="2025-10-06T11:32:29.4685202-04:00" endTime="2025-10-06T11:32:29.4685207-04:00" testType="13cdc9d9-ddb5-4fa4-a97d-d965ccfc6d4b" outcome="Passed" testListId="8c84fa94-04c1-424b-9868-57a2d4851a1d" relativeResultsDirectory="eb084f89-2c14-454d-9e16-f2cac48e4b9b" />
    <UnitTestResult executionId="310e5470-b185-42ba-8141-57fa907249e5" testId="f06ebf19-2b22-7766-d684-113d32a76807" testName="Lidarr.Plugin.Common.Tests.CLIServicesTryGetTests.FileStateService_TryGetAsync_ReturnsValue_WhenPresent" computerName="ALEX-PC" duration="00:00:00.0019912" startTime="2025-10-06T11:32:26.4582407-04:00" endTime="2025-10-06T11:32:26.4582407-04:00" testType="13cdc9d9-ddb5-4fa4-a97d-d965ccfc6d4b" outcome="Passed" testListId="8c84fa94-04c1-424b-9868-57a2d4851a1d" relativeResultsDirectory="310e5470-b185-42ba-8141-57fa907249e5" />
    <UnitTestResult executionId="9635aaf5-517d-4bfb-a08a-1dbfacb0908d" testId="69b060a0-c58b-1e67-c641-fd1b4c338f82" testName="Lidarr.Plugin.Common.Tests.CLIServicesTryGetTests.FileStateService_TryGetAsync_ReturnsNull_WhenMissing_And_GetThrows" computerName="ALEX-PC" duration="00:00:00.0248195" startTime="2025-10-06T11:32:26.4579811-04:00" endTime="2025-10-06T11:32:26.4579812-04:00" testType="13cdc9d9-ddb5-4fa4-a97d-d965ccfc6d4b" outcome="Passed" testListId="8c84fa94-04c1-424b-9868-57a2d4851a1d" relativeResultsDirectory="9635aaf5-517d-4bfb-a08a-1dbfacb0908d" />
    <UnitTestResult executionId="1efe3b73-0397-4ab5-a1de-0f06c1021b8c" testId="f3e21f12-4a90-0496-9b9d-0022919df46d" testName="Lidarr.Plugin.Common.Tests.PluginHttpOptionsTests.Builder_Sets_Standardized_OptionsKeys" computerName="ALEX-PC" duration="00:00:00.0153998" startTime="2025-10-06T11:32:26.4552204-04:00" endTime="2025-10-06T11:32:26.4552204-04:00" testType="13cdc9d9-ddb5-4fa4-a97d-d965ccfc6d4b" outcome="Passed" testListId="8c84fa94-04c1-424b-9868-57a2d4851a1d" relativeResultsDirectory="1efe3b73-0397-4ab5-a1de-0f06c1021b8c" />
    <UnitTestResult executionId="bf5cd9bc-7dce-4f80-a3a8-1fb52fbfc053" testId="02e681b4-9abc-1098-281a-f40d4482c4dd" testName="Lidarr.Plugin.Common.Tests.ConfigCommandTests.Reset_ClearsConfigurationAndRestoresDefaults" computerName="ALEX-PC" duration="00:00:00.0026332" startTime="2025-10-06T11:32:26.4899918-04:00" endTime="2025-10-06T11:32:26.4899926-04:00" testType="13cdc9d9-ddb5-4fa4-a97d-d965ccfc6d4b" outcome="Passed" testListId="8c84fa94-04c1-424b-9868-57a2d4851a1d" relativeResultsDirectory="bf5cd9bc-7dce-4f80-a3a8-1fb52fbfc053" />
    <UnitTestResult executionId="e4b3643a-7a51-4a60-a213-eb5a9163ffb7" testId="5f49a52c-1c63-34ec-daa2-069e47c73871" testName="Lidarr.Plugin.Common.Tests.StreamingTokenManagerTests.GetValidSessionAsync_RefreshesExpiredPersistedSession" computerName="ALEX-PC" duration="00:00:00.0009663" startTime="2025-10-06T11:32:26.4595429-04:00" endTime="2025-10-06T11:32:26.4595429-04:00" testType="13cdc9d9-ddb5-4fa4-a97d-d965ccfc6d4b" outcome="Passed" testListId="8c84fa94-04c1-424b-9868-57a2d4851a1d" relativeResultsDirectory="e4b3643a-7a51-4a60-a213-eb5a9163ffb7" />
    <UnitTestResult executionId="2a82b150-e679-47ed-924b-5b2d377545ff" testId="72e96c06-0413-7ade-1602-d62934e8b7dd" testName="Lidarr.Plugin.Common.Tests.BaseStreamingDownloadClientTests.ApplyMetadataTags_SkipsWhenApplierMissing" computerName="ALEX-PC" duration="00:00:00.0340369" startTime="2025-10-06T11:32:26.6044898-04:00" endTime="2025-10-06T11:32:26.6044905-04:00" testType="13cdc9d9-ddb5-4fa4-a97d-d965ccfc6d4b" outcome="Passed" testListId="8c84fa94-04c1-424b-9868-57a2d4851a1d" relativeResultsDirectory="2a82b150-e679-47ed-924b-5b2d377545ff" />
    <UnitTestResult executionId="8d160d60-f88e-477b-95aa-0d0078074d72" testId="3ab4d893-f9b4-a437-77f2-303a56be5f45" testName="Lidarr.Plugin.Common.Tests.PluginSandboxTests.Plugin_assertions_detect_success" computerName="ALEX-PC" duration="00:00:00.0006009" startTime="2025-10-06T11:32:29.4692778-04:00" endTime="2025-10-06T11:32:29.4692780-04:00" testType="13cdc9d9-ddb5-4fa4-a97d-d965ccfc6d4b" outcome="Passed" testListId="8c84fa94-04c1-424b-9868-57a2d4851a1d" relativeResultsDirectory="8d160d60-f88e-477b-95aa-0d0078074d72" />
    <UnitTestResult executionId="79b32645-8218-4f67-854d-ad1f479a0cd4" testId="d77e2cc6-7a53-7008-23eb-a26b243033d9" testName="Lidarr.Plugin.Common.Tests.StreamingHelpersTests.GenerateSearchCacheKey_IgnoresSensitiveParameters" computerName="ALEX-PC" duration="00:00:00.0023669" startTime="2025-10-06T11:32:26.4572344-04:00" endTime="2025-10-06T11:32:26.4572345-04:00" testType="13cdc9d9-ddb5-4fa4-a97d-d965ccfc6d4b" outcome="Passed" testListId="8c84fa94-04c1-424b-9868-57a2d4851a1d" relativeResultsDirectory="79b32645-8218-4f67-854d-ad1f479a0cd4" />
    <UnitTestResult executionId="642f3e1d-1f0e-4766-ae65-c9e94e26a0e2" testId="fac6af69-bc1c-e8d7-be75-f3b4c57bbc97" testName="Lidarr.Plugin.Common.Tests.StreamingResponseCacheTests.Set_EnforcesMaxCacheSizeByEvictingOldest" computerName="ALEX-PC" duration="00:00:00.0314978" startTime="2025-10-06T11:32:26.4596427-04:00" endTime="2025-10-06T11:32:26.4596428-04:00" testType="13cdc9d9-ddb5-4fa4-a97d-d965ccfc6d4b" outcome="Passed" testListId="8c84fa94-04c1-424b-9868-57a2d4851a1d" relativeResultsDirectory="642f3e1d-1f0e-4766-ae65-c9e94e26a0e2" />
    <UnitTestResult executionId="3dcccc89-75d4-48c6-8908-99ac5699f05f" testId="c7ef7fe9-2760-ebfe-1a68-cac42d0cf6b5" testName="Lidarr.Plugin.Common.Tests.PluginManifestTests.FromJson_throws_when_api_version_invalid" computerName="ALEX-PC" duration="00:00:00.0004067" startTime="2025-10-06T11:32:26.4918545-04:00" endTime="2025-10-06T11:32:26.4918545-04:00" testType="13cdc9d9-ddb5-4fa4-a97d-d965ccfc6d4b" outcome="Passed" testListId="8c84fa94-04c1-424b-9868-57a2d4851a1d" relativeResultsDirectory="3dcccc89-75d4-48c6-8908-99ac5699f05f" />
    <UnitTestResult executionId="d268e28b-385c-4a3b-b8b5-9896923c35b1" testId="1ebce3b1-b3fd-0bfa-6c9b-4e5e74dce980" testName="Lidarr.Plugin.Common.Tests.ResilienceLoggingTests.WarnOnce_EmitsSingleEvent_PerProvider" computerName="ALEX-PC" duration="00:00:00.0280307" startTime="2025-10-06T11:32:26.4581502-04:00" endTime="2025-10-06T11:32:26.4581503-04:00" testType="13cdc9d9-ddb5-4fa4-a97d-d965ccfc6d4b" outcome="Passed" testListId="8c84fa94-04c1-424b-9868-57a2d4851a1d" relativeResultsDirectory="d268e28b-385c-4a3b-b8b5-9896923c35b1" />
    <UnitTestResult executionId="d3235bcf-5f69-4532-901d-1ae78d6b08fa" testId="3181563e-7250-e545-7ab2-4b25291ebdfa" testName="Lidarr.Plugin.Common.Tests.HttpClientExtensionsTests.ContentDecodingSniffer_PeeksOnlyHeaderBytesForPlainContent" computerName="ALEX-PC" duration="00:00:00.0017618" startTime="2025-10-06T11:32:26.6255824-04:00" endTime="2025-10-06T11:32:26.6255825-04:00" testType="13cdc9d9-ddb5-4fa4-a97d-d965ccfc6d4b" outcome="Passed" testListId="8c84fa94-04c1-424b-9868-57a2d4851a1d" relativeResultsDirectory="d3235bcf-5f69-4532-901d-1ae78d6b08fa" />
    <UnitTestResult executionId="33cff0db-1e4c-4c15-8a02-94daf1de6668" testId="b451fa2a-b1c1-4cea-cccb-cee0b382f863" testName="Lidarr.Plugin.Common.Tests.PluginLoaderEdgeTests.LoadAsync_throws_when_manifest_invalid_json" computerName="ALEX-PC" duration="00:00:00.5021025" startTime="2025-10-06T11:32:29.7508357-04:00" endTime="2025-10-06T11:32:29.7508362-04:00" testType="13cdc9d9-ddb5-4fa4-a97d-d965ccfc6d4b" outcome="Passed" testListId="8c84fa94-04c1-424b-9868-57a2d4851a1d" relativeResultsDirectory="33cff0db-1e4c-4c15-8a02-94daf1de6668" />
    <UnitTestResult executionId="01dec36d-48fb-4651-95e7-6492f0084cbd" testId="ef4c7e93-6a96-6147-d80a-d31f2138abf5" testName="Lidarr.Plugin.Common.Tests.StreamingResponseSlidingAndScopeTests.Scope_Component_Varies_Cache_Key_When_Present" computerName="ALEX-PC" duration="00:00:00.0175335" startTime="2025-10-06T11:32:26.4555052-04:00" endTime="2025-10-06T11:32:26.4555052-04:00" testType="13cdc9d9-ddb5-4fa4-a97d-d965ccfc6d4b" outcome="Passed" testListId="8c84fa94-04c1-424b-9868-57a2d4851a1d" relativeResultsDirectory="01dec36d-48fb-4651-95e7-6492f0084cbd" />
    <UnitTestResult executionId="43bb527e-495a-47e7-a94d-2bea2b2fdd98" testId="9cb5d1c1-5bdf-6851-7987-d0534a096a9d" testName="Lidarr.Plugin.Common.Tests.ConfigCommandTests.Set_ReturnsErrorForInvalidConversion" computerName="ALEX-PC" duration="00:00:00.0669481" startTime="2025-10-06T11:32:26.4755026-04:00" endTime="2025-10-06T11:32:26.4755029-04:00" testType="13cdc9d9-ddb5-4fa4-a97d-d965ccfc6d4b" outcome="Passed" testListId="8c84fa94-04c1-424b-9868-57a2d4851a1d" relativeResultsDirectory="43bb527e-495a-47e7-a94d-2bea2b2fdd98" />
    <UnitTestResult executionId="3a08fc83-be91-4058-ad13-bc2bf1b1f9b4" testId="94b0a70f-040e-9029-ad58-a0fbeff77251" testName="Lidarr.Plugin.Common.Tests.GenericResilienceExecutorTests.ExecuteWithResilience_UpgradesHostGateWhenConcurrencyIncreases" computerName="ALEX-PC" duration="00:00:00.2871997" startTime="2025-10-06T11:32:26.7170396-04:00" endTime="2025-10-06T11:32:26.7170405-04:00" testType="13cdc9d9-ddb5-4fa4-a97d-d965ccfc6d4b" outcome="Passed" testListId="8c84fa94-04c1-424b-9868-57a2d4851a1d" relativeResultsDirectory="3a08fc83-be91-4058-ad13-bc2bf1b1f9b4" />
    <UnitTestResult executionId="c2b0b9b1-8386-4137-8158-81790d96d994" testId="1d68383f-c5fd-e0fe-d2c2-3d1d1e37c203" testName="Lidarr.Plugin.Common.Tests.CacheKeyBuilderTests.Build_IsStable_GivenSameAuthorityPathQueryAndMethod" computerName="ALEX-PC" duration="00:00:00.0005442" startTime="2025-10-06T11:32:26.4553860-04:00" endTime="2025-10-06T11:32:26.4553861-04:00" testType="13cdc9d9-ddb5-4fa4-a97d-d965ccfc6d4b" outcome="Passed" testListId="8c84fa94-04c1-424b-9868-57a2d4851a1d" relativeResultsDirectory="c2b0b9b1-8386-4137-8158-81790d96d994" />
    <UnitTestResult executionId="92a1a4a2-899b-4e9b-83e3-47c8c84273ca" testId="943da04c-84b4-67f6-1c9d-e7e8943651f9" testName="Lidarr.Plugin.Common.Tests.PluginIsolationTests.Unloads_plugin_context_on_dispose" computerName="ALEX-PC" duration="00:00:03.0625902" startTime="2025-10-06T11:32:29.4723178-04:00" endTime="2025-10-06T11:32:29.4723180-04:00" testType="13cdc9d9-ddb5-4fa4-a97d-d965ccfc6d4b" outcome="Passed" testListId="8c84fa94-04c1-424b-9868-57a2d4851a1d" relativeResultsDirectory="92a1a4a2-899b-4e9b-83e3-47c8c84273ca" />
    <UnitTestResult executionId="48fdb1c1-5cef-4a1e-b5bf-dbfc6fa838f1" testId="ae1f59e8-5bbc-8353-41aa-750318a85794" testName="Lidarr.Plugin.Common.Tests.RequestDeduplicatorCoalesceTests.GetOrCreateAsync_CoalescesConcurrentFactories" computerName="ALEX-PC" duration="00:00:00.0865100" startTime="2025-10-06T11:32:26.5035664-04:00" endTime="2025-10-06T11:32:26.5035668-04:00" testType="13cdc9d9-ddb5-4fa4-a97d-d965ccfc6d4b" outcome="Passed" testListId="8c84fa94-04c1-424b-9868-57a2d4851a1d" relativeResultsDirectory="48fdb1c1-5cef-4a1e-b5bf-dbfc6fa838f1" />
    <UnitTestResult executionId="95f307aa-97ae-42b9-a6c5-514f7af1945c" testId="6a2ec953-ea7c-5d7f-841d-338e28ec38d9" testName="Lidarr.Plugin.Common.Tests.StreamingResponseCacheTests.InvalidateByPrefix_UsesCacheSeedWhenMatching" computerName="ALEX-PC" duration="00:00:00.0042682" startTime="2025-10-06T11:32:26.4636531-04:00" endTime="2025-10-06T11:32:26.4636532-04:00" testType="13cdc9d9-ddb5-4fa4-a97d-d965ccfc6d4b" outcome="Passed" testListId="8c84fa94-04c1-424b-9868-57a2d4851a1d" relativeResultsDirectory="95f307aa-97ae-42b9-a6c5-514f7af1945c" />
    <UnitTestResult executionId="b131584d-7012-479c-bfab-32ac779fa394" testId="b720d816-36d8-6ba9-4007-35c905a4e476" testName="Lidarr.Plugin.Common.Tests.ConfigCommandTests.Get_MasksSensitiveValues" computerName="ALEX-PC" duration="00:00:00.0050051" startTime="2025-10-06T11:32:26.4808856-04:00" endTime="2025-10-06T11:32:26.4808858-04:00" testType="13cdc9d9-ddb5-4fa4-a97d-d965ccfc6d4b" outcome="Passed" testListId="8c84fa94-04c1-424b-9868-57a2d4851a1d" relativeResultsDirectory="b131584d-7012-479c-bfab-32ac779fa394" />
    <UnitTestResult executionId="4964e59a-ea79-4bec-802b-7ca165fe0f20" testId="0aee71d9-fef6-ade5-d631-a153a85836c7" testName="Lidarr.Plugin.Common.Tests.StreamingHelpersTests.CreateMaskedSettings_MasksSensitiveProperties" computerName="ALEX-PC" duration="00:00:00.0155527" startTime="2025-10-06T11:32:26.4550887-04:00" endTime="2025-10-06T11:32:26.4550893-04:00" testType="13cdc9d9-ddb5-4fa4-a97d-d965ccfc6d4b" outcome="Passed" testListId="8c84fa94-04c1-424b-9868-57a2d4851a1d" relativeResultsDirectory="4964e59a-ea79-4bec-802b-7ca165fe0f20" />
    <UnitTestResult executionId="12228ced-60a0-4d62-8511-96ae2aacb983" testId="be746a8a-d188-d8f9-2964-4e716974f275" testName="Lidarr.Plugin.Common.Tests.PluginLoaderEdgeTests.LoadAsync_throws_when_manifest_missing" computerName="ALEX-PC" duration="00:00:00.5774359" startTime="2025-10-06T11:32:30.3287099-04:00" endTime="2025-10-06T11:32:30.3287120-04:00" testType="13cdc9d9-ddb5-4fa4-a97d-d965ccfc6d4b" outcome="Passed" testListId="8c84fa94-04c1-424b-9868-57a2d4851a1d" relativeResultsDirectory="12228ced-60a0-4d62-8511-96ae2aacb983" />
    <UnitTestResult executionId="753cf0d3-8a17-4f11-8354-859b6d0a3840" testId="c66947bc-24ce-b038-bfe3-85e3bfce01ee" testName="Lidarr.Plugin.Common.Tests.PluginSandboxTests.PluginSandbox_loads_plugin_and_releases_locks" computerName="ALEX-PC" duration="00:00:03.0554411" startTime="2025-10-06T11:32:29.4638735-04:00" endTime="2025-10-06T11:32:29.4638744-04:00" testType="13cdc9d9-ddb5-4fa4-a97d-d965ccfc6d4b" outcome="Passed" testListId="8c84fa94-04c1-424b-9868-57a2d4851a1d" relativeResultsDirectory="753cf0d3-8a17-4f11-8354-859b6d0a3840" />
    <UnitTestResult executionId="56233684-edeb-4188-895a-21915cf31e4c" testId="43f9b770-9816-95e8-c866-029e634b5380" testName="Lidarr.Plugin.Common.Tests.PluginOperationResultTests.NonGenericFailure_ThrowsOnEnsure" computerName="ALEX-PC" duration="00:00:00.0157077" startTime="2025-10-06T11:32:26.4414734-04:00" endTime="2025-10-06T11:32:26.4414735-04:00" testType="13cdc9d9-ddb5-4fa4-a97d-d965ccfc6d4b" outcome="Passed" testListId="8c84fa94-04c1-424b-9868-57a2d4851a1d" relativeResultsDirectory="56233684-edeb-4188-895a-21915cf31e4c" />
    <UnitTestResult executionId="d78c1b9f-4c24-4878-9782-a7269bf46b72" testId="2aaa9232-88cd-42de-2645-a54625fe7c0b" testName="Lidarr.Plugin.Common.Tests.PluginManifestTests.FromJson_throws_when_version_invalid" computerName="ALEX-PC" duration="00:00:00.0649279" startTime="2025-10-06T11:32:26.4900808-04:00" endTime="2025-10-06T11:32:26.4900809-04:00" testType="13cdc9d9-ddb5-4fa4-a97d-d965ccfc6d4b" outcome="Passed" testListId="8c84fa94-04c1-424b-9868-57a2d4851a1d" relativeResultsDirectory="d78c1b9f-4c24-4878-9782-a7269bf46b72" />
    <UnitTestResult executionId="aaa6b329-6e18-47a4-9d0d-ab1e957ea538" testId="0a179786-1ff2-9041-0e48-b2ee1f7a23b3" testName="Lidarr.Plugin.Common.Tests.HttpClientExtensionsTests.ContentDecodingSniffer_InflatesMislabelledGzip" computerName="ALEX-PC" duration="00:00:00.0428437" startTime="2025-10-06T11:32:26.4595789-04:00" endTime="2025-10-06T11:32:26.4595790-04:00" testType="13cdc9d9-ddb5-4fa4-a97d-d965ccfc6d4b" outcome="Passed" testListId="8c84fa94-04c1-424b-9868-57a2d4851a1d" relativeResultsDirectory="aaa6b329-6e18-47a4-9d0d-ab1e957ea538" />
    <UnitTestResult executionId="15eac54a-33f4-4ae4-be09-5bc3c287a7f9" testId="b6981272-e55a-8d0d-e141-4a900502db24" testName="Lidarr.Plugin.Common.Tests.HttpClientExtensionsTests.IsJsonContent_TreatsProblemJsonAsJson" computerName="ALEX-PC" duration="00:00:00.0002590" startTime="2025-10-06T11:32:26.6240119-04:00" endTime="2025-10-06T11:32:26.6240120-04:00" testType="13cdc9d9-ddb5-4fa4-a97d-d965ccfc6d4b" outcome="Passed" testListId="8c84fa94-04c1-424b-9868-57a2d4851a1d" relativeResultsDirectory="15eac54a-33f4-4ae4-be09-5bc3c287a7f9" />
  </Results>
  <TestDefinitions>
    <UnitTest name="Lidarr.Plugin.Common.Tests.CLIServicesTryGetTests.FileStateService_TryGetAsync_ReturnsNull_WhenMissing_And_GetThrows" storage="i:\arr-plugins\lidarr\lidarr.plugin.common\tests\bin\release\net8.0\lidarr.plugin.common.tests.dll" id="69b060a0-c58b-1e67-c641-fd1b4c338f82">
      <Execution id="9635aaf5-517d-4bfb-a08a-1dbfacb0908d" />
      <TestMethod codeBase="I:\Arr-Plugins\Lidarr\lidarr.plugin.common\tests\bin\Release\net8.0\Lidarr.Plugin.Common.Tests.dll" adapterTypeName="executor://xunit/VsTestRunner2/netcoreapp" className="Lidarr.Plugin.Common.Tests.CLIServicesTryGetTests" name="FileStateService_TryGetAsync_ReturnsNull_WhenMissing_And_GetThrows" />
    </UnitTest>
    <UnitTest name="Lidarr.Plugin.Common.Tests.StreamingTokenManagerTests.RefreshSessionAsync_PersistsEnvelope" storage="i:\arr-plugins\lidarr\lidarr.plugin.common\tests\bin\release\net8.0\lidarr.plugin.common.tests.dll" id="65de0143-a7a1-1647-bccf-b4b101771d0b">
      <Execution id="c6d36340-881a-4ce7-9269-d26605a7737c" />
      <TestMethod codeBase="I:\Arr-Plugins\Lidarr\lidarr.plugin.common\tests\bin\Release\net8.0\Lidarr.Plugin.Common.Tests.dll" adapterTypeName="executor://xunit/VsTestRunner2/netcoreapp" className="Lidarr.Plugin.Common.Tests.StreamingTokenManagerTests" name="RefreshSessionAsync_PersistsEnvelope" />
    </UnitTest>
    <UnitTest name="Lidarr.Plugin.Common.Tests.StreamingResponseSlidingAndScopeTests.SlidingExpiration_Extends_Expiry_On_Hit" storage="i:\arr-plugins\lidarr\lidarr.plugin.common\tests\bin\release\net8.0\lidarr.plugin.common.tests.dll" id="8f695c27-bd64-a0df-f0ed-0fac09544eef">
      <Execution id="c036471c-7504-475c-9e01-313d6f16090a" />
      <TestMethod codeBase="I:\Arr-Plugins\Lidarr\lidarr.plugin.common\tests\bin\Release\net8.0\Lidarr.Plugin.Common.Tests.dll" adapterTypeName="executor://xunit/VsTestRunner2/netcoreapp" className="Lidarr.Plugin.Common.Tests.StreamingResponseSlidingAndScopeTests" name="SlidingExpiration_Extends_Expiry_On_Hit" />
    </UnitTest>
    <UnitTest name="Lidarr.Plugin.Common.Tests.OAuthDelegatingHandlerTests.Concurrent401s_TriggerSingleRefresh" storage="i:\arr-plugins\lidarr\lidarr.plugin.common\tests\bin\release\net8.0\lidarr.plugin.common.tests.dll" id="1ff57294-a7e8-5bf9-5981-96a0da3a8df7">
      <Execution id="3f33e5da-4953-4c1d-a98e-fb2287b6ea9a" />
      <TestMethod codeBase="I:\Arr-Plugins\Lidarr\lidarr.plugin.common\tests\bin\Release\net8.0\Lidarr.Plugin.Common.Tests.dll" adapterTypeName="executor://xunit/VsTestRunner2/netcoreapp" className="Lidarr.Plugin.Common.Tests.OAuthDelegatingHandlerTests" name="Concurrent401s_TriggerSingleRefresh" />
    </UnitTest>
    <UnitTest name="Lidarr.Plugin.Common.Tests.HttpClientExtensionsTests.ExecuteWithResilienceAsync_ThrowsTimeoutExceptionWhenPerRequestTimeoutExceeded" storage="i:\arr-plugins\lidarr\lidarr.plugin.common\tests\bin\release\net8.0\lidarr.plugin.common.tests.dll" id="9897bf5e-8469-a101-bfab-c1cab73f125a">
      <Execution id="3c8293b0-a835-47d5-9443-20bf9d3dcda4" />
      <TestMethod codeBase="I:\Arr-Plugins\Lidarr\lidarr.plugin.common\tests\bin\Release\net8.0\Lidarr.Plugin.Common.Tests.dll" adapterTypeName="executor://xunit/VsTestRunner2/netcoreapp" className="Lidarr.Plugin.Common.Tests.HttpClientExtensionsTests" name="ExecuteWithResilienceAsync_ThrowsTimeoutExceptionWhenPerRequestTimeoutExceeded" />
    </UnitTest>
    <UnitTest name="Lidarr.Plugin.Common.Tests.StreamingResponseSlidingAndScopeTests.Scope_Component_Varies_Cache_Key_When_Present" storage="i:\arr-plugins\lidarr\lidarr.plugin.common\tests\bin\release\net8.0\lidarr.plugin.common.tests.dll" id="ef4c7e93-6a96-6147-d80a-d31f2138abf5">
      <Execution id="01dec36d-48fb-4651-95e7-6492f0084cbd" />
      <TestMethod codeBase="I:\Arr-Plugins\Lidarr\lidarr.plugin.common\tests\bin\Release\net8.0\Lidarr.Plugin.Common.Tests.dll" adapterTypeName="executor://xunit/VsTestRunner2/netcoreapp" className="Lidarr.Plugin.Common.Tests.StreamingResponseSlidingAndScopeTests" name="Scope_Component_Varies_Cache_Key_When_Present" />
    </UnitTest>
    <UnitTest name="Lidarr.Plugin.Common.Tests.GenericResilienceExecutorTests.ExecuteWithResilience_ThrowsTimeoutExceptionWhenPerRequestTimeoutExceeded" storage="i:\arr-plugins\lidarr\lidarr.plugin.common\tests\bin\release\net8.0\lidarr.plugin.common.tests.dll" id="fda76aa8-748f-ad01-5e00-9d8d00d928d7">
      <Execution id="64cdfc95-13a3-44bf-b7ec-6bc37f46cb5f" />
      <TestMethod codeBase="I:\Arr-Plugins\Lidarr\lidarr.plugin.common\tests\bin\Release\net8.0\Lidarr.Plugin.Common.Tests.dll" adapterTypeName="executor://xunit/VsTestRunner2/netcoreapp" className="Lidarr.Plugin.Common.Tests.GenericResilienceExecutorTests" name="ExecuteWithResilience_ThrowsTimeoutExceptionWhenPerRequestTimeoutExceeded" />
    </UnitTest>
    <UnitTest name="Lidarr.Plugin.Common.Tests.HttpClientExtensionsTests.IsJsonContent_TreatsProblemJsonAsJson" storage="i:\arr-plugins\lidarr\lidarr.plugin.common\tests\bin\release\net8.0\lidarr.plugin.common.tests.dll" id="b6981272-e55a-8d0d-e141-4a900502db24">
      <Execution id="15eac54a-33f4-4ae4-be09-5bc3c287a7f9" />
      <TestMethod codeBase="I:\Arr-Plugins\Lidarr\lidarr.plugin.common\tests\bin\Release\net8.0\Lidarr.Plugin.Common.Tests.dll" adapterTypeName="executor://xunit/VsTestRunner2/netcoreapp" className="Lidarr.Plugin.Common.Tests.HttpClientExtensionsTests" name="IsJsonContent_TreatsProblemJsonAsJson" />
    </UnitTest>
    <UnitTest name="Lidarr.Plugin.Common.Tests.ManifestCheckScriptTests.ManifestCheck_Handles_DefaultNamespace_Project" storage="i:\arr-plugins\lidarr\lidarr.plugin.common\tests\bin\release\net8.0\lidarr.plugin.common.tests.dll" id="eb3e2701-a964-c38f-ed17-317cd0a21941">
      <Execution id="6ec35d64-b0a5-4e7f-90d7-f812a4a2ed1a" />
      <TestMethod codeBase="I:\Arr-Plugins\Lidarr\lidarr.plugin.common\tests\bin\Release\net8.0\Lidarr.Plugin.Common.Tests.dll" adapterTypeName="executor://xunit/VsTestRunner2/netcoreapp" className="Lidarr.Plugin.Common.Tests.ManifestCheckScriptTests" name="ManifestCheck_Handles_DefaultNamespace_Project" />
    </UnitTest>
    <UnitTest name="Lidarr.Plugin.Common.Tests.PluginManifestTests.EvaluateCompatibility_enforces_min_host_version" storage="i:\arr-plugins\lidarr\lidarr.plugin.common\tests\bin\release\net8.0\lidarr.plugin.common.tests.dll" id="5b02c011-fbcf-7aef-328a-5057f145a444">
      <Execution id="c7fadabb-a11b-4b95-9df2-f8a709c74821" />
      <TestMethod codeBase="I:\Arr-Plugins\Lidarr\lidarr.plugin.common\tests\bin\Release\net8.0\Lidarr.Plugin.Common.Tests.dll" adapterTypeName="executor://xunit/VsTestRunner2/netcoreapp" className="Lidarr.Plugin.Common.Tests.PluginManifestTests" name="EvaluateCompatibility_enforces_min_host_version" />
    </UnitTest>
    <UnitTest name="Lidarr.Plugin.Common.Tests.ResilienceLoggingTests.WarnOnce_EmitsSingleEvent_PerProvider" storage="i:\arr-plugins\lidarr\lidarr.plugin.common\tests\bin\release\net8.0\lidarr.plugin.common.tests.dll" id="1ebce3b1-b3fd-0bfa-6c9b-4e5e74dce980">
      <Execution id="d268e28b-385c-4a3b-b8b5-9896923c35b1" />
      <TestMethod codeBase="I:\Arr-Plugins\Lidarr\lidarr.plugin.common\tests\bin\Release\net8.0\Lidarr.Plugin.Common.Tests.dll" adapterTypeName="executor://xunit/VsTestRunner2/netcoreapp" className="Lidarr.Plugin.Common.Tests.ResilienceLoggingTests" name="WarnOnce_EmitsSingleEvent_PerProvider" />
    </UnitTest>
    <UnitTest name="Lidarr.Plugin.Common.Tests.RequestDeduplicatorTests.Dispose_CancelsPendingRequests" storage="i:\arr-plugins\lidarr\lidarr.plugin.common\tests\bin\release\net8.0\lidarr.plugin.common.tests.dll" id="e58618b5-63c4-e684-df1e-2b3c2d39e953">
      <Execution id="3fd57684-5be9-4fb1-83d1-7fead00423f8" />
      <TestMethod codeBase="I:\Arr-Plugins\Lidarr\lidarr.plugin.common\tests\bin\Release\net8.0\Lidarr.Plugin.Common.Tests.dll" adapterTypeName="executor://xunit/VsTestRunner2/netcoreapp" className="Lidarr.Plugin.Common.Tests.RequestDeduplicatorTests" name="Dispose_CancelsPendingRequests" />
    </UnitTest>
    <UnitTest name="Lidarr.Plugin.Common.Tests.PluginOperationResultTests.Success_Result_ReportsAsSuccessful" storage="i:\arr-plugins\lidarr\lidarr.plugin.common\tests\bin\release\net8.0\lidarr.plugin.common.tests.dll" id="0aa75f1b-00cb-35ca-837d-48843c3f539b">
      <Execution id="cf36d38e-57e5-4840-8a28-8db7a573666b" />
      <TestMethod codeBase="I:\Arr-Plugins\Lidarr\lidarr.plugin.common\tests\bin\Release\net8.0\Lidarr.Plugin.Common.Tests.dll" adapterTypeName="executor://xunit/VsTestRunner2/netcoreapp" className="Lidarr.Plugin.Common.Tests.PluginOperationResultTests" name="Success_Result_ReportsAsSuccessful" />
    </UnitTest>
    <UnitTest name="Lidarr.Plugin.Common.Tests.ConfigCommandTests.Get_MasksSensitiveValues" storage="i:\arr-plugins\lidarr\lidarr.plugin.common\tests\bin\release\net8.0\lidarr.plugin.common.tests.dll" id="b720d816-36d8-6ba9-4007-35c905a4e476">
      <Execution id="b131584d-7012-479c-bfab-32ac779fa394" />
      <TestMethod codeBase="I:\Arr-Plugins\Lidarr\lidarr.plugin.common\tests\bin\Release\net8.0\Lidarr.Plugin.Common.Tests.dll" adapterTypeName="executor://xunit/VsTestRunner2/netcoreapp" className="Lidarr.Plugin.Common.Tests.ConfigCommandTests" name="Get_MasksSensitiveValues" />
    </UnitTest>
    <UnitTest name="Lidarr.Plugin.Common.Tests.PluginManifestTests.EvaluateCompatibility_enforces_abstractions_major_match" storage="i:\arr-plugins\lidarr\lidarr.plugin.common\tests\bin\release\net8.0\lidarr.plugin.common.tests.dll" id="424253ca-6336-ce22-d463-63abddaf4cf5">
      <Execution id="e442e294-5210-4e5f-8961-f5c9cacb487e" />
      <TestMethod codeBase="I:\Arr-Plugins\Lidarr\lidarr.plugin.common\tests\bin\Release\net8.0\Lidarr.Plugin.Common.Tests.dll" adapterTypeName="executor://xunit/VsTestRunner2/netcoreapp" className="Lidarr.Plugin.Common.Tests.PluginManifestTests" name="EvaluateCompatibility_enforces_abstractions_major_match" />
    </UnitTest>
    <UnitTest name="Lidarr.Plugin.Common.Tests.PluginLoaderEdgeTests.LoadAsync_throws_when_entry_assembly_missing" storage="i:\arr-plugins\lidarr\lidarr.plugin.common\tests\bin\release\net8.0\lidarr.plugin.common.tests.dll" id="f3ce8b41-41d5-5554-2e0f-4659d3dd76f6">
      <Execution id="d12544cf-313d-40b5-a127-0c616cba84db" />
      <TestMethod codeBase="I:\Arr-Plugins\Lidarr\lidarr.plugin.common\tests\bin\Release\net8.0\Lidarr.Plugin.Common.Tests.dll" adapterTypeName="executor://xunit/VsTestRunner2/netcoreapp" className="Lidarr.Plugin.Common.Tests.PluginLoaderEdgeTests" name="LoadAsync_throws_when_entry_assembly_missing" />
    </UnitTest>
    <UnitTest name="Lidarr.Plugin.Common.Tests.HttpClientExtensionsTests.ExecuteWithResilienceAsync_RespectsCallerCancellation" storage="i:\arr-plugins\lidarr\lidarr.plugin.common\tests\bin\release\net8.0\lidarr.plugin.common.tests.dll" id="08f2346e-3f52-46dc-6637-7f5677e6a813">
      <Execution id="979b6c4e-8040-4318-83fb-90b85469992f" />
      <TestMethod codeBase="I:\Arr-Plugins\Lidarr\lidarr.plugin.common\tests\bin\Release\net8.0\Lidarr.Plugin.Common.Tests.dll" adapterTypeName="executor://xunit/VsTestRunner2/netcoreapp" className="Lidarr.Plugin.Common.Tests.HttpClientExtensionsTests" name="ExecuteWithResilienceAsync_RespectsCallerCancellation" />
    </UnitTest>
    <UnitTest name="Lidarr.Plugin.Common.Tests.CLIServicesTryGetTests.MemoryQueueService_TryGetItemAsync_ReturnsItem_WhenPresent" storage="i:\arr-plugins\lidarr\lidarr.plugin.common\tests\bin\release\net8.0\lidarr.plugin.common.tests.dll" id="cfe91f8f-1b21-d042-8d53-a29db4e08875">
      <Execution id="c7b20a28-f8f3-4446-a4e1-ef05a214910f" />
      <TestMethod codeBase="I:\Arr-Plugins\Lidarr\lidarr.plugin.common\tests\bin\Release\net8.0\Lidarr.Plugin.Common.Tests.dll" adapterTypeName="executor://xunit/VsTestRunner2/netcoreapp" className="Lidarr.Plugin.Common.Tests.CLIServicesTryGetTests" name="MemoryQueueService_TryGetItemAsync_ReturnsItem_WhenPresent" />
    </UnitTest>
    <UnitTest name="Lidarr.Plugin.Common.Tests.PluginOperationResultTests.NonGenericFailure_ThrowsOnEnsure" storage="i:\arr-plugins\lidarr\lidarr.plugin.common\tests\bin\release\net8.0\lidarr.plugin.common.tests.dll" id="43f9b770-9816-95e8-c866-029e634b5380">
      <Execution id="56233684-edeb-4188-895a-21915cf31e4c" />
      <TestMethod codeBase="I:\Arr-Plugins\Lidarr\lidarr.plugin.common\tests\bin\Release\net8.0\Lidarr.Plugin.Common.Tests.dll" adapterTypeName="executor://xunit/VsTestRunner2/netcoreapp" className="Lidarr.Plugin.Common.Tests.PluginOperationResultTests" name="NonGenericFailure_ThrowsOnEnsure" />
    </UnitTest>
    <UnitTest name="Lidarr.Plugin.Common.Tests.HttpClientExtensionsTests.SendWithResilienceAsync_HonorsBuilderPolicy_WhenPresent" storage="i:\arr-plugins\lidarr\lidarr.plugin.common\tests\bin\release\net8.0\lidarr.plugin.common.tests.dll" id="0b4284a0-e498-bff8-cfed-60f92103b08b">
      <Execution id="48722e92-fd1c-4615-81a2-6c4915468d2d" />
      <TestMethod codeBase="I:\Arr-Plugins\Lidarr\lidarr.plugin.common\tests\bin\Release\net8.0\Lidarr.Plugin.Common.Tests.dll" adapterTypeName="executor://xunit/VsTestRunner2/netcoreapp" className="Lidarr.Plugin.Common.Tests.HttpClientExtensionsTests" name="SendWithResilienceAsync_HonorsBuilderPolicy_WhenPresent" />
    </UnitTest>
    <UnitTest name="Lidarr.Plugin.Common.Tests.PluginManifestTests.FromJson_throws_when_version_invalid" storage="i:\arr-plugins\lidarr\lidarr.plugin.common\tests\bin\release\net8.0\lidarr.plugin.common.tests.dll" id="2aaa9232-88cd-42de-2645-a54625fe7c0b">
      <Execution id="d78c1b9f-4c24-4878-9782-a7269bf46b72" />
      <TestMethod codeBase="I:\Arr-Plugins\Lidarr\lidarr.plugin.common\tests\bin\Release\net8.0\Lidarr.Plugin.Common.Tests.dll" adapterTypeName="executor://xunit/VsTestRunner2/netcoreapp" className="Lidarr.Plugin.Common.Tests.PluginManifestTests" name="FromJson_throws_when_version_invalid" />
    </UnitTest>
    <UnitTest name="Lidarr.Plugin.Common.Tests.StreamingHelpersTests.GenerateSearchCacheKey_IgnoresSensitiveParameters" storage="i:\arr-plugins\lidarr\lidarr.plugin.common\tests\bin\release\net8.0\lidarr.plugin.common.tests.dll" id="d77e2cc6-7a53-7008-23eb-a26b243033d9">
      <Execution id="79b32645-8218-4f67-854d-ad1f479a0cd4" />
      <TestMethod codeBase="I:\Arr-Plugins\Lidarr\lidarr.plugin.common\tests\bin\Release\net8.0\Lidarr.Plugin.Common.Tests.dll" adapterTypeName="executor://xunit/VsTestRunner2/netcoreapp" className="Lidarr.Plugin.Common.Tests.StreamingHelpersTests" name="GenerateSearchCacheKey_IgnoresSensitiveParameters" />
    </UnitTest>
    <UnitTest name="Lidarr.Plugin.Common.Tests.PluginManifestTests.FromJson_throws_when_api_version_invalid" storage="i:\arr-plugins\lidarr\lidarr.plugin.common\tests\bin\release\net8.0\lidarr.plugin.common.tests.dll" id="c7ef7fe9-2760-ebfe-1a68-cac42d0cf6b5">
      <Execution id="3dcccc89-75d4-48c6-8908-99ac5699f05f" />
      <TestMethod codeBase="I:\Arr-Plugins\Lidarr\lidarr.plugin.common\tests\bin\Release\net8.0\Lidarr.Plugin.Common.Tests.dll" adapterTypeName="executor://xunit/VsTestRunner2/netcoreapp" className="Lidarr.Plugin.Common.Tests.PluginManifestTests" name="FromJson_throws_when_api_version_invalid" />
    </UnitTest>
    <UnitTest name="Lidarr.Plugin.Common.Tests.PluginSandboxTests.Plugin_assertions_detect_success" storage="i:\arr-plugins\lidarr\lidarr.plugin.common\tests\bin\release\net8.0\lidarr.plugin.common.tests.dll" id="3ab4d893-f9b4-a437-77f2-303a56be5f45">
      <Execution id="8d160d60-f88e-477b-95aa-0d0078074d72" />
      <TestMethod codeBase="I:\Arr-Plugins\Lidarr\lidarr.plugin.common\tests\bin\Release\net8.0\Lidarr.Plugin.Common.Tests.dll" adapterTypeName="executor://xunit/VsTestRunner2/netcoreapp" className="Lidarr.Plugin.Common.Tests.PluginSandboxTests" name="Plugin_assertions_detect_success" />
    </UnitTest>
    <UnitTest name="Lidarr.Plugin.Common.Tests.PluginHttpOptionsTests.OptionsKeys_CanCarryValues_OnRequest" storage="i:\arr-plugins\lidarr\lidarr.plugin.common\tests\bin\release\net8.0\lidarr.plugin.common.tests.dll" id="cbdd4f0b-de8f-2152-5a63-081d14cc8ca7">
      <Execution id="0c2d64d8-f01a-4f0c-9ba9-92caa7b53efa" />
      <TestMethod codeBase="I:\Arr-Plugins\Lidarr\lidarr.plugin.common\tests\bin\Release\net8.0\Lidarr.Plugin.Common.Tests.dll" adapterTypeName="executor://xunit/VsTestRunner2/netcoreapp" className="Lidarr.Plugin.Common.Tests.PluginHttpOptionsTests" name="OptionsKeys_CanCarryValues_OnRequest" />
    </UnitTest>
    <UnitTest name="Lidarr.Plugin.Common.Tests.StreamingTokenManagerTests.ClearSessionAsync_ClearsPersisted_WhenNoInMemorySessionLoaded" storage="i:\arr-plugins\lidarr\lidarr.plugin.common\tests\bin\release\net8.0\lidarr.plugin.common.tests.dll" id="33659825-74de-c0ec-de86-2374784ddc2d">
      <Execution id="5c68d4fc-6f6d-4f36-abeb-436f88bbf17e" />
      <TestMethod codeBase="I:\Arr-Plugins\Lidarr\lidarr.plugin.common\tests\bin\Release\net8.0\Lidarr.Plugin.Common.Tests.dll" adapterTypeName="executor://xunit/VsTestRunner2/netcoreapp" className="Lidarr.Plugin.Common.Tests.StreamingTokenManagerTests" name="ClearSessionAsync_ClearsPersisted_WhenNoInMemorySessionLoaded" />
    </UnitTest>
    <UnitTest name="Lidarr.Plugin.Common.Tests.SimpleDownloadOrchestratorTests.DownloadTrack_ReportsProgress_WithSpeedAndEta" storage="i:\arr-plugins\lidarr\lidarr.plugin.common\tests\bin\release\net8.0\lidarr.plugin.common.tests.dll" id="17fc5743-5b18-f021-bf3d-623c0eadc761">
      <Execution id="ba709175-6019-46dd-8004-58dad83d5abe" />
      <TestMethod codeBase="I:\Arr-Plugins\Lidarr\lidarr.plugin.common\tests\bin\Release\net8.0\Lidarr.Plugin.Common.Tests.dll" adapterTypeName="executor://xunit/VsTestRunner2/netcoreapp" className="Lidarr.Plugin.Common.Tests.SimpleDownloadOrchestratorTests" name="DownloadTrack_ReportsProgress_WithSpeedAndEta" />
    </UnitTest>
    <UnitTest name="Lidarr.Plugin.Common.Tests.PluginCapabilityExtensionsTests.FromManifestValues_ReturnsFlagsAndUnknown" storage="i:\arr-plugins\lidarr\lidarr.plugin.common\tests\bin\release\net8.0\lidarr.plugin.common.tests.dll" id="ec22b8a7-1d07-fb12-eaf1-32d6dd05d976">
      <Execution id="75e0f0cb-d094-491a-b594-541f1636c7b2" />
      <TestMethod codeBase="I:\Arr-Plugins\Lidarr\lidarr.plugin.common\tests\bin\Release\net8.0\Lidarr.Plugin.Common.Tests.dll" adapterTypeName="executor://xunit/VsTestRunner2/netcoreapp" className="Lidarr.Plugin.Common.Tests.PluginCapabilityExtensionsTests" name="FromManifestValues_ReturnsFlagsAndUnknown" />
    </UnitTest>
    <UnitTest name="Lidarr.Plugin.Common.Tests.HttpClientExtensionsTests.GetJsonAsync_AllowsProblemJsonContentType" storage="i:\arr-plugins\lidarr\lidarr.plugin.common\tests\bin\release\net8.0\lidarr.plugin.common.tests.dll" id="dd104fc9-7e7a-1bb0-ed0e-cf648314cd38">
      <Execution id="1641fd92-bd27-4495-b136-7ca6d8948ada" />
      <TestMethod codeBase="I:\Arr-Plugins\Lidarr\lidarr.plugin.common\tests\bin\Release\net8.0\Lidarr.Plugin.Common.Tests.dll" adapterTypeName="executor://xunit/VsTestRunner2/netcoreapp" className="Lidarr.Plugin.Common.Tests.HttpClientExtensionsTests" name="GetJsonAsync_AllowsProblemJsonContentType" />
    </UnitTest>
    <UnitTest name="Lidarr.Plugin.Common.Tests.BaseStreamingDownloadClientTests.ApplyMetadataTags_SkipsWhenApplierMissing" storage="i:\arr-plugins\lidarr\lidarr.plugin.common\tests\bin\release\net8.0\lidarr.plugin.common.tests.dll" id="72e96c06-0413-7ade-1602-d62934e8b7dd">
      <Execution id="2a82b150-e679-47ed-924b-5b2d377545ff" />
      <TestMethod codeBase="I:\Arr-Plugins\Lidarr\lidarr.plugin.common\tests\bin\Release\net8.0\Lidarr.Plugin.Common.Tests.dll" adapterTypeName="executor://xunit/VsTestRunner2/netcoreapp" className="Lidarr.Plugin.Common.Tests.BaseStreamingDownloadClientTests" name="ApplyMetadataTags_SkipsWhenApplierMissing" />
    </UnitTest>
    <UnitTest name="Lidarr.Plugin.Common.Tests.HttpClientExtensionsTests.GetJsonAsync_ThrowsWhenContentNotJson" storage="i:\arr-plugins\lidarr\lidarr.plugin.common\tests\bin\release\net8.0\lidarr.plugin.common.tests.dll" id="895f4b50-a9c2-6e01-5570-fb2dc88a7915">
      <Execution id="0ca57743-eb22-4671-8e77-5e81be77655e" />
      <TestMethod codeBase="I:\Arr-Plugins\Lidarr\lidarr.plugin.common\tests\bin\Release\net8.0\Lidarr.Plugin.Common.Tests.dll" adapterTypeName="executor://xunit/VsTestRunner2/netcoreapp" className="Lidarr.Plugin.Common.Tests.HttpClientExtensionsTests" name="GetJsonAsync_ThrowsWhenContentNotJson" />
    </UnitTest>
    <UnitTest name="Lidarr.Plugin.Common.Tests.PluginLoaderEdgeTests.LoadAsync_throws_when_manifest_missing" storage="i:\arr-plugins\lidarr\lidarr.plugin.common\tests\bin\release\net8.0\lidarr.plugin.common.tests.dll" id="be746a8a-d188-d8f9-2964-4e716974f275">
      <Execution id="12228ced-60a0-4d62-8511-96ae2aacb983" />
      <TestMethod codeBase="I:\Arr-Plugins\Lidarr\lidarr.plugin.common\tests\bin\Release\net8.0\Lidarr.Plugin.Common.Tests.dll" adapterTypeName="executor://xunit/VsTestRunner2/netcoreapp" className="Lidarr.Plugin.Common.Tests.PluginLoaderEdgeTests" name="LoadAsync_throws_when_manifest_missing" />
    </UnitTest>
    <UnitTest name="Lidarr.Plugin.Common.Tests.PluginManifestTests.FromJson_throws_when_required_fields_missing" storage="i:\arr-plugins\lidarr\lidarr.plugin.common\tests\bin\release\net8.0\lidarr.plugin.common.tests.dll" id="559ad64d-b32d-f67a-dfc2-2ca0fdd0251d">
      <Execution id="2cb42bf5-5d3e-451f-bffe-2d7d2bfa8f08" />
      <TestMethod codeBase="I:\Arr-Plugins\Lidarr\lidarr.plugin.common\tests\bin\Release\net8.0\Lidarr.Plugin.Common.Tests.dll" adapterTypeName="executor://xunit/VsTestRunner2/netcoreapp" className="Lidarr.Plugin.Common.Tests.PluginManifestTests" name="FromJson_throws_when_required_fields_missing" />
    </UnitTest>
    <UnitTest name="Lidarr.Plugin.Common.Tests.StreamingTokenManagerTests.GetValidSessionAsync_RefreshesExpiredPersistedSession" storage="i:\arr-plugins\lidarr\lidarr.plugin.common\tests\bin\release\net8.0\lidarr.plugin.common.tests.dll" id="5f49a52c-1c63-34ec-daa2-069e47c73871">
      <Execution id="e4b3643a-7a51-4a60-a213-eb5a9163ffb7" />
      <TestMethod codeBase="I:\Arr-Plugins\Lidarr\lidarr.plugin.common\tests\bin\Release\net8.0\Lidarr.Plugin.Common.Tests.dll" adapterTypeName="executor://xunit/VsTestRunner2/netcoreapp" className="Lidarr.Plugin.Common.Tests.StreamingTokenManagerTests" name="GetValidSessionAsync_RefreshesExpiredPersistedSession" />
    </UnitTest>
    <UnitTest name="Lidarr.Plugin.Common.Tests.HttpSingleflightTests.SendWithResilienceAsync_DeduplicatesIdenticalGets_AndRebuildsResponses" storage="i:\arr-plugins\lidarr\lidarr.plugin.common\tests\bin\release\net8.0\lidarr.plugin.common.tests.dll" id="b584ad6f-5be0-5d37-96ce-14d799d34e43">
      <Execution id="124d2f73-ce2e-4c15-adc3-e9390de9f5c9" />
      <TestMethod codeBase="I:\Arr-Plugins\Lidarr\lidarr.plugin.common\tests\bin\Release\net8.0\Lidarr.Plugin.Common.Tests.dll" adapterTypeName="executor://xunit/VsTestRunner2/netcoreapp" className="Lidarr.Plugin.Common.Tests.HttpSingleflightTests" name="SendWithResilienceAsync_DeduplicatesIdenticalGets_AndRebuildsResponses" />
    </UnitTest>
    <UnitTest name="Lidarr.Plugin.Common.Tests.StreamingHelpersTests.CreateMaskedSettings_MasksSensitiveProperties" storage="i:\arr-plugins\lidarr\lidarr.plugin.common\tests\bin\release\net8.0\lidarr.plugin.common.tests.dll" id="0aee71d9-fef6-ade5-d631-a153a85836c7">
      <Execution id="4964e59a-ea79-4bec-802b-7ca165fe0f20" />
      <TestMethod codeBase="I:\Arr-Plugins\Lidarr\lidarr.plugin.common\tests\bin\Release\net8.0\Lidarr.Plugin.Common.Tests.dll" adapterTypeName="executor://xunit/VsTestRunner2/netcoreapp" className="Lidarr.Plugin.Common.Tests.StreamingHelpersTests" name="CreateMaskedSettings_MasksSensitiveProperties" />
    </UnitTest>
    <UnitTest name="Lidarr.Plugin.Common.Tests.QueryCanonicalizerTests.Canonicalize_IsOrderInsensitive" storage="i:\arr-plugins\lidarr\lidarr.plugin.common\tests\bin\release\net8.0\lidarr.plugin.common.tests.dll" id="35f95267-e98f-2bc0-a900-b91335a167ee">
      <Execution id="3c3d8abf-3e44-4548-9a52-9c407e94d4b2" />
      <TestMethod codeBase="I:\Arr-Plugins\Lidarr\lidarr.plugin.common\tests\bin\Release\net8.0\Lidarr.Plugin.Common.Tests.dll" adapterTypeName="executor://xunit/VsTestRunner2/netcoreapp" className="Lidarr.Plugin.Common.Tests.QueryCanonicalizerTests" name="Canonicalize_IsOrderInsensitive" />
    </UnitTest>
    <UnitTest name="Lidarr.Plugin.Common.Tests.HttpClientExtensionsTests.ContentDecodingSniffer_PeeksOnlyHeaderBytesForPlainContent" storage="i:\arr-plugins\lidarr\lidarr.plugin.common\tests\bin\release\net8.0\lidarr.plugin.common.tests.dll" id="3181563e-7250-e545-7ab2-4b25291ebdfa">
      <Execution id="d3235bcf-5f69-4532-901d-1ae78d6b08fa" />
      <TestMethod codeBase="I:\Arr-Plugins\Lidarr\lidarr.plugin.common\tests\bin\Release\net8.0\Lidarr.Plugin.Common.Tests.dll" adapterTypeName="executor://xunit/VsTestRunner2/netcoreapp" className="Lidarr.Plugin.Common.Tests.HttpClientExtensionsTests" name="ContentDecodingSniffer_PeeksOnlyHeaderBytesForPlainContent" />
    </UnitTest>
    <UnitTest name="Lidarr.Plugin.Common.Tests.ConfigCommandTests.Set_ReturnsErrorForInvalidConversion" storage="i:\arr-plugins\lidarr\lidarr.plugin.common\tests\bin\release\net8.0\lidarr.plugin.common.tests.dll" id="9cb5d1c1-5bdf-6851-7987-d0534a096a9d">
      <Execution id="43bb527e-495a-47e7-a94d-2bea2b2fdd98" />
      <TestMethod codeBase="I:\Arr-Plugins\Lidarr\lidarr.plugin.common\tests\bin\Release\net8.0\Lidarr.Plugin.Common.Tests.dll" adapterTypeName="executor://xunit/VsTestRunner2/netcoreapp" className="Lidarr.Plugin.Common.Tests.ConfigCommandTests" name="Set_ReturnsErrorForInvalidConversion" />
    </UnitTest>
    <UnitTest name="Lidarr.Plugin.Common.Tests.CacheKeyBuilderTests.Build_Varies_By_Method_And_Scope_And_Authority" storage="i:\arr-plugins\lidarr\lidarr.plugin.common\tests\bin\release\net8.0\lidarr.plugin.common.tests.dll" id="5783f364-dedf-2723-77aa-1eb03a3ed7ec">
      <Execution id="fa908cdf-75f6-41c5-9077-42b856dd9dee" />
      <TestMethod codeBase="I:\Arr-Plugins\Lidarr\lidarr.plugin.common\tests\bin\Release\net8.0\Lidarr.Plugin.Common.Tests.dll" adapterTypeName="executor://xunit/VsTestRunner2/netcoreapp" className="Lidarr.Plugin.Common.Tests.CacheKeyBuilderTests" name="Build_Varies_By_Method_And_Scope_And_Authority" />
    </UnitTest>
    <UnitTest name="Lidarr.Plugin.Common.Tests.PluginCapabilityExtensionsTests.ToManifestValues_ProducesStableOrdering" storage="i:\arr-plugins\lidarr\lidarr.plugin.common\tests\bin\release\net8.0\lidarr.plugin.common.tests.dll" id="81e3a001-350c-7f9c-49a3-f3a9a3c159e5">
      <Execution id="2a6e0588-686c-4ba3-9ce7-76cb9718c779" />
      <TestMethod codeBase="I:\Arr-Plugins\Lidarr\lidarr.plugin.common\tests\bin\Release\net8.0\Lidarr.Plugin.Common.Tests.dll" adapterTypeName="executor://xunit/VsTestRunner2/netcoreapp" className="Lidarr.Plugin.Common.Tests.PluginCapabilityExtensionsTests" name="ToManifestValues_ProducesStableOrdering" />
    </UnitTest>
    <UnitTest name="Lidarr.Plugin.Common.Tests.HttpClientExtensionsTests.ExecuteWithResilienceAsync_UpgradesHostGateLimit" storage="i:\arr-plugins\lidarr\lidarr.plugin.common\tests\bin\release\net8.0\lidarr.plugin.common.tests.dll" id="3ce80a54-d606-16af-be97-5d380f19e6d7">
      <Execution id="0f6656b4-ac16-4a31-8494-97a9322a8fe5" />
      <TestMethod codeBase="I:\Arr-Plugins\Lidarr\lidarr.plugin.common\tests\bin\Release\net8.0\Lidarr.Plugin.Common.Tests.dll" adapterTypeName="executor://xunit/VsTestRunner2/netcoreapp" className="Lidarr.Plugin.Common.Tests.HttpClientExtensionsTests" name="ExecuteWithResilienceAsync_UpgradesHostGateLimit" />
    </UnitTest>
    <UnitTest name="Lidarr.Plugin.Common.Tests.ConfigCommandTests.Get_ReturnsFormattedValue" storage="i:\arr-plugins\lidarr\lidarr.plugin.common\tests\bin\release\net8.0\lidarr.plugin.common.tests.dll" id="96d64dc5-fd91-0b23-19a5-a82656cf63d3">
      <Execution id="ae723777-4cb5-40c6-b3b9-d2915794ebd8" />
      <TestMethod codeBase="I:\Arr-Plugins\Lidarr\lidarr.plugin.common\tests\bin\Release\net8.0\Lidarr.Plugin.Common.Tests.dll" adapterTypeName="executor://xunit/VsTestRunner2/netcoreapp" className="Lidarr.Plugin.Common.Tests.ConfigCommandTests" name="Get_ReturnsFormattedValue" />
    </UnitTest>
    <UnitTest name="Lidarr.Plugin.Common.Tests.GenericResilienceExecutorTests.ExecuteWithResilience_StopsOnBudgetExhaustion" storage="i:\arr-plugins\lidarr\lidarr.plugin.common\tests\bin\release\net8.0\lidarr.plugin.common.tests.dll" id="20b954bf-bad8-6be5-947a-90cc1942727b">
      <Execution id="b22c7eea-6c8b-4141-80e6-0f68c77dd1e3" />
      <TestMethod codeBase="I:\Arr-Plugins\Lidarr\lidarr.plugin.common\tests\bin\Release\net8.0\Lidarr.Plugin.Common.Tests.dll" adapterTypeName="executor://xunit/VsTestRunner2/netcoreapp" className="Lidarr.Plugin.Common.Tests.GenericResilienceExecutorTests" name="ExecuteWithResilience_StopsOnBudgetExhaustion" />
    </UnitTest>
    <UnitTest name="Lidarr.Plugin.Common.Tests.ManifestCheckScriptTests.ManifestCheck_ProjectReference_FallsBack_To_CommonVersion_Warns_Man001" storage="i:\arr-plugins\lidarr\lidarr.plugin.common\tests\bin\release\net8.0\lidarr.plugin.common.tests.dll" id="24b8aef8-8388-fef1-ae92-2286f1dfeb64">
      <Execution id="e171a2d4-ff11-4386-b433-f692f19cb85e" />
      <TestMethod codeBase="I:\Arr-Plugins\Lidarr\lidarr.plugin.common\tests\bin\Release\net8.0\Lidarr.Plugin.Common.Tests.dll" adapterTypeName="executor://xunit/VsTestRunner2/netcoreapp" className="Lidarr.Plugin.Common.Tests.ManifestCheckScriptTests" name="ManifestCheck_ProjectReference_FallsBack_To_CommonVersion_Warns_Man001" />
    </UnitTest>
    <UnitTest name="Lidarr.Plugin.Common.Tests.StreamingResponseCacheTests.InvalidateByPrefix_UsesCacheSeedWhenMatching" storage="i:\arr-plugins\lidarr\lidarr.plugin.common\tests\bin\release\net8.0\lidarr.plugin.common.tests.dll" id="6a2ec953-ea7c-5d7f-841d-338e28ec38d9">
      <Execution id="95f307aa-97ae-42b9-a6c5-514f7af1945c" />
      <TestMethod codeBase="I:\Arr-Plugins\Lidarr\lidarr.plugin.common\tests\bin\Release\net8.0\Lidarr.Plugin.Common.Tests.dll" adapterTypeName="executor://xunit/VsTestRunner2/netcoreapp" className="Lidarr.Plugin.Common.Tests.StreamingResponseCacheTests" name="InvalidateByPrefix_UsesCacheSeedWhenMatching" />
    </UnitTest>
    <UnitTest name="Lidarr.Plugin.Common.Tests.CacheKeyBuilderTests.Build_IsStable_GivenSameAuthorityPathQueryAndMethod" storage="i:\arr-plugins\lidarr\lidarr.plugin.common\tests\bin\release\net8.0\lidarr.plugin.common.tests.dll" id="1d68383f-c5fd-e0fe-d2c2-3d1d1e37c203">
      <Execution id="c2b0b9b1-8386-4137-8158-81790d96d994" />
      <TestMethod codeBase="I:\Arr-Plugins\Lidarr\lidarr.plugin.common\tests\bin\Release\net8.0\Lidarr.Plugin.Common.Tests.dll" adapterTypeName="executor://xunit/VsTestRunner2/netcoreapp" className="Lidarr.Plugin.Common.Tests.CacheKeyBuilderTests" name="Build_IsStable_GivenSameAuthorityPathQueryAndMethod" />
    </UnitTest>
    <UnitTest name="Lidarr.Plugin.Common.Tests.StreamingTokenManagerTests.GetValidSessionAsync_UsesPersistedSession_WhenNotExpired" storage="i:\arr-plugins\lidarr\lidarr.plugin.common\tests\bin\release\net8.0\lidarr.plugin.common.tests.dll" id="ebae0d56-ce60-883f-dafa-af2cf6bea658">
      <Execution id="829d0ca3-871c-4ec6-8e30-de9c791939ea" />
      <TestMethod codeBase="I:\Arr-Plugins\Lidarr\lidarr.plugin.common\tests\bin\Release\net8.0\Lidarr.Plugin.Common.Tests.dll" adapterTypeName="executor://xunit/VsTestRunner2/netcoreapp" className="Lidarr.Plugin.Common.Tests.StreamingTokenManagerTests" name="GetValidSessionAsync_UsesPersistedSession_WhenNotExpired" />
    </UnitTest>
    <UnitTest name="Lidarr.Plugin.Common.Tests.HttpClientExtensionsTests.ContentDecodingSniffer_InflatesMislabelledGzip" storage="i:\arr-plugins\lidarr\lidarr.plugin.common\tests\bin\release\net8.0\lidarr.plugin.common.tests.dll" id="0a179786-1ff2-9041-0e48-b2ee1f7a23b3">
      <Execution id="aaa6b329-6e18-47a4-9d0d-ab1e957ea538" />
      <TestMethod codeBase="I:\Arr-Plugins\Lidarr\lidarr.plugin.common\tests\bin\Release\net8.0\Lidarr.Plugin.Common.Tests.dll" adapterTypeName="executor://xunit/VsTestRunner2/netcoreapp" className="Lidarr.Plugin.Common.Tests.HttpClientExtensionsTests" name="ContentDecodingSniffer_InflatesMislabelledGzip" />
    </UnitTest>
    <UnitTest name="Lidarr.Plugin.Common.Tests.HttpClientExtensionsTests.ContentDecodingSniffer_StripsEncodingHeadersAfterInflate" storage="i:\arr-plugins\lidarr\lidarr.plugin.common\tests\bin\release\net8.0\lidarr.plugin.common.tests.dll" id="d0e92191-96a9-83ae-3aa1-cf45b6cf2cca">
      <Execution id="f6557b93-9e0b-4b99-bfdc-2f30c93dc113" />
      <TestMethod codeBase="I:\Arr-Plugins\Lidarr\lidarr.plugin.common\tests\bin\Release\net8.0\Lidarr.Plugin.Common.Tests.dll" adapterTypeName="executor://xunit/VsTestRunner2/netcoreapp" className="Lidarr.Plugin.Common.Tests.HttpClientExtensionsTests" name="ContentDecodingSniffer_StripsEncodingHeadersAfterInflate" />
    </UnitTest>
[...]
      <Execution id="eb084f89-2c14-454d-9e16-f2cac48e4b9b" />
      <TestMethod codeBase="I:\Arr-Plugins\Lidarr\lidarr.plugin.common\tests\bin\Release\net8.0\Lidarr.Plugin.Common.Tests.dll" adapterTypeName="executor://xunit/VsTestRunner2/netcoreapp" className="Lidarr.Plugin.Common.Tests.PluginSandboxTests" name="Gzip_handler_roundtrips_payload" />
    </UnitTest>
    <UnitTest name="Lidarr.Plugin.Common.Tests.SimpleDownloadOrchestratorTests.DownloadTrack_ResumeWithIfRange_ContinuesFromPartial" storage="i:\arr-plugins\lidarr\lidarr.plugin.common\tests\bin\release\net8.0\lidarr.plugin.common.tests.dll" id="33d6f95a-d68a-2305-9563-311446e1d9b4">
      <Execution id="799e409b-397e-4992-83b3-8ef4c06e8363" />
      <TestMethod codeBase="I:\Arr-Plugins\Lidarr\lidarr.plugin.common\tests\bin\Release\net8.0\Lidarr.Plugin.Common.Tests.dll" adapterTypeName="executor://xunit/VsTestRunner2/netcoreapp" className="Lidarr.Plugin.Common.Tests.SimpleDownloadOrchestratorTests" name="DownloadTrack_ResumeWithIfRange_ContinuesFromPartial" />
    </UnitTest>
    <UnitTest name="Lidarr.Plugin.Common.SampleTests.PluginSmokeTests.PluginLoads" storage="i:\arr-plugins\lidarr\lidarr.plugin.common\tests\bin\release\net8.0\lidarr.plugin.common.tests.dll" id="f7826f76-16f0-36c6-9954-4fc37aa3e5de">
      <Execution id="21f4727b-375f-4586-b0ef-e85a74968a45" />
      <TestMethod codeBase="I:\Arr-Plugins\Lidarr\lidarr.plugin.common\tests\bin\Release\net8.0\Lidarr.Plugin.Common.Tests.dll" adapterTypeName="executor://xunit/VsTestRunner2/netcoreapp" className="Lidarr.Plugin.Common.SampleTests.PluginSmokeTests" name="PluginLoads" />
    </UnitTest>
    <UnitTest name="Lidarr.Plugin.Common.Tests.StreamingResponseCacheTests.GenerateCacheKey_IsStableAcrossInstances" storage="i:\arr-plugins\lidarr\lidarr.plugin.common\tests\bin\release\net8.0\lidarr.plugin.common.tests.dll" id="4aa72e1b-1b08-b5dd-b8e3-b059e533fc61">
      <Execution id="81ad3914-6c0a-4953-9199-ab86b799ecac" />
      <TestMethod codeBase="I:\Arr-Plugins\Lidarr\lidarr.plugin.common\tests\bin\Release\net8.0\Lidarr.Plugin.Common.Tests.dll" adapterTypeName="executor://xunit/VsTestRunner2/netcoreapp" className="Lidarr.Plugin.Common.Tests.StreamingResponseCacheTests" name="GenerateCacheKey_IsStableAcrossInstances" />
    </UnitTest>
    <UnitTest name="Lidarr.Plugin.Common.Tests.StreamingResponseCacheTests.Set_EnforcesMaxCacheSizeByEvictingOldest" storage="i:\arr-plugins\lidarr\lidarr.plugin.common\tests\bin\release\net8.0\lidarr.plugin.common.tests.dll" id="fac6af69-bc1c-e8d7-be75-f3b4c57bbc97">
      <Execution id="642f3e1d-1f0e-4766-ae65-c9e94e26a0e2" />
      <TestMethod codeBase="I:\Arr-Plugins\Lidarr\lidarr.plugin.common\tests\bin\Release\net8.0\Lidarr.Plugin.Common.Tests.dll" adapterTypeName="executor://xunit/VsTestRunner2/netcoreapp" className="Lidarr.Plugin.Common.Tests.StreamingResponseCacheTests" name="Set_EnforcesMaxCacheSizeByEvictingOldest" />
    </UnitTest>
  </TestDefinitions>
  <TestEntries>
    <TestEntry testId="8f695c27-bd64-a0df-f0ed-0fac09544eef" executionId="c036471c-7504-475c-9e01-313d6f16090a" testListId="8c84fa94-04c1-424b-9868-57a2d4851a1d" />
    <TestEntry testId="318146f1-2fc9-4eac-cf65-15820253ea16" executionId="72d89165-56c9-45b1-be9e-e827fa853181" testListId="8c84fa94-04c1-424b-9868-57a2d4851a1d" />
    <TestEntry testId="5783f364-dedf-2723-77aa-1eb03a3ed7ec" executionId="fa908cdf-75f6-41c5-9077-42b856dd9dee" testListId="8c84fa94-04c1-424b-9868-57a2d4851a1d" />
    <TestEntry testId="81e3a001-350c-7f9c-49a3-f3a9a3c159e5" executionId="2a6e0588-686c-4ba3-9ce7-76cb9718c779" testListId="8c84fa94-04c1-424b-9868-57a2d4851a1d" />
    <TestEntry testId="20b954bf-bad8-6be5-947a-90cc1942727b" executionId="b22c7eea-6c8b-4141-80e6-0f68c77dd1e3" testListId="8c84fa94-04c1-424b-9868-57a2d4851a1d" />
    <TestEntry testId="97cac643-521d-8033-bde4-fd59c1d868f5" executionId="a475eb3d-cca9-4415-8132-2a2b988542aa" testListId="8c84fa94-04c1-424b-9868-57a2d4851a1d" />
    <TestEntry testId="a35af586-aef0-c652-0ec3-a89afa464906" executionId="0bdfe36a-8852-4fae-8e1d-9eb6503fa10c" testListId="8c84fa94-04c1-424b-9868-57a2d4851a1d" />
    <TestEntry testId="aa40b9c5-f8a4-9b2c-96c6-9fab6567e70c" executionId="aec9c05e-b3a4-4975-8440-0e1f32bc992a" testListId="8c84fa94-04c1-424b-9868-57a2d4851a1d" />
    <TestEntry testId="7c594058-1c6b-7aed-b5d0-47baa3746b31" executionId="437c1a52-9911-4142-8c02-4008c2644220" testListId="8c84fa94-04c1-424b-9868-57a2d4851a1d" />
    <TestEntry testId="08f2346e-3f52-46dc-6637-7f5677e6a813" executionId="979b6c4e-8040-4318-83fb-90b85469992f" testListId="8c84fa94-04c1-424b-9868-57a2d4851a1d" />
    <TestEntry testId="3ce80a54-d606-16af-be97-5d380f19e6d7" executionId="0f6656b4-ac16-4a31-8494-97a9322a8fe5" testListId="8c84fa94-04c1-424b-9868-57a2d4851a1d" />
    <TestEntry testId="d0e92191-96a9-83ae-3aa1-cf45b6cf2cca" executionId="f6557b93-9e0b-4b99-bfdc-2f30c93dc113" testListId="8c84fa94-04c1-424b-9868-57a2d4851a1d" />
    <TestEntry testId="d7a45563-7d4b-b0ad-3581-1d3ce9234f39" executionId="83250318-e6c3-4654-b478-ee581b94822d" testListId="8c84fa94-04c1-424b-9868-57a2d4851a1d" />
    <TestEntry testId="0a265fb3-5ec2-ff7c-37d6-c3c25c4ec6d5" executionId="da45808a-ad31-4cf1-bee2-31a9cf7ee517" testListId="8c84fa94-04c1-424b-9868-57a2d4851a1d" />
    <TestEntry testId="813467a4-8234-e1d0-2600-90dbdea7c6c0" executionId="2adf4120-a78b-4ff4-b2cb-39ad672888a7" testListId="8c84fa94-04c1-424b-9868-57a2d4851a1d" />
    <TestEntry testId="9897bf5e-8469-a101-bfab-c1cab73f125a" executionId="3c8293b0-a835-47d5-9443-20bf9d3dcda4" testListId="8c84fa94-04c1-424b-9868-57a2d4851a1d" />
    <TestEntry testId="895f4b50-a9c2-6e01-5570-fb2dc88a7915" executionId="0ca57743-eb22-4671-8e77-5e81be77655e" testListId="8c84fa94-04c1-424b-9868-57a2d4851a1d" />
    <TestEntry testId="424253ca-6336-ce22-d463-63abddaf4cf5" executionId="e442e294-5210-4e5f-8961-f5c9cacb487e" testListId="8c84fa94-04c1-424b-9868-57a2d4851a1d" />
    <TestEntry testId="efa2aef3-f8ef-8580-5997-6eb0d041661e" executionId="b4153a76-7293-4ec2-a009-0e7df57b4ed1" testListId="8c84fa94-04c1-424b-9868-57a2d4851a1d" />
    <TestEntry testId="0b4284a0-e498-bff8-cfed-60f92103b08b" executionId="48722e92-fd1c-4615-81a2-6c4915468d2d" testListId="8c84fa94-04c1-424b-9868-57a2d4851a1d" />
    <TestEntry testId="fda76aa8-748f-ad01-5e00-9d8d00d928d7" executionId="64cdfc95-13a3-44bf-b7ec-6bc37f46cb5f" testListId="8c84fa94-04c1-424b-9868-57a2d4851a1d" />
    <TestEntry testId="f3ce8b41-41d5-5554-2e0f-4659d3dd76f6" executionId="d12544cf-313d-40b5-a127-0c616cba84db" testListId="8c84fa94-04c1-424b-9868-57a2d4851a1d" />
    <TestEntry testId="8641ead0-bb64-a144-f6bf-86d8b9ee0f9f" executionId="e9ef6704-23b6-4a5c-b57e-8fb91f7e4a2a" testListId="8c84fa94-04c1-424b-9868-57a2d4851a1d" />
    <TestEntry testId="6bc513f6-dcd9-9f7f-a005-a6b31100dc26" executionId="515c6e9f-5641-43c7-9b5c-838b2ea658c2" testListId="8c84fa94-04c1-424b-9868-57a2d4851a1d" />
    <TestEntry testId="6d3d5096-5e16-3323-25a6-a432c44f7c48" executionId="c8e0c854-25f2-4a7a-8732-2f41a35bb241" testListId="8c84fa94-04c1-424b-9868-57a2d4851a1d" />
    <TestEntry testId="25cef1b0-c113-ca9c-09ce-0c61ea5419a0" executionId="29b65e8d-702d-488d-988a-85c82b0bf66c" testListId="8c84fa94-04c1-424b-9868-57a2d4851a1d" />
    <TestEntry testId="3c4132db-d99d-6122-e62b-e7acfec90169" executionId="7c9415cb-7262-4af0-87bf-0e1c7fa41ec1" testListId="8c84fa94-04c1-424b-9868-57a2d4851a1d" />
    <TestEntry testId="be09c575-f695-b90a-9d38-e24005259ecd" executionId="f305fa9b-1c97-47e6-ba3a-1623a2e97d1d" testListId="8c84fa94-04c1-424b-9868-57a2d4851a1d" />
    <TestEntry testId="cfe91f8f-1b21-d042-8d53-a29db4e08875" executionId="c7b20a28-f8f3-4446-a4e1-ef05a214910f" testListId="8c84fa94-04c1-424b-9868-57a2d4851a1d" />
    <TestEntry testId="ebae0d56-ce60-883f-dafa-af2cf6bea658" executionId="829d0ca3-871c-4ec6-8e30-de9c791939ea" testListId="8c84fa94-04c1-424b-9868-57a2d4851a1d" />
    <TestEntry testId="ae5b443e-885a-693b-851f-81e06742e0c6" executionId="ccead05f-09fc-424a-ab8f-0a16f2288e87" testListId="8c84fa94-04c1-424b-9868-57a2d4851a1d" />
    <TestEntry testId="b584ad6f-5be0-5d37-96ce-14d799d34e43" executionId="124d2f73-ce2e-4c15-adc3-e9390de9f5c9" testListId="8c84fa94-04c1-424b-9868-57a2d4851a1d" />
    <TestEntry testId="dd104fc9-7e7a-1bb0-ed0e-cf648314cd38" executionId="1641fd92-bd27-4495-b136-7ca6d8948ada" testListId="8c84fa94-04c1-424b-9868-57a2d4851a1d" />
    <TestEntry testId="d927feee-a65a-7aa9-1941-8546f9852434" executionId="d9b12c6c-7539-465e-bb8c-9bcd4d0f86cb" testListId="8c84fa94-04c1-424b-9868-57a2d4851a1d" />
    <TestEntry testId="263fd0b1-064b-f053-a634-e6bbfa419aaf" executionId="116fb408-9cca-4587-bd6e-09aa14e7f8b9" testListId="8c84fa94-04c1-424b-9868-57a2d4851a1d" />
    <TestEntry testId="24b8aef8-8388-fef1-ae92-2286f1dfeb64" executionId="e171a2d4-ff11-4386-b433-f692f19cb85e" testListId="8c84fa94-04c1-424b-9868-57a2d4851a1d" />
    <TestEntry testId="5b02c011-fbcf-7aef-328a-5057f145a444" executionId="c7fadabb-a11b-4b95-9df2-f8a709c74821" testListId="8c84fa94-04c1-424b-9868-57a2d4851a1d" />
    <TestEntry testId="f7826f76-16f0-36c6-9954-4fc37aa3e5de" executionId="21f4727b-375f-4586-b0ef-e85a74968a45" testListId="8c84fa94-04c1-424b-9868-57a2d4851a1d" />
    <TestEntry testId="17fc5743-5b18-f021-bf3d-623c0eadc761" executionId="ba709175-6019-46dd-8004-58dad83d5abe" testListId="8c84fa94-04c1-424b-9868-57a2d4851a1d" />
    <TestEntry testId="66a87fbe-b3cd-a732-6c63-11de6a650535" executionId="a30173ff-160d-4586-877a-cda6ab4dae28" testListId="8c84fa94-04c1-424b-9868-57a2d4851a1d" />
    <TestEntry testId="eb3e2701-a964-c38f-ed17-317cd0a21941" executionId="6ec35d64-b0a5-4e7f-90d7-f812a4a2ed1a" testListId="8c84fa94-04c1-424b-9868-57a2d4851a1d" />
    <TestEntry testId="33d6f95a-d68a-2305-9563-311446e1d9b4" executionId="799e409b-397e-4992-83b3-8ef4c06e8363" testListId="8c84fa94-04c1-424b-9868-57a2d4851a1d" />
    <TestEntry testId="cbce58cd-fdb8-511c-01f0-2112298fed1b" executionId="f67e50c5-c714-4dae-aa38-3680c98fa5a5" testListId="8c84fa94-04c1-424b-9868-57a2d4851a1d" />
    <TestEntry testId="65de0143-a7a1-1647-bccf-b4b101771d0b" executionId="c6d36340-881a-4ce7-9269-d26605a7737c" testListId="8c84fa94-04c1-424b-9868-57a2d4851a1d" />
    <TestEntry testId="bf3742d9-7734-79dd-6018-60681d8ab7ad" executionId="65f763ae-2e91-4826-a2d3-448c72c9feb8" testListId="8c84fa94-04c1-424b-9868-57a2d4851a1d" />
    <TestEntry testId="cbdd4f0b-de8f-2152-5a63-081d14cc8ca7" executionId="0c2d64d8-f01a-4f0c-9ba9-92caa7b53efa" testListId="8c84fa94-04c1-424b-9868-57a2d4851a1d" />
    <TestEntry testId="e58618b5-63c4-e684-df1e-2b3c2d39e953" executionId="3fd57684-5be9-4fb1-83d1-7fead00423f8" testListId="8c84fa94-04c1-424b-9868-57a2d4851a1d" />
    <TestEntry testId="0aa75f1b-00cb-35ca-837d-48843c3f539b" executionId="cf36d38e-57e5-4840-8a28-8db7a573666b" testListId="8c84fa94-04c1-424b-9868-57a2d4851a1d" />
    <TestEntry testId="559ad64d-b32d-f67a-dfc2-2ca0fdd0251d" executionId="2cb42bf5-5d3e-451f-bffe-2d7d2bfa8f08" testListId="8c84fa94-04c1-424b-9868-57a2d4851a1d" />
    <TestEntry testId="4aa72e1b-1b08-b5dd-b8e3-b059e533fc61" executionId="81ad3914-6c0a-4953-9199-ab86b799ecac" testListId="8c84fa94-04c1-424b-9868-57a2d4851a1d" />
    <TestEntry testId="1ff57294-a7e8-5bf9-5981-96a0da3a8df7" executionId="3f33e5da-4953-4c1d-a98e-fb2287b6ea9a" testListId="8c84fa94-04c1-424b-9868-57a2d4851a1d" />
    <TestEntry testId="96d64dc5-fd91-0b23-19a5-a82656cf63d3" executionId="ae723777-4cb5-40c6-b3b9-d2915794ebd8" testListId="8c84fa94-04c1-424b-9868-57a2d4851a1d" />
    <TestEntry testId="33659825-74de-c0ec-de86-2374784ddc2d" executionId="5c68d4fc-6f6d-4f36-abeb-436f88bbf17e" testListId="8c84fa94-04c1-424b-9868-57a2d4851a1d" />
    <TestEntry testId="ec22b8a7-1d07-fb12-eaf1-32d6dd05d976" executionId="75e0f0cb-d094-491a-b594-541f1636c7b2" testListId="8c84fa94-04c1-424b-9868-57a2d4851a1d" />
    <TestEntry testId="35f95267-e98f-2bc0-a900-b91335a167ee" executionId="3c3d8abf-3e44-4548-9a52-9c407e94d4b2" testListId="8c84fa94-04c1-424b-9868-57a2d4851a1d" />
    <TestEntry testId="be9ab65a-b948-103a-0c32-b4e020e464ce" executionId="eb084f89-2c14-454d-9e16-f2cac48e4b9b" testListId="8c84fa94-04c1-424b-9868-57a2d4851a1d" />
    <TestEntry testId="f06ebf19-2b22-7766-d684-113d32a76807" executionId="310e5470-b185-42ba-8141-57fa907249e5" testListId="8c84fa94-04c1-424b-9868-57a2d4851a1d" />
    <TestEntry testId="69b060a0-c58b-1e67-c641-fd1b4c338f82" executionId="9635aaf5-517d-4bfb-a08a-1dbfacb0908d" testListId="8c84fa94-04c1-424b-9868-57a2d4851a1d" />
    <TestEntry testId="f3e21f12-4a90-0496-9b9d-0022919df46d" executionId="1efe3b73-0397-4ab5-a1de-0f06c1021b8c" testListId="8c84fa94-04c1-424b-9868-57a2d4851a1d" />
    <TestEntry testId="02e681b4-9abc-1098-281a-f40d4482c4dd" executionId="bf5cd9bc-7dce-4f80-a3a8-1fb52fbfc053" testListId="8c84fa94-04c1-424b-9868-57a2d4851a1d" />
    <TestEntry testId="5f49a52c-1c63-34ec-daa2-069e47c73871" executionId="e4b3643a-7a51-4a60-a213-eb5a9163ffb7" testListId="8c84fa94-04c1-424b-9868-57a2d4851a1d" />
    <TestEntry testId="72e96c06-0413-7ade-1602-d62934e8b7dd" executionId="2a82b150-e679-47ed-924b-5b2d377545ff" testListId="8c84fa94-04c1-424b-9868-57a2d4851a1d" />
    <TestEntry testId="3ab4d893-f9b4-a437-77f2-303a56be5f45" executionId="8d160d60-f88e-477b-95aa-0d0078074d72" testListId="8c84fa94-04c1-424b-9868-57a2d4851a1d" />
    <TestEntry testId="d77e2cc6-7a53-7008-23eb-a26b243033d9" executionId="79b32645-8218-4f67-854d-ad1f479a0cd4" testListId="8c84fa94-04c1-424b-9868-57a2d4851a1d" />
    <TestEntry testId="fac6af69-bc1c-e8d7-be75-f3b4c57bbc97" executionId="642f3e1d-1f0e-4766-ae65-c9e94e26a0e2" testListId="8c84fa94-04c1-424b-9868-57a2d4851a1d" />
    <TestEntry testId="c7ef7fe9-2760-ebfe-1a68-cac42d0cf6b5" executionId="3dcccc89-75d4-48c6-8908-99ac5699f05f" testListId="8c84fa94-04c1-424b-9868-57a2d4851a1d" />
    <TestEntry testId="1ebce3b1-b3fd-0bfa-6c9b-4e5e74dce980" executionId="d268e28b-385c-4a3b-b8b5-9896923c35b1" testListId="8c84fa94-04c1-424b-9868-57a2d4851a1d" />
    <TestEntry testId="3181563e-7250-e545-7ab2-4b25291ebdfa" executionId="d3235bcf-5f69-4532-901d-1ae78d6b08fa" testListId="8c84fa94-04c1-424b-9868-57a2d4851a1d" />
    <TestEntry testId="b451fa2a-b1c1-4cea-cccb-cee0b382f863" executionId="33cff0db-1e4c-4c15-8a02-94daf1de6668" testListId="8c84fa94-04c1-424b-9868-57a2d4851a1d" />
    <TestEntry testId="ef4c7e93-6a96-6147-d80a-d31f2138abf5" executionId="01dec36d-48fb-4651-95e7-6492f0084cbd" testListId="8c84fa94-04c1-424b-9868-57a2d4851a1d" />
    <TestEntry testId="9cb5d1c1-5bdf-6851-7987-d0534a096a9d" executionId="43bb527e-495a-47e7-a94d-2bea2b2fdd98" testListId="8c84fa94-04c1-424b-9868-57a2d4851a1d" />
    <TestEntry testId="94b0a70f-040e-9029-ad58-a0fbeff77251" executionId="3a08fc83-be91-4058-ad13-bc2bf1b1f9b4" testListId="8c84fa94-04c1-424b-9868-57a2d4851a1d" />
    <TestEntry testId="1d68383f-c5fd-e0fe-d2c2-3d1d1e37c203" executionId="c2b0b9b1-8386-4137-8158-81790d96d994" testListId="8c84fa94-04c1-424b-9868-57a2d4851a1d" />
    <TestEntry testId="943da04c-84b4-67f6-1c9d-e7e8943651f9" executionId="92a1a4a2-899b-4e9b-83e3-47c8c84273ca" testListId="8c84fa94-04c1-424b-9868-57a2d4851a1d" />
    <TestEntry testId="ae1f59e8-5bbc-8353-41aa-750318a85794" executionId="48fdb1c1-5cef-4a1e-b5bf-dbfc6fa838f1" testListId="8c84fa94-04c1-424b-9868-57a2d4851a1d" />
    <TestEntry testId="6a2ec953-ea7c-5d7f-841d-338e28ec38d9" executionId="95f307aa-97ae-42b9-a6c5-514f7af1945c" testListId="8c84fa94-04c1-424b-9868-57a2d4851a1d" />
    <TestEntry testId="b720d816-36d8-6ba9-4007-35c905a4e476" executionId="b131584d-7012-479c-bfab-32ac779fa394" testListId="8c84fa94-04c1-424b-9868-57a2d4851a1d" />
    <TestEntry testId="0aee71d9-fef6-ade5-d631-a153a85836c7" executionId="4964e59a-ea79-4bec-802b-7ca165fe0f20" testListId="8c84fa94-04c1-424b-9868-57a2d4851a1d" />
    <TestEntry testId="be746a8a-d188-d8f9-2964-4e716974f275" executionId="12228ced-60a0-4d62-8511-96ae2aacb983" testListId="8c84fa94-04c1-424b-9868-57a2d4851a1d" />
    <TestEntry testId="c66947bc-24ce-b038-bfe3-85e3bfce01ee" executionId="753cf0d3-8a17-4f11-8354-859b6d0a3840" testListId="8c84fa94-04c1-424b-9868-57a2d4851a1d" />
    <TestEntry testId="43f9b770-9816-95e8-c866-029e634b5380" executionId="56233684-edeb-4188-895a-21915cf31e4c" testListId="8c84fa94-04c1-424b-9868-57a2d4851a1d" />
    <TestEntry testId="2aaa9232-88cd-42de-2645-a54625fe7c0b" executionId="d78c1b9f-4c24-4878-9782-a7269bf46b72" testListId="8c84fa94-04c1-424b-9868-57a2d4851a1d" />
    <TestEntry testId="0a179786-1ff2-9041-0e48-b2ee1f7a23b3" executionId="aaa6b329-6e18-47a4-9d0d-ab1e957ea538" testListId="8c84fa94-04c1-424b-9868-57a2d4851a1d" />
    <TestEntry testId="b6981272-e55a-8d0d-e141-4a900502db24" executionId="15eac54a-33f4-4ae4-be09-5bc3c287a7f9" testListId="8c84fa94-04c1-424b-9868-57a2d4851a1d" />
  </TestEntries>
  <TestLists>
    <TestList name="Results Not in a List" id="8c84fa94-04c1-424b-9868-57a2d4851a1d" />
    <TestList name="All Loaded Results" id="19431567-8539-422a-85d7-44ee4e166bda" />
  </TestLists>
  <ResultSummary outcome="Completed">
    <Counters total="84" executed="83" passed="83" failed="0" error="0" timeout="0" aborted="0" inconclusive="0" passedButRunAborted="0" notRunnable="0" notExecuted="0" disconnected="0" warning="0" completed="0" inProgress="0" pending="0" />
    <Output>
      <StdOut>[xUnit.net 00:00:00.00] xUnit.net VSTest Adapter v2.8.2+699d445a1a (64-bit .NET 8.0.20)&#xD;
[xUnit.net 00:00:00.10]   Discovering: Lidarr.Plugin.Common.Tests&#xD;
[xUnit.net 00:00:00.16]   Discovered:  Lidarr.Plugin.Common.Tests&#xD;
[xUnit.net 00:00:00.16]   Starting:    Lidarr.Plugin.Common.Tests&#xD;
[xUnit.net 00:00:00.26]       Sample template; remove Skip once the plugin publishes binaries for tests.&#xD;
Test 'Lidarr.Plugin.Common.SampleTests.PluginSmokeTests.PluginLoads' was skipped in the test run.&#xD;
warn: TestDownloadClient[0]&#xD;
      Failed to apply metadata to C:\Users\alex\AppData\Local\Temp\metadata_missing_2fe7aca2ef6b4d8594991cb0b62c6a23.bin&#xD;
      TagLib.UnsupportedFormatException: C:\Users\alex\AppData\Local\Temp\metadata_missing_2fe7aca2ef6b4d8594991cb0b62c6a23.bin (taglib/bin)&#xD;
         at TagLib.File.Create(IFileAbstraction abstraction, String mimetype, ReadStyle propertiesStyle)&#xD;
         at TagLib.File.Create(String path, String mimetype, ReadStyle propertiesStyle)&#xD;
         at TagLib.File.Create(String path)&#xD;
         at Lidarr.Plugin.Common.Services.Metadata.TagLibAudioMetadataApplier.&lt;&gt;c__DisplayClass0_0.&lt;ApplyAsync&gt;b__0() in /_/src/Services/Metadata/TagLibAudioMetadataApplier.cs:line 22&#xD;
         at System.Threading.ExecutionContext.RunFromThreadPoolDispatchLoop(Thread threadPoolThread, ExecutionContext executionContext, ContextCallback callback, Object state)&#xD;
      --- End of stack trace from previous location ---&#xD;
         at System.Threading.ExecutionContext.RunFromThreadPoolDispatchLoop(Thread threadPoolThread, ExecutionContext executionContext, ContextCallback callback, Object state)&#xD;
         at System.Threading.Tasks.Task.ExecuteWithThreadLocal(Task&amp; currentTaskSlot, Thread threadPoolThread)&#xD;
      --- End of stack trace from previous location ---&#xD;
         at Lidarr.Plugin.Common.Base.BaseStreamingDownloadClient`1.ApplyMetadataTagsAsync(String filePath, StreamingTrack metadata) in /_/src/Base/BaseStreamingDownloadClient.cs:line 645&#xD;
[xUnit.net 00:00:05.03]   Finished:    Lidarr.Plugin.Common.Tests&#xD;
</StdOut>
    </Output>
    <RunInfos>
      <RunInfo computerName="ALEX-PC" outcome="Warning" timestamp="2025-10-06T11:32:26.4475901-04:00">
        <Text>[xUnit.net 00:00:00.26]     Lidarr.Plugin.Common.SampleTests.PluginSmokeTests.PluginLoads [SKIP]</Text>
      </RunInfo>
    </RunInfos>
  </ResultSummary>
</TestRun>