<?xml version="1.0" encoding="utf-8"?>
<TestRun id="5b1fda4d-94af-4203-9390-90135de2798c" name="alex@ALEX-PC 2025-10-06 10:39:55" runUser="ALEX-PC\alex" xmlns="http://microsoft.com/schemas/VisualStudio/TeamTest/2010">
  <Times creation="2025-10-06T10:39:55.7470405-04:00" queuing="2025-10-06T10:39:55.7470412-04:00" start="2025-10-06T10:39:54.3114493-04:00" finish="2025-10-06T10:40:00.0761842-04:00" />
  <TestSettings name="default" id="71709db4-4333-438b-aa55-5b6a9c6c6d75">
    <Deployment runDeploymentRoot="alex_ALEX-PC_2025-10-06_10_39_55" />
  </TestSettings>
  <Results>
    <UnitTestResult executionId="10c05e4f-4b9e-428a-8855-d91fcc4766e9" testId="3ab4d893-f9b4-a437-77f2-303a56be5f45" testName="Lidarr.Plugin.Common.Tests.PluginSandboxTests.Plugin_assertions_detect_success" computerName="ALEX-PC" duration="00:00:00.0005120" startTime="2025-10-06T10:39:58.1704545-04:00" endTime="2025-10-06T10:39:58.1704546-04:00" testType="13cdc9d9-ddb5-4fa4-a97d-d965ccfc6d4b" outcome="Passed" testListId="8c84fa94-04c1-424b-9868-57a2d4851a1d" relativeResultsDirectory="10c05e4f-4b9e-428a-8855-d91fcc4766e9" />
    <UnitTestResult executionId="1f4cb629-b0d5-4fa9-8f9b-bcb59cdf8278" testId="0a265fb3-5ec2-ff7c-37d6-c3c25c4ec6d5" testName="Lidarr.Plugin.Common.Tests.StreamingResponseCacheTests.ClearEndpoint_RemovesEntriesForEndpoint" computerName="ALEX-PC" duration="00:00:00.0261005" startTime="2025-10-06T10:39:55.7261704-04:00" endTime="2025-10-06T10:39:55.7261705-04:00" testType="13cdc9d9-ddb5-4fa4-a97d-d965ccfc6d4b" outcome="Passed" testListId="8c84fa94-04c1-424b-9868-57a2d4851a1d" relativeResultsDirectory="1f4cb629-b0d5-4fa9-8f9b-bcb59cdf8278" />
    <UnitTestResult executionId="473c5208-20a1-4c09-94d5-e052b42f211d" testId="d0e92191-96a9-83ae-3aa1-cf45b6cf2cca" testName="Lidarr.Plugin.Common.Tests.HttpClientExtensionsTests.ContentDecodingSniffer_StripsEncodingHeadersAfterInflate" computerName="ALEX-PC" duration="00:00:00.0061550" startTime="2025-10-06T10:39:55.8601609-04:00" endTime="2025-10-06T10:39:55.8601614-04:00" testType="13cdc9d9-ddb5-4fa4-a97d-d965ccfc6d4b" outcome="Passed" testListId="8c84fa94-04c1-424b-9868-57a2d4851a1d" relativeResultsDirectory="473c5208-20a1-4c09-94d5-e052b42f211d" />
    <UnitTestResult executionId="010c6b21-87fc-455a-9c3e-d05f7c64ae15" testId="1d68383f-c5fd-e0fe-d2c2-3d1d1e37c203" testName="Lidarr.Plugin.Common.Tests.CacheKeyBuilderTests.Build_IsStable_GivenSameAuthorityPathQueryAndMethod" computerName="ALEX-PC" duration="00:00:00.0006295" startTime="2025-10-06T10:39:55.7235751-04:00" endTime="2025-10-06T10:39:55.7235751-04:00" testType="13cdc9d9-ddb5-4fa4-a97d-d965ccfc6d4b" outcome="Passed" testListId="8c84fa94-04c1-424b-9868-57a2d4851a1d" relativeResultsDirectory="010c6b21-87fc-455a-9c3e-d05f7c64ae15" />
    <UnitTestResult executionId="e1f4b1d4-55cc-4537-8b9c-1b1a3b09cb4f" testId="8641ead0-bb64-a144-f6bf-86d8b9ee0f9f" testName="Lidarr.Plugin.Common.Tests.PluginIsolationTests.Loads_plugins_with_side_by_side_common_versions" computerName="ALEX-PC" duration="00:00:00.7519283" startTime="2025-10-06T10:39:59.4439364-04:00" endTime="2025-10-06T10:39:59.4439379-04:00" testType="13cdc9d9-ddb5-4fa4-a97d-d965ccfc6d4b" outcome="Passed" testListId="8c84fa94-04c1-424b-9868-57a2d4851a1d" relativeResultsDirectory="e1f4b1d4-55cc-4537-8b9c-1b1a3b09cb4f" />
    <UnitTestResult executionId="76cacb7d-20a2-4b9b-81dc-ec78b3fc5652" testId="65de0143-a7a1-1647-bccf-b4b101771d0b" testName="Lidarr.Plugin.Common.Tests.StreamingTokenManagerTests.RefreshSessionAsync_PersistsEnvelope" computerName="ALEX-PC" duration="00:00:00.0339171" startTime="2025-10-06T10:39:55.7270827-04:00" endTime="2025-10-06T10:39:55.7270828-04:00" testType="13cdc9d9-ddb5-4fa4-a97d-d965ccfc6d4b" outcome="Passed" testListId="8c84fa94-04c1-424b-9868-57a2d4851a1d" relativeResultsDirectory="76cacb7d-20a2-4b9b-81dc-ec78b3fc5652" />
    <UnitTestResult executionId="d3b01f18-a1c7-40b9-a031-04133eda1780" testId="a35af586-aef0-c652-0ec3-a89afa464906" testName="Lidarr.Plugin.Common.Tests.ConfigCommandTests.Set_UpdatesSettingAndPersists" computerName="ALEX-PC" duration="00:00:00.0018632" startTime="2025-10-06T10:39:55.7673967-04:00" endTime="2025-10-06T10:39:55.7673973-04:00" testType="13cdc9d9-ddb5-4fa4-a97d-d965ccfc6d4b" outcome="Passed" testListId="8c84fa94-04c1-424b-9868-57a2d4851a1d" relativeResultsDirectory="d3b01f18-a1c7-40b9-a031-04133eda1780" />
    <UnitTestResult executionId="abeae6ef-0408-429a-a4f8-66ef793434b9" testId="4aa72e1b-1b08-b5dd-b8e3-b059e533fc61" testName="Lidarr.Plugin.Common.Tests.StreamingResponseCacheTests.GenerateCacheKey_IsStableAcrossInstances" computerName="ALEX-PC" duration="00:00:00.0002369" startTime="2025-10-06T10:39:55.7435652-04:00" endTime="2025-10-06T10:39:55.7435654-04:00" testType="13cdc9d9-ddb5-4fa4-a97d-d965ccfc6d4b" outcome="Passed" testListId="8c84fa94-04c1-424b-9868-57a2d4851a1d" relativeResultsDirectory="abeae6ef-0408-429a-a4f8-66ef793434b9" />
    <UnitTestResult executionId="4d9792b6-27c8-405f-9281-61318a8d3500" testId="2aaa9232-88cd-42de-2645-a54625fe7c0b" testName="Lidarr.Plugin.Common.Tests.PluginManifestTests.FromJson_throws_when_version_invalid" computerName="ALEX-PC" duration="00:00:00.0492454" startTime="2025-10-06T10:39:55.7453327-04:00" endTime="2025-10-06T10:39:55.7453330-04:00" testType="13cdc9d9-ddb5-4fa4-a97d-d965ccfc6d4b" outcome="Passed" testListId="8c84fa94-04c1-424b-9868-57a2d4851a1d" relativeResultsDirectory="4d9792b6-27c8-405f-9281-61318a8d3500" />
    <UnitTestResult executionId="d869ab4b-2532-459a-8bbc-bd4a792b7c55" testId="96d64dc5-fd91-0b23-19a5-a82656cf63d3" testName="Lidarr.Plugin.Common.Tests.ConfigCommandTests.Get_ReturnsFormattedValue" computerName="ALEX-PC" duration="00:00:00.0011094" startTime="2025-10-06T10:39:55.7614474-04:00" endTime="2025-10-06T10:39:55.7614476-04:00" testType="13cdc9d9-ddb5-4fa4-a97d-d965ccfc6d4b" outcome="Passed" testListId="8c84fa94-04c1-424b-9868-57a2d4851a1d" relativeResultsDirectory="d869ab4b-2532-459a-8bbc-bd4a792b7c55" />
    <UnitTestResult executionId="c474dec3-009c-4114-95b5-139ff5d75289" testId="0aee71d9-fef6-ade5-d631-a153a85836c7" testName="Lidarr.Plugin.Common.Tests.StreamingHelpersTests.CreateMaskedSettings_MasksSensitiveProperties" computerName="ALEX-PC" duration="00:00:00.0132596" startTime="2025-10-06T10:39:55.7063220-04:00" endTime="2025-10-06T10:39:55.7063220-04:00" testType="13cdc9d9-ddb5-4fa4-a97d-d965ccfc6d4b" outcome="Passed" testListId="8c84fa94-04c1-424b-9868-57a2d4851a1d" relativeResultsDirectory="c474dec3-009c-4114-95b5-139ff5d75289" />
    <UnitTestResult executionId="0c0cb2b3-ac84-4a0b-8dba-c149bf32a0a5" testId="f7826f76-16f0-36c6-9954-4fc37aa3e5de" testName="Lidarr.Plugin.Common.SampleTests.PluginSmokeTests.PluginLoads" computerName="ALEX-PC" duration="00:00:00.0010000" startTime="2025-10-06T10:39:55.6954413-04:00" endTime="2025-10-06T10:39:55.6954828-04:00" testType="13cdc9d9-ddb5-4fa4-a97d-d965ccfc6d4b" outcome="NotExecuted" testListId="8c84fa94-04c1-424b-9868-57a2d4851a1d" relativeResultsDirectory="0c0cb2b3-ac84-4a0b-8dba-c149bf32a0a5">
      <Output>
        <ErrorInfo>
          <Message>Sample template; remove Skip once the plugin publishes binaries for tests.</Message>
        </ErrorInfo>
      </Output>
    </UnitTestResult>
    <UnitTestResult executionId="cd0082a7-b77a-4fb2-9ccf-b5fe446e6018" testId="6bc513f6-dcd9-9f7f-a005-a6b31100dc26" testName="Lidarr.Plugin.Common.Tests.ConfigCommandTests.Set_ReturnsWarningForUnknownSetting" computerName="ALEX-PC" duration="00:00:00.0037416" startTime="2025-10-06T10:39:55.7657685-04:00" endTime="2025-10-06T10:39:55.7657687-04:00" testType="13cdc9d9-ddb5-4fa4-a97d-d965ccfc6d4b" outcome="Passed" testListId="8c84fa94-04c1-424b-9868-57a2d4851a1d" relativeResultsDirectory="cd0082a7-b77a-4fb2-9ccf-b5fe446e6018" />
    <UnitTestResult executionId="9cfa0792-dad7-4f16-8b5e-55867a1b2286" testId="eb3e2701-a964-c38f-ed17-317cd0a21941" testName="Lidarr.Plugin.Common.Tests.ManifestCheckScriptTests.ManifestCheck_Handles_DefaultNamespace_Project" computerName="ALEX-PC" duration="00:00:00.7998423" startTime="2025-10-06T10:39:57.3562876-04:00" endTime="2025-10-06T10:39:57.3562886-04:00" testType="13cdc9d9-ddb5-4fa4-a97d-d965ccfc6d4b" outcome="Passed" testListId="8c84fa94-04c1-424b-9868-57a2d4851a1d" relativeResultsDirectory="9cfa0792-dad7-4f16-8b5e-55867a1b2286" />
    <UnitTestResult executionId="86d04459-10eb-4d58-97bb-a67b5ebcc572" testId="0a179786-1ff2-9041-0e48-b2ee1f7a23b3" testName="Lidarr.Plugin.Common.Tests.HttpClientExtensionsTests.ContentDecodingSniffer_InflatesMislabelledGzip" computerName="ALEX-PC" duration="00:00:00.0311866" startTime="2025-10-06T10:39:55.7262626-04:00" endTime="2025-10-06T10:39:55.7262626-04:00" testType="13cdc9d9-ddb5-4fa4-a97d-d965ccfc6d4b" outcome="Passed" testListId="8c84fa94-04c1-424b-9868-57a2d4851a1d" relativeResultsDirectory="86d04459-10eb-4d58-97bb-a67b5ebcc572" />
    <UnitTestResult executionId="ae685705-c587-4eb0-a7b6-c9cc1b7f1eae" testId="ebae0d56-ce60-883f-dafa-af2cf6bea658" testName="Lidarr.Plugin.Common.Tests.StreamingTokenManagerTests.GetValidSessionAsync_UsesPersistedSession_WhenNotExpired" computerName="ALEX-PC" duration="00:00:00.0027925" startTime="2025-10-06T10:39:55.7271509-04:00" endTime="2025-10-06T10:39:55.7271510-04:00" testType="13cdc9d9-ddb5-4fa4-a97d-d965ccfc6d4b" outcome="Passed" testListId="8c84fa94-04c1-424b-9868-57a2d4851a1d" relativeResultsDirectory="ae685705-c587-4eb0-a7b6-c9cc1b7f1eae" />
    <UnitTestResult executionId="7d53ab91-c35c-44ba-8eef-56c17dae73b0" testId="66a87fbe-b3cd-a732-6c63-11de6a650535" testName="Lidarr.Plugin.Common.Tests.QueryCanonicalizerTests.Canonicalize_OrdersKeysAndValues_AndEncodes" computerName="ALEX-PC" duration="00:00:00.0032537" startTime="2025-10-06T10:39:55.7239659-04:00" endTime="2025-10-06T10:39:55.7239660-04:00" testType="13cdc9d9-ddb5-4fa4-a97d-d965ccfc6d4b" outcome="Passed" testListId="8c84fa94-04c1-424b-9868-57a2d4851a1d" relativeResultsDirectory="7d53ab91-c35c-44ba-8eef-56c17dae73b0" />
    <UnitTestResult executionId="a48b5ba2-056c-4d00-b75c-4d9ed47f2116" testId="c7ef7fe9-2760-ebfe-1a68-cac42d0cf6b5" testName="Lidarr.Plugin.Common.Tests.PluginManifestTests.FromJson_throws_when_api_version_invalid" computerName="ALEX-PC" duration="00:00:00.0002739" startTime="2025-10-06T10:39:55.7461121-04:00" endTime="2025-10-06T10:39:55.7461124-04:00" testType="13cdc9d9-ddb5-4fa4-a97d-d965ccfc6d4b" outcome="Passed" testListId="8c84fa94-04c1-424b-9868-57a2d4851a1d" relativeResultsDirectory="a48b5ba2-056c-4d00-b75c-4d9ed47f2116" />
    <UnitTestResult executionId="3349b75c-18f8-47fb-93ef-72b5342cf82e" testId="be746a8a-d188-d8f9-2964-4e716974f275" testName="Lidarr.Plugin.Common.Tests.PluginLoaderEdgeTests.LoadAsync_throws_when_manifest_missing" computerName="ALEX-PC" duration="00:00:00.4110388" startTime="2025-10-06T10:39:58.8897616-04:00" endTime="2025-10-06T10:39:58.8897626-04:00" testType="13cdc9d9-ddb5-4fa4-a97d-d965ccfc6d4b" outcome="Passed" testListId="8c84fa94-04c1-424b-9868-57a2d4851a1d" relativeResultsDirectory="3349b75c-18f8-47fb-93ef-72b5342cf82e" />
    <UnitTestResult executionId="58b1842b-252d-4bad-a6d6-c91ea59282d0" testId="d927feee-a65a-7aa9-1941-8546f9852434" testName="Lidarr.Plugin.Common.Tests.PluginOperationResultTests.Failure_Result_ExposesError" computerName="ALEX-PC" duration="00:00:00.0009794" startTime="2025-10-06T10:39:55.7236374-04:00" endTime="2025-10-06T10:39:55.7236375-04:00" testType="13cdc9d9-ddb5-4fa4-a97d-d965ccfc6d4b" outcome="Passed" testListId="8c84fa94-04c1-424b-9868-57a2d4851a1d" relativeResultsDirectory="58b1842b-252d-4bad-a6d6-c91ea59282d0" />
    <UnitTestResult executionId="ddb0d7e1-3e35-4e86-b959-dd5904b21ee2" testId="5f49a52c-1c63-34ec-daa2-069e47c73871" testName="Lidarr.Plugin.Common.Tests.StreamingTokenManagerTests.GetValidSessionAsync_RefreshesExpiredPersistedSession" computerName="ALEX-PC" duration="00:00:00.0009997" startTime="2025-10-06T10:39:55.7274317-04:00" endTime="2025-10-06T10:39:55.7274318-04:00" testType="13cdc9d9-ddb5-4fa4-a97d-d965ccfc6d4b" outcome="Passed" testListId="8c84fa94-04c1-424b-9868-57a2d4851a1d" relativeResultsDirectory="ddb0d7e1-3e35-4e86-b959-dd5904b21ee2" />
    <UnitTestResult executionId="d52a0f4a-ad43-4b6a-b9f2-768e4f9892d7" testId="5783f364-dedf-2723-77aa-1eb03a3ed7ec" testName="Lidarr.Plugin.Common.Tests.CacheKeyBuilderTests.Build_Varies_By_Method_And_Scope_And_Authority" computerName="ALEX-PC" duration="00:00:00.0156826" startTime="2025-10-06T10:39:55.7233133-04:00" endTime="2025-10-06T10:39:55.7233140-04:00" testType="13cdc9d9-ddb5-4fa4-a97d-d965ccfc6d4b" outcome="Passed" testListId="8c84fa94-04c1-424b-9868-57a2d4851a1d" relativeResultsDirectory="d52a0f4a-ad43-4b6a-b9f2-768e4f9892d7" />
    <UnitTestResult executionId="f13425a8-f014-4cec-8970-7e31e5046285" testId="94b0a70f-040e-9029-ad58-a0fbeff77251" testName="Lidarr.Plugin.Common.Tests.GenericResilienceExecutorTests.ExecuteWithResilience_UpgradesHostGateWhenConcurrencyIncreases" computerName="ALEX-PC" duration="00:00:00.3037653" startTime="2025-10-06T10:39:56.0089287-04:00" endTime="2025-10-06T10:39:56.0089292-04:00" testType="13cdc9d9-ddb5-4fa4-a97d-d965ccfc6d4b" outcome="Passed" testListId="8c84fa94-04c1-424b-9868-57a2d4851a1d" relativeResultsDirectory="f13425a8-f014-4cec-8970-7e31e5046285" />
    <UnitTestResult executionId="687470ef-d33a-4d92-a57a-14a40c1b6ac5" testId="dd104fc9-7e7a-1bb0-ed0e-cf648314cd38" testName="Lidarr.Plugin.Common.Tests.HttpClientExtensionsTests.GetJsonAsync_AllowsProblemJsonContentType" computerName="ALEX-PC" duration="00:00:00.0024345" startTime="2025-10-06T10:39:55.8662809-04:00" endTime="2025-10-06T10:39:55.8662810-04:00" testType="13cdc9d9-ddb5-4fa4-a97d-d965ccfc6d4b" outcome="Passed" testListId="8c84fa94-04c1-424b-9868-57a2d4851a1d" relativeResultsDirectory="687470ef-d33a-4d92-a57a-14a40c1b6ac5" />
    <UnitTestResult executionId="715ff650-d266-4a8f-bf78-dcaefeeba2b7" testId="0b4284a0-e498-bff8-cfed-60f92103b08b" testName="Lidarr.Plugin.Common.Tests.HttpClientExtensionsTests.SendWithResilienceAsync_HonorsBuilderPolicy_WhenPresent" computerName="ALEX-PC" duration="00:00:00.0682744" startTime="2025-10-06T10:39:55.7807520-04:00" endTime="2025-10-06T10:39:55.7807522-04:00" testType="13cdc9d9-ddb5-4fa4-a97d-d965ccfc6d4b" outcome="Passed" testListId="8c84fa94-04c1-424b-9868-57a2d4851a1d" relativeResultsDirectory="715ff650-d266-4a8f-bf78-dcaefeeba2b7" />
    <UnitTestResult executionId="fc0e1b62-19d8-4d11-a2e2-8a38e23c771a" testId="b720d816-36d8-6ba9-4007-35c905a4e476" testName="Lidarr.Plugin.Common.Tests.ConfigCommandTests.Get_MasksSensitiveValues" computerName="ALEX-PC" duration="00:00:00.0039806" startTime="2025-10-06T10:39:55.7601769-04:00" endTime="2025-10-06T10:39:55.7601772-04:00" testType="13cdc9d9-ddb5-4fa4-a97d-d965ccfc6d4b" outcome="Passed" testListId="8c84fa94-04c1-424b-9868-57a2d4851a1d" relativeResultsDirectory="fc0e1b62-19d8-4d11-a2e2-8a38e23c771a" />
    <UnitTestResult executionId="5bda7719-b560-4d49-b40b-490b80069b50" testId="ae5b443e-885a-693b-851f-81e06742e0c6" testName="Lidarr.Plugin.Common.Tests.PluginIsolationTests.Rejects_incompatible_api_version" computerName="ALEX-PC" duration="00:00:00.3650037" startTime="2025-10-06T10:39:58.6917354-04:00" endTime="2025-10-06T10:39:58.6917360-04:00" testType="13cdc9d9-ddb5-4fa4-a97d-d965ccfc6d4b" outcome="Passed" testListId="8c84fa94-04c1-424b-9868-57a2d4851a1d" relativeResultsDirectory="5bda7719-b560-4d49-b40b-490b80069b50" />
    <UnitTestResult executionId="774ba548-96d1-4069-9575-855293f8652d" testId="43f9b770-9816-95e8-c866-029e634b5380" testName="Lidarr.Plugin.Common.Tests.PluginOperationResultTests.NonGenericFailure_ThrowsOnEnsure" computerName="ALEX-PC" duration="00:00:00.0134442" startTime="2025-10-06T10:39:55.7060955-04:00" endTime="2025-10-06T10:39:55.7060959-04:00" testType="13cdc9d9-ddb5-4fa4-a97d-d965ccfc6d4b" outcome="Passed" testListId="8c84fa94-04c1-424b-9868-57a2d4851a1d" relativeResultsDirectory="774ba548-96d1-4069-9575-855293f8652d" />
    <UnitTestResult executionId="b05ce5b6-22f6-4e34-9c1a-4b735fc9c02e" testId="ae1f59e8-5bbc-8353-41aa-750318a85794" testName="Lidarr.Plugin.Common.Tests.RequestDeduplicatorCoalesceTests.GetOrCreateAsync_CoalescesConcurrentFactories" computerName="ALEX-PC" duration="00:00:00.0910403" startTime="2025-10-06T10:39:55.7729923-04:00" endTime="2025-10-06T10:39:55.7729927-04:00" testType="13cdc9d9-ddb5-4fa4-a97d-d965ccfc6d4b" outcome="Passed" testListId="8c84fa94-04c1-424b-9868-57a2d4851a1d" relativeResultsDirectory="b05ce5b6-22f6-4e34-9c1a-4b735fc9c02e" />
    <UnitTestResult executionId="c45d4d5a-e972-44c7-84b1-ca38e388ffe7" testId="fda76aa8-748f-ad01-5e00-9d8d00d928d7" testName="Lidarr.Plugin.Common.Tests.GenericResilienceExecutorTests.ExecuteWithResilience_ThrowsTimeoutExceptionWhenPerRequestTimeoutExceeded" computerName="ALEX-PC" duration="00:00:00.0638681" startTime="2025-10-06T10:39:56.0741491-04:00" endTime="2025-10-06T10:39:56.0741497-04:00" testType="13cdc9d9-ddb5-4fa4-a97d-d965ccfc6d4b" outcome="Passed" testListId="8c84fa94-04c1-424b-9868-57a2d4851a1d" relativeResultsDirectory="c45d4d5a-e972-44c7-84b1-ca38e388ffe7" />
    <UnitTestResult executionId="6807a2b1-370d-4e98-b9e4-593f02936336" testId="e58618b5-63c4-e684-df1e-2b3c2d39e953" testName="Lidarr.Plugin.Common.Tests.RequestDeduplicatorTests.Dispose_CancelsPendingRequests" computerName="ALEX-PC" duration="00:00:00.0467632" startTime="2025-10-06T10:39:55.7315062-04:00" endTime="2025-10-06T10:39:55.7315065-04:00" testType="13cdc9d9-ddb5-4fa4-a97d-d965ccfc6d4b" outcome="Passed" testListId="8c84fa94-04c1-424b-9868-57a2d4851a1d" relativeResultsDirectory="6807a2b1-370d-4e98-b9e4-593f02936336" />
    <UnitTestResult executionId="6bf5decc-88ca-45d0-97e1-f884b959d600" testId="cbce58cd-fdb8-511c-01f0-2112298fed1b" testName="Lidarr.Plugin.Common.Tests.GenericResilienceExecutorTests.ExecuteWithResilience_CallerCancellationPropagates" computerName="ALEX-PC" duration="00:00:00.0230433" startTime="2025-10-06T10:39:55.7240115-04:00" endTime="2025-10-06T10:39:55.7240116-04:00" testType="13cdc9d9-ddb5-4fa4-a97d-d965ccfc6d4b" outcome="Passed" testListId="8c84fa94-04c1-424b-9868-57a2d4851a1d" relativeResultsDirectory="6bf5decc-88ca-45d0-97e1-f884b959d600" />
    <UnitTestResult executionId="247fb6fb-bc55-4154-bc7a-58c58009dd6e" testId="f3e21f12-4a90-0496-9b9d-0022919df46d" testName="Lidarr.Plugin.Common.Tests.PluginHttpOptionsTests.Builder_Sets_Standardized_OptionsKeys" computerName="ALEX-PC" duration="00:00:00.0199803" startTime="2025-10-06T10:39:55.7238298-04:00" endTime="2025-10-06T10:39:55.7238298-04:00" testType="13cdc9d9-ddb5-4fa4-a97d-d965ccfc6d4b" outcome="Passed" testListId="8c84fa94-04c1-424b-9868-57a2d4851a1d" relativeResultsDirectory="247fb6fb-bc55-4154-bc7a-58c58009dd6e" />
    <UnitTestResult executionId="bdfed3e4-ed05-4a90-ae17-fbdf6dfa73dc" testId="c66947bc-24ce-b038-bfe3-85e3bfce01ee" testName="Lidarr.Plugin.Common.Tests.PluginSandboxTests.PluginSandbox_loads_plugin_and_releases_locks" computerName="ALEX-PC" duration="00:00:02.4855932" startTime="2025-10-06T10:39:58.1663873-04:00" endTime="2025-10-06T10:39:58.1663882-04:00" testType="13cdc9d9-ddb5-4fa4-a97d-d965ccfc6d4b" outcome="Passed" testListId="8c84fa94-04c1-424b-9868-57a2d4851a1d" relativeResultsDirectory="bdfed3e4-ed05-4a90-ae17-fbdf6dfa73dc" />
    <UnitTestResult executionId="5ce0a535-674e-4af4-9e15-8d870387d51b" testId="17fc5743-5b18-f021-bf3d-623c0eadc761" testName="Lidarr.Plugin.Common.Tests.SimpleDownloadOrchestratorTests.DownloadTrack_ReportsProgress_WithSpeedAndEta" computerName="ALEX-PC" duration="00:00:00.0334569" startTime="2025-10-06T10:39:55.7684370-04:00" endTime="2025-10-06T10:39:55.7684374-04:00" testType="13cdc9d9-ddb5-4fa4-a97d-d965ccfc6d4b" outcome="Passed" testListId="8c84fa94-04c1-424b-9868-57a2d4851a1d" relativeResultsDirectory="5ce0a535-674e-4af4-9e15-8d870387d51b" />
    <UnitTestResult executionId="37ca5d22-860c-4c82-85e8-f19769b11ca1" testId="33d6f95a-d68a-2305-9563-311446e1d9b4" testName="Lidarr.Plugin.Common.Tests.SimpleDownloadOrchestratorTests.DownloadTrack_ResumeWithIfRange_ContinuesFromPartial" computerName="ALEX-PC" duration="00:00:00.0170895" startTime="2025-10-06T10:39:55.7863193-04:00" endTime="2025-10-06T10:39:55.7863195-04:00" testType="13cdc9d9-ddb5-4fa4-a97d-d965ccfc6d4b" outcome="Passed" testListId="8c84fa94-04c1-424b-9868-57a2d4851a1d" relativeResultsDirectory="37ca5d22-860c-4c82-85e8-f19769b11ca1" />
    <UnitTestResult executionId="b3d38c07-fd61-4d9c-8f74-645c15a98717" testId="ef4c7e93-6a96-6147-d80a-d31f2138abf5" testName="Lidarr.Plugin.Common.Tests.StreamingResponseSlidingAndScopeTests.Scope_Component_Varies_Cache_Key_When_Present" computerName="ALEX-PC" duration="00:00:00.0235039" startTime="2025-10-06T10:39:55.7259953-04:00" endTime="2025-10-06T10:39:55.7259954-04:00" testType="13cdc9d9-ddb5-4fa4-a97d-d965ccfc6d4b" outcome="Passed" testListId="8c84fa94-04c1-424b-9868-57a2d4851a1d" relativeResultsDirectory="b3d38c07-fd61-4d9c-8f74-645c15a98717" />
    <UnitTestResult executionId="5fb60b70-d4c2-41bc-839b-ca182ef14591" testId="02e681b4-9abc-1098-281a-f40d4482c4dd" testName="Lidarr.Plugin.Common.Tests.ConfigCommandTests.Reset_ClearsConfigurationAndRestoresDefaults" computerName="ALEX-PC" duration="00:00:00.0030623" startTime="2025-10-06T10:39:55.7706120-04:00" endTime="2025-10-06T10:39:55.7706122-04:00" testType="13cdc9d9-ddb5-4fa4-a97d-d965ccfc6d4b" outcome="Passed" testListId="8c84fa94-04c1-424b-9868-57a2d4851a1d" relativeResultsDirectory="5fb60b70-d4c2-41bc-839b-ca182ef14591" />
    <UnitTestResult executionId="280ea13a-3ed4-43f1-b3d6-73a10b4d0482" testId="6a2ec953-ea7c-5d7f-841d-338e28ec38d9" testName="Lidarr.Plugin.Common.Tests.StreamingResponseCacheTests.InvalidateByPrefix_UsesCacheSeedWhenMatching" computerName="ALEX-PC" duration="00:00:00.0036997" startTime="2025-10-06T10:39:55.7431568-04:00" endTime="2025-10-06T10:39:55.7431570-04:00" testType="13cdc9d9-ddb5-4fa4-a97d-d965ccfc6d4b" outcome="Passed" testListId="8c84fa94-04c1-424b-9868-57a2d4851a1d" relativeResultsDirectory="280ea13a-3ed4-43f1-b3d6-73a10b4d0482" />
    <UnitTestResult executionId="591164f9-b2a6-4f6a-9638-62173b8bc01a" testId="efa2aef3-f8ef-8580-5997-6eb0d041661e" testName="Lidarr.Plugin.Common.Tests.PluginCapabilityExtensionsTests.CapabilityFlags_AvailableOnManifest" computerName="ALEX-PC" duration="00:00:00.0003686" startTime="2025-10-06T10:39:55.7273826-04:00" endTime="2025-10-06T10:39:55.7273826-04:00" testType="13cdc9d9-ddb5-4fa4-a97d-d965ccfc6d4b" outcome="Passed" testListId="8c84fa94-04c1-424b-9868-57a2d4851a1d" relativeResultsDirectory="591164f9-b2a6-4f6a-9638-62173b8bc01a" />
    <UnitTestResult executionId="f6916998-4d38-4581-9885-42113cdcfd57" testId="895f4b50-a9c2-6e01-5570-fb2dc88a7915" testName="Lidarr.Plugin.Common.Tests.HttpClientExtensionsTests.GetJsonAsync_ThrowsWhenContentNotJson" computerName="ALEX-PC" duration="00:00:00.0024221" startTime="2025-10-06T10:39:55.8637375-04:00" endTime="2025-10-06T10:39:55.8637376-04:00" testType="13cdc9d9-ddb5-4fa4-a97d-d965ccfc6d4b" outcome="Passed" testListId="8c84fa94-04c1-424b-9868-57a2d4851a1d" relativeResultsDirectory="f6916998-4d38-4581-9885-42113cdcfd57" />
    <UnitTestResult executionId="6570eec0-9bcb-495f-979d-bd02ef4e5485" testId="be9ab65a-b948-103a-0c32-b4e020e464ce" testName="Lidarr.Plugin.Common.Tests.PluginSandboxTests.Gzip_handler_roundtrips_payload" computerName="ALEX-PC" duration="00:00:00.0032762" startTime="2025-10-06T10:39:58.1697525-04:00" endTime="2025-10-06T10:39:58.1697529-04:00" testType="13cdc9d9-ddb5-4fa4-a97d-d965ccfc6d4b" outcome="Passed" testListId="8c84fa94-04c1-424b-9868-57a2d4851a1d" relativeResultsDirectory="6570eec0-9bcb-495f-979d-bd02ef4e5485" />
    <UnitTestResult executionId="ebd9fd99-b920-48c4-89f5-a1eb20a3302e" testId="81e3a001-350c-7f9c-49a3-f3a9a3c159e5" testName="Lidarr.Plugin.Common.Tests.PluginCapabilityExtensionsTests.ToManifestValues_ProducesStableOrdering" computerName="ALEX-PC" duration="00:00:00.0118444" startTime="2025-10-06T10:39:55.7272172-04:00" endTime="2025-10-06T10:39:55.7272173-04:00" testType="13cdc9d9-ddb5-4fa4-a97d-d965ccfc6d4b" outcome="Passed" testListId="8c84fa94-04c1-424b-9868-57a2d4851a1d" relativeResultsDirectory="ebd9fd99-b920-48c4-89f5-a1eb20a3302e" />
    <UnitTestResult executionId="518d2c07-90cc-47eb-b407-6448acb59fad" testId="bf3742d9-7734-79dd-6018-60681d8ab7ad" testName="Lidarr.Plugin.Common.Tests.SimpleDownloadOrchestratorTests.DownloadTrackAsync_CancelledTokenStopsCopyAndReleasesPartialFile" computerName="ALEX-PC" duration="00:00:00.0529015" startTime="2025-10-06T10:39:55.7339705-04:00" endTime="2025-10-06T10:39:55.7339707-04:00" testType="13cdc9d9-ddb5-4fa4-a97d-d965ccfc6d4b" outcome="Passed" testListId="8c84fa94-04c1-424b-9868-57a2d4851a1d" relativeResultsDirectory="518d2c07-90cc-47eb-b407-6448acb59fad" />
    <UnitTestResult executionId="843e30e0-5766-4db7-bfa0-48788365bc56" testId="1ebce3b1-b3fd-0bfa-6c9b-4e5e74dce980" testName="Lidarr.Plugin.Common.Tests.ResilienceLoggingTests.WarnOnce_EmitsSingleEvent_PerProvider" computerName="ALEX-PC" duration="00:00:00.0335671" startTime="2025-10-06T10:39:55.7263261-04:00" endTime="2025-10-06T10:39:55.7263262-04:00" testType="13cdc9d9-ddb5-4fa4-a97d-d965ccfc6d4b" outcome="Passed" testListId="8c84fa94-04c1-424b-9868-57a2d4851a1d" relativeResultsDirectory="843e30e0-5766-4db7-bfa0-48788365bc56" />
    <UnitTestResult executionId="33c8debe-09c9-45e4-abf1-842468428f26" testId="559ad64d-b32d-f67a-dfc2-2ca0fdd0251d" testName="Lidarr.Plugin.Common.Tests.PluginManifestTests.FromJson_throws_when_required_fields_missing" computerName="ALEX-PC" duration="00:00:00.0002694" startTime="2025-10-06T10:39:55.7457391-04:00" endTime="2025-10-06T10:39:55.7457394-04:00" testType="13cdc9d9-ddb5-4fa4-a97d-d965ccfc6d4b" outcome="Passed" testListId="8c84fa94-04c1-424b-9868-57a2d4851a1d" relativeResultsDirectory="33c8debe-09c9-45e4-abf1-842468428f26" />
    <UnitTestResult executionId="446b17cd-c374-4237-ab54-f6bebcb8be46" testId="d77e2cc6-7a53-7008-23eb-a26b243033d9" testName="Lidarr.Plugin.Common.Tests.StreamingHelpersTests.GenerateSearchCacheKey_IgnoresSensitiveParameters" computerName="ALEX-PC" duration="00:00:00.0040517" startTime="2025-10-06T10:39:55.7237579-04:00" endTime="2025-10-06T10:39:55.7237579-04:00" testType="13cdc9d9-ddb5-4fa4-a97d-d965ccfc6d4b" outcome="Passed" testListId="8c84fa94-04c1-424b-9868-57a2d4851a1d" relativeResultsDirectory="446b17cd-c374-4237-ab54-f6bebcb8be46" />
    <UnitTestResult executionId="fa85f26e-cf59-4fe1-8d16-bb08fbd50648" testId="97cac643-521d-8033-bde4-fd59c1d868f5" testName="Lidarr.Plugin.Common.Tests.HttpClientExtensionsTests.ExecuteWithResilienceAsync_UsesProfileInHostGateKey_WhenProvided" computerName="ALEX-PC" duration="00:00:00.0008768" startTime="2025-10-06T10:39:55.8686424-04:00" endTime="2025-10-06T10:39:55.8686425-04:00" testType="13cdc9d9-ddb5-4fa4-a97d-d965ccfc6d4b" outcome="Passed" testListId="8c84fa94-04c1-424b-9868-57a2d4851a1d" relativeResultsDirectory="fa85f26e-cf59-4fe1-8d16-bb08fbd50648" />
    <UnitTestResult executionId="a129ccda-2b6e-4b7e-8776-440626a7dde4" testId="424253ca-6336-ce22-d463-63abddaf4cf5" testName="Lidarr.Plugin.Common.Tests.PluginManifestTests.EvaluateCompatibility_enforces_abstractions_major_match" computerName="ALEX-PC" duration="00:00:00.0001219" startTime="2025-10-06T10:39:55.7466267-04:00" endTime="2025-10-06T10:39:55.7466269-04:00" testType="13cdc9d9-ddb5-4fa4-a97d-d965ccfc6d4b" outcome="Passed" testListId="8c84fa94-04c1-424b-9868-57a2d4851a1d" relativeResultsDirectory="a129ccda-2b6e-4b7e-8776-440626a7dde4" />
    <UnitTestResult executionId="8fba0bf0-0279-4fc7-831e-db7b5d11bdcc" testId="24b8aef8-8388-fef1-ae92-2286f1dfeb64" testName="Lidarr.Plugin.Common.Tests.ManifestCheckScriptTests.ManifestCheck_ProjectReference_FallsBack_To_CommonVersion_Warns_Man001" computerName="ALEX-PC" duration="00:00:02.5291178" startTime="2025-10-06T10:39:59.8873278-04:00" endTime="2025-10-06T10:39:59.8873287-04:00" testType="13cdc9d9-ddb5-4fa4-a97d-d965ccfc6d4b" outcome="Passed" testListId="8c84fa94-04c1-424b-9868-57a2d4851a1d" relativeResultsDirectory="8fba0bf0-0279-4fc7-831e-db7b5d11bdcc" />
    <UnitTestResult executionId="4553204a-aefb-4b45-bb44-77d03554abc3" testId="aa40b9c5-f8a4-9b2c-96c6-9fab6567e70c" testName="Lidarr.Plugin.Common.Tests.PluginManifestTests.EvaluateCompatibility_succeeds_for_matching_versions" computerName="ALEX-PC" duration="00:00:00.0001838" startTime="2025-10-06T10:39:55.7463914-04:00" endTime="2025-10-06T10:39:55.7463915-04:00" testType="13cdc9d9-ddb5-4fa4-a97d-d965ccfc6d4b" outcome="Passed" testListId="8c84fa94-04c1-424b-9868-57a2d4851a1d" relativeResultsDirectory="4553204a-aefb-4b45-bb44-77d03554abc3" />
    <UnitTestResult executionId="f7a88aef-c854-4ba5-bad6-503f72491afd" testId="943da04c-84b4-67f6-1c9d-e7e8943651f9" testName="Lidarr.Plugin.Common.Tests.PluginIsolationTests.Unloads_plugin_context_on_dispose" computerName="ALEX-PC" duration="00:00:02.6453929" startTime="2025-10-06T10:39:58.3263652-04:00" endTime="2025-10-06T10:39:58.3263659-04:00" testType="13cdc9d9-ddb5-4fa4-a97d-d965ccfc6d4b" outcome="Passed" testListId="8c84fa94-04c1-424b-9868-57a2d4851a1d" relativeResultsDirectory="f7a88aef-c854-4ba5-bad6-503f72491afd" />
    <UnitTestResult executionId="5947d8b0-c6d6-462f-a734-8261ee5d6219" testId="3181563e-7250-e545-7ab2-4b25291ebdfa" testName="Lidarr.Plugin.Common.Tests.HttpClientExtensionsTests.ContentDecodingSniffer_PeeksOnlyHeaderBytesForPlainContent" computerName="ALEX-PC" duration="00:00:00.0011077" startTime="2025-10-06T10:39:55.8677260-04:00" endTime="2025-10-06T10:39:55.8677261-04:00" testType="13cdc9d9-ddb5-4fa4-a97d-d965ccfc6d4b" outcome="Passed" testListId="8c84fa94-04c1-424b-9868-57a2d4851a1d" relativeResultsDirectory="5947d8b0-c6d6-462f-a734-8261ee5d6219" />
    <UnitTestResult executionId="9031e382-3e3a-4406-86e0-71f736d6cb0b" testId="f3ce8b41-41d5-5554-2e0f-4659d3dd76f6" testName="Lidarr.Plugin.Common.Tests.PluginLoaderEdgeTests.LoadAsync_throws_when_entry_assembly_missing" computerName="ALEX-PC" duration="00:00:00.4721074" startTime="2025-10-06T10:39:59.3621571-04:00" endTime="2025-10-06T10:39:59.3621581-04:00" testType="13cdc9d9-ddb5-4fa4-a97d-d965ccfc6d4b" outcome="Passed" testListId="8c84fa94-04c1-424b-9868-57a2d4851a1d" relativeResultsDirectory="9031e382-3e3a-4406-86e0-71f736d6cb0b" />
    <UnitTestResult executionId="20ab2ef8-8c36-4bf4-9e01-9326b1f1801a" testId="72e96c06-0413-7ade-1602-d62934e8b7dd" testName="Lidarr.Plugin.Common.Tests.BaseStreamingDownloadClientTests.ApplyMetadataTags_SkipsWhenApplierMissing" computerName="ALEX-PC" duration="00:00:00.0474037" startTime="2025-10-06T10:39:55.8523632-04:00" endTime="2025-10-06T10:39:55.8523638-04:00" testType="13cdc9d9-ddb5-4fa4-a97d-d965ccfc6d4b" outcome="Passed" testListId="8c84fa94-04c1-424b-9868-57a2d4851a1d" relativeResultsDirectory="20ab2ef8-8c36-4bf4-9e01-9326b1f1801a" />
    <UnitTestResult executionId="84ee25f6-f406-4515-8b80-f0216900ec60" testId="b451fa2a-b1c1-4cea-cccb-cee0b382f863" testName="Lidarr.Plugin.Common.Tests.PluginLoaderEdgeTests.LoadAsync_throws_when_manifest_invalid_json" computerName="ALEX-PC" duration="00:00:00.4967610" startTime="2025-10-06T10:39:58.4784474-04:00" endTime="2025-10-06T10:39:58.4784485-04:00" testType="13cdc9d9-ddb5-4fa4-a97d-d965ccfc6d4b" outcome="Passed" testListId="8c84fa94-04c1-424b-9868-57a2d4851a1d" relativeResultsDirectory="84ee25f6-f406-4515-8b80-f0216900ec60" />
    <UnitTestResult executionId="1ab2f41b-2dca-4001-b572-8dd6c5c2851b" testId="25cef1b0-c113-ca9c-09ce-0c61ea5419a0" testName="Lidarr.Plugin.Common.Tests.ManifestCheckScriptTests.ManifestCheck_Handles_NoNamespace_Project" computerName="ALEX-PC" duration="00:00:00.8737063" startTime="2025-10-06T10:39:56.5553434-04:00" endTime="2025-10-06T10:39:56.5553443-04:00" testType="13cdc9d9-ddb5-4fa4-a97d-d965ccfc6d4b" outcome="Passed" testListId="8c84fa94-04c1-424b-9868-57a2d4851a1d" relativeResultsDirectory="1ab2f41b-2dca-4001-b572-8dd6c5c2851b" />
    <UnitTestResult executionId="c79796b1-5dce-4c48-bc54-5c0a5c1cabb9" testId="7c594058-1c6b-7aed-b5d0-47baa3746b31" testName="Lidarr.Plugin.Common.Tests.GenericResilienceExecutorTests.ExecuteWithResilience_RetriesOn429_WithRetryAfter" computerName="ALEX-PC" duration="00:00:01.0173049" startTime="2025-10-06T10:39:57.1651720-04:00" endTime="2025-10-06T10:39:57.1651729-04:00" testType="13cdc9d9-ddb5-4fa4-a97d-d965ccfc6d4b" outcome="Passed" testListId="8c84fa94-04c1-424b-9868-57a2d4851a1d" relativeResultsDirectory="c79796b1-5dce-4c48-bc54-5c0a5c1cabb9" />
    <UnitTestResult executionId="b6e62e39-5ee2-47dc-8802-40b1da669375" testId="9897bf5e-8469-a101-bfab-c1cab73f125a" testName="Lidarr.Plugin.Common.Tests.HttpClientExtensionsTests.ExecuteWithResilienceAsync_ThrowsTimeoutExceptionWhenPerRequestTimeoutExceeded" computerName="ALEX-PC" duration="00:00:00.0693355" startTime="2025-10-06T10:39:55.8536155-04:00" endTime="2025-10-06T10:39:55.8536156-04:00" testType="13cdc9d9-ddb5-4fa4-a97d-d965ccfc6d4b" outcome="Passed" testListId="8c84fa94-04c1-424b-9868-57a2d4851a1d" relativeResultsDirectory="b6e62e39-5ee2-47dc-8802-40b1da669375" />
    <UnitTestResult executionId="10819f42-c0b2-4468-bd4e-1ab348538b1d" testId="813467a4-8234-e1d0-2600-90dbdea7c6c0" testName="Lidarr.Plugin.Common.Tests.BaseStreamingDownloadClientTests.ApplyMetadataTags_InvokesApplierWhenMetadataPresent" computerName="ALEX-PC" duration="00:00:00.1151437" startTime="2025-10-06T10:39:55.7959312-04:00" endTime="2025-10-06T10:39:55.7959313-04:00" testType="13cdc9d9-ddb5-4fa4-a97d-d965ccfc6d4b" outcome="Passed" testListId="8c84fa94-04c1-424b-9868-57a2d4851a1d" relativeResultsDirectory="10819f42-c0b2-4468-bd4e-1ab348538b1d" />
    <UnitTestResult executionId="1b828b1c-91d8-4172-ae67-ceec5d15c094" testId="1ff57294-a7e8-5bf9-5981-96a0da3a8df7" testName="Lidarr.Plugin.Common.Tests.OAuthDelegatingHandlerTests.Concurrent401s_TriggerSingleRefresh" computerName="ALEX-PC" duration="00:00:00.0953309" startTime="2025-10-06T10:39:55.7768469-04:00" endTime="2025-10-06T10:39:55.7768471-04:00" testType="13cdc9d9-ddb5-4fa4-a97d-d965ccfc6d4b" outcome="Passed" testListId="8c84fa94-04c1-424b-9868-57a2d4851a1d" relativeResultsDirectory="1b828b1c-91d8-4172-ae67-ceec5d15c094" />
    <UnitTestResult executionId="c8426825-4b1a-40e3-832a-7f8f25c2ac80" testId="d7a45563-7d4b-b0ad-3581-1d3ce9234f39" testName="Lidarr.Plugin.Common.Tests.BaseStreamingDownloadClientTests.ApplyMetadataTags_SkipsWhenMetadataNull" computerName="ALEX-PC" duration="00:00:00.0051730" startTime="2025-10-06T10:39:55.8013690-04:00" endTime="2025-10-06T10:39:55.8013694-04:00" testType="13cdc9d9-ddb5-4fa4-a97d-d965ccfc6d4b" outcome="Passed" testListId="8c84fa94-04c1-424b-9868-57a2d4851a1d" relativeResultsDirectory="c8426825-4b1a-40e3-832a-7f8f25c2ac80" />
    <UnitTestResult executionId="3de906e2-a0cb-498c-8afe-86c9188b023a" testId="8f695c27-bd64-a0df-f0ed-0fac09544eef" testName="Lidarr.Plugin.Common.Tests.StreamingResponseSlidingAndScopeTests.SlidingExpiration_Extends_Expiry_On_Hit" computerName="ALEX-PC" duration="00:00:00.1350914" startTime="2025-10-06T10:39:55.8395339-04:00" endTime="2025-10-06T10:39:55.8395343-04:00" testType="13cdc9d9-ddb5-4fa4-a97d-d965ccfc6d4b" outcome="Passed" testListId="8c84fa94-04c1-424b-9868-57a2d4851a1d" relativeResultsDirectory="3de906e2-a0cb-498c-8afe-86c9188b023a" />
    <UnitTestResult executionId="3c12bf93-1ab7-4fcb-943d-e9c5e6128464" testId="be09c575-f695-b90a-9d38-e24005259ecd" testName="Lidarr.Plugin.Common.Tests.PluginLoaderEdgeTests.LoadAsync_rejects_when_host_version_too_low" computerName="ALEX-PC" duration="00:00:02.3011895" startTime="2025-10-06T10:39:57.9814944-04:00" endTime="2025-10-06T10:39:57.9814960-04:00" testType="13cdc9d9-ddb5-4fa4-a97d-d965ccfc6d4b" outcome="Passed" testListId="8c84fa94-04c1-424b-9868-57a2d4851a1d" relativeResultsDirectory="3c12bf93-1ab7-4fcb-943d-e9c5e6128464" />
    <UnitTestResult executionId="f18d72ab-82d2-466f-8fad-de4b755e23d7" testId="9cb5d1c1-5bdf-6851-7987-d0534a096a9d" testName="Lidarr.Plugin.Common.Tests.ConfigCommandTests.Set_ReturnsErrorForInvalidConversion" computerName="ALEX-PC" duration="00:00:00.0749866" startTime="2025-10-06T10:39:55.7560024-04:00" endTime="2025-10-06T10:39:55.7560026-04:00" testType="13cdc9d9-ddb5-4fa4-a97d-d965ccfc6d4b" outcome="Passed" testListId="8c84fa94-04c1-424b-9868-57a2d4851a1d" relativeResultsDirectory="f18d72ab-82d2-466f-8fad-de4b755e23d7" />
    <UnitTestResult executionId="5dd7ea40-0ee0-4962-a015-ef85957ce67d" testId="b584ad6f-5be0-5d37-96ce-14d799d34e43" testName="Lidarr.Plugin.Common.Tests.HttpSingleflightTests.SendWithResilienceAsync_DeduplicatesIdenticalGets_AndRebuildsResponses" computerName="ALEX-PC" duration="00:00:00.1097136" startTime="2025-10-06T10:39:55.7909709-04:00" endTime="2025-10-06T10:39:55.7909710-04:00" testType="13cdc9d9-ddb5-4fa4-a97d-d965ccfc6d4b" outcome="Passed" testListId="8c84fa94-04c1-424b-9868-57a2d4851a1d" relativeResultsDirectory="5dd7ea40-0ee0-4962-a015-ef85957ce67d" />
    <UnitTestResult executionId="cc6d27dc-32c1-4cbd-8b5d-2eb659d8e5a0" testId="20b954bf-bad8-6be5-947a-90cc1942727b" testName="Lidarr.Plugin.Common.Tests.GenericResilienceExecutorTests.ExecuteWithResilience_StopsOnBudgetExhaustion" computerName="ALEX-PC" duration="00:00:00.0041154" startTime="2025-10-06T10:39:56.0785373-04:00" endTime="2025-10-06T10:39:56.0785378-04:00" testType="13cdc9d9-ddb5-4fa4-a97d-d965ccfc6d4b" outcome="Passed" testListId="8c84fa94-04c1-424b-9868-57a2d4851a1d" relativeResultsDirectory="cc6d27dc-32c1-4cbd-8b5d-2eb659d8e5a0" />
    <UnitTestResult executionId="edc7de45-8e79-4254-b56e-54c70c654540" testId="5b02c011-fbcf-7aef-328a-5057f145a444" testName="Lidarr.Plugin.Common.Tests.PluginManifestTests.EvaluateCompatibility_enforces_min_host_version" computerName="ALEX-PC" duration="00:00:00.0106309" startTime="2025-10-06T10:39:55.7070366-04:00" endTime="2025-10-06T10:39:55.7070367-04:00" testType="13cdc9d9-ddb5-4fa4-a97d-d965ccfc6d4b" outcome="Passed" testListId="8c84fa94-04c1-424b-9868-57a2d4851a1d" relativeResultsDirectory="edc7de45-8e79-4254-b56e-54c70c654540" />
    <UnitTestResult executionId="54436343-2102-4c48-a467-bc2544eeaa38" testId="ec22b8a7-1d07-fb12-eaf1-32d6dd05d976" testName="Lidarr.Plugin.Common.Tests.PluginCapabilityExtensionsTests.FromManifestValues_ReturnsFlagsAndUnknown" computerName="ALEX-PC" duration="00:00:00.0258072" startTime="2025-10-06T10:39:55.7260785-04:00" endTime="2025-10-06T10:39:55.7260785-04:00" testType="13cdc9d9-ddb5-4fa4-a97d-d965ccfc6d4b" outcome="Passed" testListId="8c84fa94-04c1-424b-9868-57a2d4851a1d" relativeResultsDirectory="54436343-2102-4c48-a467-bc2544eeaa38" />
    <UnitTestResult executionId="41133228-653e-426e-87d1-443a0c643537" testId="6d3d5096-5e16-3323-25a6-a432c44f7c48" testName="Lidarr.Plugin.Common.Tests.HttpClientExtensionsTests.ContentDecodingSniffer_PreservesContentLengthForPassthrough" computerName="ALEX-PC" duration="00:00:00.0025707" startTime="2025-10-06T10:39:55.8712662-04:00" endTime="2025-10-06T10:39:55.8712663-04:00" testType="13cdc9d9-ddb5-4fa4-a97d-d965ccfc6d4b" outcome="Passed" testListId="8c84fa94-04c1-424b-9868-57a2d4851a1d" relativeResultsDirectory="41133228-653e-426e-87d1-443a0c643537" />
    <UnitTestResult executionId="d3f87988-e857-49ff-8caf-a93c50e1cbc7" testId="35f95267-e98f-2bc0-a900-b91335a167ee" testName="Lidarr.Plugin.Common.Tests.QueryCanonicalizerTests.Canonicalize_IsOrderInsensitive" computerName="ALEX-PC" duration="00:00:00.0197989" startTime="2025-10-06T10:39:55.7236868-04:00" endTime="2025-10-06T10:39:55.7236868-04:00" testType="13cdc9d9-ddb5-4fa4-a97d-d965ccfc6d4b" outcome="Passed" testListId="8c84fa94-04c1-424b-9868-57a2d4851a1d" relativeResultsDirectory="d3f87988-e857-49ff-8caf-a93c50e1cbc7" />
    <UnitTestResult executionId="4c95fe80-db33-4a42-b606-78532b72172a" testId="fac6af69-bc1c-e8d7-be75-f3b4c57bbc97" testName="Lidarr.Plugin.Common.Tests.StreamingResponseCacheTests.Set_EnforcesMaxCacheSizeByEvictingOldest" computerName="ALEX-PC" duration="00:00:00.0318556" startTime="2025-10-06T10:39:55.7392988-04:00" endTime="2025-10-06T10:39:55.7392991-04:00" testType="13cdc9d9-ddb5-4fa4-a97d-d965ccfc6d4b" outcome="Passed" testListId="8c84fa94-04c1-424b-9868-57a2d4851a1d" relativeResultsDirectory="4c95fe80-db33-4a42-b606-78532b72172a" />
    <UnitTestResult executionId="e272aee0-201f-4cb4-9205-af2c4b1226e6" testId="263fd0b1-064b-f053-a634-e6bbfa419aaf" testName="Lidarr.Plugin.Common.Tests.PluginSandboxTests.Embedded_json_is_available" computerName="ALEX-PC" duration="00:00:00.0008180" startTime="2025-10-06T10:39:58.1713318-04:00" endTime="2025-10-06T10:39:58.1713319-04:00" testType="13cdc9d9-ddb5-4fa4-a97d-d965ccfc6d4b" outcome="Passed" testListId="8c84fa94-04c1-424b-9868-57a2d4851a1d" relativeResultsDirectory="e272aee0-201f-4cb4-9205-af2c4b1226e6" />
    <UnitTestResult executionId="8057220c-be07-412e-b474-7edad0ded24e" testId="3ce80a54-d606-16af-be97-5d380f19e6d7" testName="Lidarr.Plugin.Common.Tests.HttpClientExtensionsTests.ExecuteWithResilienceAsync_UpgradesHostGateLimit" computerName="ALEX-PC" duration="00:00:00.0023638" startTime="2025-10-06T10:39:55.7834055-04:00" endTime="2025-10-06T10:39:55.7834061-04:00" testType="13cdc9d9-ddb5-4fa4-a97d-d965ccfc6d4b" outcome="Passed" testListId="8c84fa94-04c1-424b-9868-57a2d4851a1d" relativeResultsDirectory="8057220c-be07-412e-b474-7edad0ded24e" />
    <UnitTestResult executionId="5e0b06bf-8e60-4d9e-bcda-cca8278144d2" testId="33659825-74de-c0ec-de86-2374784ddc2d" testName="Lidarr.Plugin.Common.Tests.StreamingTokenManagerTests.ClearSessionAsync_ClearsPersisted_WhenNoInMemorySessionLoaded" computerName="ALEX-PC" duration="00:00:00.0012901" startTime="2025-10-06T10:39:55.7273115-04:00" endTime="2025-10-06T10:39:55.7273116-04:00" testType="13cdc9d9-ddb5-4fa4-a97d-d965ccfc6d4b" outcome="Passed" testListId="8c84fa94-04c1-424b-9868-57a2d4851a1d" relativeResultsDirectory="5e0b06bf-8e60-4d9e-bcda-cca8278144d2" />
    <UnitTestResult executionId="a7a151a2-6ff5-406d-a0c5-de4dfe5fd85a" testId="08f2346e-3f52-46dc-6637-7f5677e6a813" testName="Lidarr.Plugin.Common.Tests.HttpClientExtensionsTests.ExecuteWithResilienceAsync_RespectsCallerCancellation" computerName="ALEX-PC" duration="00:00:00.0009282" startTime="2025-10-06T10:39:55.8612246-04:00" endTime="2025-10-06T10:39:55.8612247-04:00" testType="13cdc9d9-ddb5-4fa4-a97d-d965ccfc6d4b" outcome="Passed" testListId="8c84fa94-04c1-424b-9868-57a2d4851a1d" relativeResultsDirectory="a7a151a2-6ff5-406d-a0c5-de4dfe5fd85a" />
    <UnitTestResult executionId="4be80bcd-3cc6-443c-aaa9-228a615f8b5a" testId="3c4132db-d99d-6122-e62b-e7acfec90169" testName="Lidarr.Plugin.Common.Tests.GenericResilienceExecutorTests.ExecuteWithResilience_IncreasesHostGateOnHigherConcurrency" computerName="ALEX-PC" duration="00:00:00.0677536" startTime="2025-10-06T10:39:56.1469776-04:00" endTime="2025-10-06T10:39:56.1469784-04:00" testType="13cdc9d9-ddb5-4fa4-a97d-d965ccfc6d4b" outcome="Passed" testListId="8c84fa94-04c1-424b-9868-57a2d4851a1d" relativeResultsDirectory="4be80bcd-3cc6-443c-aaa9-228a615f8b5a" />
    <UnitTestResult executionId="0fc624df-d2cd-45c9-aa2c-bd986a20f63a" testId="0aa75f1b-00cb-35ca-837d-48843c3f539b" testName="Lidarr.Plugin.Common.Tests.PluginOperationResultTests.Success_Result_ReportsAsSuccessful" computerName="ALEX-PC" duration="00:00:00.0007651" startTime="2025-10-06T10:39:55.7234880-04:00" endTime="2025-10-06T10:39:55.7234881-04:00" testType="13cdc9d9-ddb5-4fa4-a97d-d965ccfc6d4b" outcome="Passed" testListId="8c84fa94-04c1-424b-9868-57a2d4851a1d" relativeResultsDirectory="0fc624df-d2cd-45c9-aa2c-bd986a20f63a" />
    <UnitTestResult executionId="56375b91-2e82-4519-a36a-534302d3352b" testId="b6981272-e55a-8d0d-e141-4a900502db24" testName="Lidarr.Plugin.Common.Tests.HttpClientExtensionsTests.IsJsonContent_TreatsProblemJsonAsJson" computerName="ALEX-PC" duration="00:00:00.0001799" startTime="2025-10-06T10:39:55.8665140-04:00" endTime="2025-10-06T10:39:55.8665140-04:00" testType="13cdc9d9-ddb5-4fa4-a97d-d965ccfc6d4b" outcome="Passed" testListId="8c84fa94-04c1-424b-9868-57a2d4851a1d" relativeResultsDirectory="56375b91-2e82-4519-a36a-534302d3352b" />
    <UnitTestResult executionId="667d54b9-625d-4f47-b217-e05d15f40ca9" testId="cbdd4f0b-de8f-2152-5a63-081d14cc8ca7" testName="Lidarr.Plugin.Common.Tests.PluginHttpOptionsTests.OptionsKeys_CanCarryValues_OnRequest" computerName="ALEX-PC" duration="00:00:00.0002951" startTime="2025-10-06T10:39:55.7238997-04:00" endTime="2025-10-06T10:39:55.7238997-04:00" testType="13cdc9d9-ddb5-4fa4-a97d-d965ccfc6d4b" outcome="Passed" testListId="8c84fa94-04c1-424b-9868-57a2d4851a1d" relativeResultsDirectory="667d54b9-625d-4f47-b217-e05d15f40ca9" />
  </Results>
  <TestDefinitions>
    <UnitTest name="Lidarr.Plugin.Common.Tests.StreamingTokenManagerTests.RefreshSessionAsync_PersistsEnvelope" storage="i:\arr-plugins\lidarr\lidarr.plugin.common\tests\bin\release\net8.0\lidarr.plugin.common.tests.dll" id="65de0143-a7a1-1647-bccf-b4b101771d0b">
      <Execution id="76cacb7d-20a2-4b9b-81dc-ec78b3fc5652" />
      <TestMethod codeBase="I:\Arr-Plugins\Lidarr\lidarr.plugin.common\tests\bin\Release\net8.0\Lidarr.Plugin.Common.Tests.dll" adapterTypeName="executor://xunit/VsTestRunner2/netcoreapp" className="Lidarr.Plugin.Common.Tests.StreamingTokenManagerTests" name="RefreshSessionAsync_PersistsEnvelope" />
    </UnitTest>
    <UnitTest name="Lidarr.Plugin.Common.Tests.StreamingResponseSlidingAndScopeTests.SlidingExpiration_Extends_Expiry_On_Hit" storage="i:\arr-plugins\lidarr\lidarr.plugin.common\tests\bin\release\net8.0\lidarr.plugin.common.tests.dll" id="8f695c27-bd64-a0df-f0ed-0fac09544eef">
      <Execution id="3de906e2-a0cb-498c-8afe-86c9188b023a" />
      <TestMethod codeBase="I:\Arr-Plugins\Lidarr\lidarr.plugin.common\tests\bin\Release\net8.0\Lidarr.Plugin.Common.Tests.dll" adapterTypeName="executor://xunit/VsTestRunner2/netcoreapp" className="Lidarr.Plugin.Common.Tests.StreamingResponseSlidingAndScopeTests" name="SlidingExpiration_Extends_Expiry_On_Hit" />
    </UnitTest>
    <UnitTest name="Lidarr.Plugin.Common.Tests.OAuthDelegatingHandlerTests.Concurrent401s_TriggerSingleRefresh" storage="i:\arr-plugins\lidarr\lidarr.plugin.common\tests\bin\release\net8.0\lidarr.plugin.common.tests.dll" id="1ff57294-a7e8-5bf9-5981-96a0da3a8df7">
      <Execution id="1b828b1c-91d8-4172-ae67-ceec5d15c094" />
      <TestMethod codeBase="I:\Arr-Plugins\Lidarr\lidarr.plugin.common\tests\bin\Release\net8.0\Lidarr.Plugin.Common.Tests.dll" adapterTypeName="executor://xunit/VsTestRunner2/netcoreapp" className="Lidarr.Plugin.Common.Tests.OAuthDelegatingHandlerTests" name="Concurrent401s_TriggerSingleRefresh" />
    </UnitTest>
    <UnitTest name="Lidarr.Plugin.Common.Tests.HttpClientExtensionsTests.ExecuteWithResilienceAsync_ThrowsTimeoutExceptionWhenPerRequestTimeoutExceeded" storage="i:\arr-plugins\lidarr\lidarr.plugin.common\tests\bin\release\net8.0\lidarr.plugin.common.tests.dll" id="9897bf5e-8469-a101-bfab-c1cab73f125a">
      <Execution id="b6e62e39-5ee2-47dc-8802-40b1da669375" />
      <TestMethod codeBase="I:\Arr-Plugins\Lidarr\lidarr.plugin.common\tests\bin\Release\net8.0\Lidarr.Plugin.Common.Tests.dll" adapterTypeName="executor://xunit/VsTestRunner2/netcoreapp" className="Lidarr.Plugin.Common.Tests.HttpClientExtensionsTests" name="ExecuteWithResilienceAsync_ThrowsTimeoutExceptionWhenPerRequestTimeoutExceeded" />
    </UnitTest>
    <UnitTest name="Lidarr.Plugin.Common.Tests.StreamingResponseSlidingAndScopeTests.Scope_Component_Varies_Cache_Key_When_Present" storage="i:\arr-plugins\lidarr\lidarr.plugin.common\tests\bin\release\net8.0\lidarr.plugin.common.tests.dll" id="ef4c7e93-6a96-6147-d80a-d31f2138abf5">
      <Execution id="b3d38c07-fd61-4d9c-8f74-645c15a98717" />
      <TestMethod codeBase="I:\Arr-Plugins\Lidarr\lidarr.plugin.common\tests\bin\Release\net8.0\Lidarr.Plugin.Common.Tests.dll" adapterTypeName="executor://xunit/VsTestRunner2/netcoreapp" className="Lidarr.Plugin.Common.Tests.StreamingResponseSlidingAndScopeTests" name="Scope_Component_Varies_Cache_Key_When_Present" />
    </UnitTest>
    <UnitTest name="Lidarr.Plugin.Common.Tests.GenericResilienceExecutorTests.ExecuteWithResilience_ThrowsTimeoutExceptionWhenPerRequestTimeoutExceeded" storage="i:\arr-plugins\lidarr\lidarr.plugin.common\tests\bin\release\net8.0\lidarr.plugin.common.tests.dll" id="fda76aa8-748f-ad01-5e00-9d8d00d928d7">
      <Execution id="c45d4d5a-e972-44c7-84b1-ca38e388ffe7" />
      <TestMethod codeBase="I:\Arr-Plugins\Lidarr\lidarr.plugin.common\tests\bin\Release\net8.0\Lidarr.Plugin.Common.Tests.dll" adapterTypeName="executor://xunit/VsTestRunner2/netcoreapp" className="Lidarr.Plugin.Common.Tests.GenericResilienceExecutorTests" name="ExecuteWithResilience_ThrowsTimeoutExceptionWhenPerRequestTimeoutExceeded" />
    </UnitTest>
    <UnitTest name="Lidarr.Plugin.Common.Tests.HttpClientExtensionsTests.IsJsonContent_TreatsProblemJsonAsJson" storage="i:\arr-plugins\lidarr\lidarr.plugin.common\tests\bin\release\net8.0\lidarr.plugin.common.tests.dll" id="b6981272-e55a-8d0d-e141-4a900502db24">
      <Execution id="56375b91-2e82-4519-a36a-534302d3352b" />
      <TestMethod codeBase="I:\Arr-Plugins\Lidarr\lidarr.plugin.common\tests\bin\Release\net8.0\Lidarr.Plugin.Common.Tests.dll" adapterTypeName="executor://xunit/VsTestRunner2/netcoreapp" className="Lidarr.Plugin.Common.Tests.HttpClientExtensionsTests" name="IsJsonContent_TreatsProblemJsonAsJson" />
    </UnitTest>
    <UnitTest name="Lidarr.Plugin.Common.Tests.ManifestCheckScriptTests.ManifestCheck_Handles_DefaultNamespace_Project" storage="i:\arr-plugins\lidarr\lidarr.plugin.common\tests\bin\release\net8.0\lidarr.plugin.common.tests.dll" id="eb3e2701-a964-c38f-ed17-317cd0a21941">
      <Execution id="9cfa0792-dad7-4f16-8b5e-55867a1b2286" />
      <TestMethod codeBase="I:\Arr-Plugins\Lidarr\lidarr.plugin.common\tests\bin\Release\net8.0\Lidarr.Plugin.Common.Tests.dll" adapterTypeName="executor://xunit/VsTestRunner2/netcoreapp" className="Lidarr.Plugin.Common.Tests.ManifestCheckScriptTests" name="ManifestCheck_Handles_DefaultNamespace_Project" />
    </UnitTest>
    <UnitTest name="Lidarr.Plugin.Common.Tests.PluginManifestTests.EvaluateCompatibility_enforces_min_host_version" storage="i:\arr-plugins\lidarr\lidarr.plugin.common\tests\bin\release\net8.0\lidarr.plugin.common.tests.dll" id="5b02c011-fbcf-7aef-328a-5057f145a444">
      <Execution id="edc7de45-8e79-4254-b56e-54c70c654540" />
      <TestMethod codeBase="I:\Arr-Plugins\Lidarr\lidarr.plugin.common\tests\bin\Release\net8.0\Lidarr.Plugin.Common.Tests.dll" adapterTypeName="executor://xunit/VsTestRunner2/netcoreapp" className="Lidarr.Plugin.Common.Tests.PluginManifestTests" name="EvaluateCompatibility_enforces_min_host_version" />
    </UnitTest>
    <UnitTest name="Lidarr.Plugin.Common.Tests.ResilienceLoggingTests.WarnOnce_EmitsSingleEvent_PerProvider" storage="i:\arr-plugins\lidarr\lidarr.plugin.common\tests\bin\release\net8.0\lidarr.plugin.common.tests.dll" id="1ebce3b1-b3fd-0bfa-6c9b-4e5e74dce980">
      <Execution id="843e30e0-5766-4db7-bfa0-48788365bc56" />
      <TestMethod codeBase="I:\Arr-Plugins\Lidarr\lidarr.plugin.common\tests\bin\Release\net8.0\Lidarr.Plugin.Common.Tests.dll" adapterTypeName="executor://xunit/VsTestRunner2/netcoreapp" className="Lidarr.Plugin.Common.Tests.ResilienceLoggingTests" name="WarnOnce_EmitsSingleEvent_PerProvider" />
    </UnitTest>
    <UnitTest name="Lidarr.Plugin.Common.Tests.RequestDeduplicatorTests.Dispose_CancelsPendingRequests" storage="i:\arr-plugins\lidarr\lidarr.plugin.common\tests\bin\release\net8.0\lidarr.plugin.common.tests.dll" id="e58618b5-63c4-e684-df1e-2b3c2d39e953">
      <Execution id="6807a2b1-370d-4e98-b9e4-593f02936336" />
      <TestMethod codeBase="I:\Arr-Plugins\Lidarr\lidarr.plugin.common\tests\bin\Release\net8.0\Lidarr.Plugin.Common.Tests.dll" adapterTypeName="executor://xunit/VsTestRunner2/netcoreapp" className="Lidarr.Plugin.Common.Tests.RequestDeduplicatorTests" name="Dispose_CancelsPendingRequests" />
    </UnitTest>
    <UnitTest name="Lidarr.Plugin.Common.Tests.PluginOperationResultTests.Success_Result_ReportsAsSuccessful" storage="i:\arr-plugins\lidarr\lidarr.plugin.common\tests\bin\release\net8.0\lidarr.plugin.common.tests.dll" id="0aa75f1b-00cb-35ca-837d-48843c3f539b">
      <Execution id="0fc624df-d2cd-45c9-aa2c-bd986a20f63a" />
      <TestMethod codeBase="I:\Arr-Plugins\Lidarr\lidarr.plugin.common\tests\bin\Release\net8.0\Lidarr.Plugin.Common.Tests.dll" adapterTypeName="executor://xunit/VsTestRunner2/netcoreapp" className="Lidarr.Plugin.Common.Tests.PluginOperationResultTests" name="Success_Result_ReportsAsSuccessful" />
    </UnitTest>
    <UnitTest name="Lidarr.Plugin.Common.Tests.ConfigCommandTests.Get_MasksSensitiveValues" storage="i:\arr-plugins\lidarr\lidarr.plugin.common\tests\bin\release\net8.0\lidarr.plugin.common.tests.dll" id="b720d816-36d8-6ba9-4007-35c905a4e476">
      <Execution id="fc0e1b62-19d8-4d11-a2e2-8a38e23c771a" />
      <TestMethod codeBase="I:\Arr-Plugins\Lidarr\lidarr.plugin.common\tests\bin\Release\net8.0\Lidarr.Plugin.Common.Tests.dll" adapterTypeName="executor://xunit/VsTestRunner2/netcoreapp" className="Lidarr.Plugin.Common.Tests.ConfigCommandTests" name="Get_MasksSensitiveValues" />
    </UnitTest>
    <UnitTest name="Lidarr.Plugin.Common.Tests.PluginManifestTests.EvaluateCompatibility_enforces_abstractions_major_match" storage="i:\arr-plugins\lidarr\lidarr.plugin.common\tests\bin\release\net8.0\lidarr.plugin.common.tests.dll" id="424253ca-6336-ce22-d463-63abddaf4cf5">
      <Execution id="a129ccda-2b6e-4b7e-8776-440626a7dde4" />
      <TestMethod codeBase="I:\Arr-Plugins\Lidarr\lidarr.plugin.common\tests\bin\Release\net8.0\Lidarr.Plugin.Common.Tests.dll" adapterTypeName="executor://xunit/VsTestRunner2/netcoreapp" className="Lidarr.Plugin.Common.Tests.PluginManifestTests" name="EvaluateCompatibility_enforces_abstractions_major_match" />
    </UnitTest>
    <UnitTest name="Lidarr.Plugin.Common.Tests.PluginLoaderEdgeTests.LoadAsync_throws_when_entry_assembly_missing" storage="i:\arr-plugins\lidarr\lidarr.plugin.common\tests\bin\release\net8.0\lidarr.plugin.common.tests.dll" id="f3ce8b41-41d5-5554-2e0f-4659d3dd76f6">
      <Execution id="9031e382-3e3a-4406-86e0-71f736d6cb0b" />
      <TestMethod codeBase="I:\Arr-Plugins\Lidarr\lidarr.plugin.common\tests\bin\Release\net8.0\Lidarr.Plugin.Common.Tests.dll" adapterTypeName="executor://xunit/VsTestRunner2/netcoreapp" className="Lidarr.Plugin.Common.Tests.PluginLoaderEdgeTests" name="LoadAsync_throws_when_entry_assembly_missing" />
    </UnitTest>
    <UnitTest name="Lidarr.Plugin.Common.Tests.HttpClientExtensionsTests.ExecuteWithResilienceAsync_RespectsCallerCancellation" storage="i:\arr-plugins\lidarr\lidarr.plugin.common\tests\bin\release\net8.0\lidarr.plugin.common.tests.dll" id="08f2346e-3f52-46dc-6637-7f5677e6a813">
      <Execution id="a7a151a2-6ff5-406d-a0c5-de4dfe5fd85a" />
      <TestMethod codeBase="I:\Arr-Plugins\Lidarr\lidarr.plugin.common\tests\bin\Release\net8.0\Lidarr.Plugin.Common.Tests.dll" adapterTypeName="executor://xunit/VsTestRunner2/netcoreapp" className="Lidarr.Plugin.Common.Tests.HttpClientExtensionsTests" name="ExecuteWithResilienceAsync_RespectsCallerCancellation" />
    </UnitTest>
    <UnitTest name="Lidarr.Plugin.Common.Tests.PluginOperationResultTests.NonGenericFailure_ThrowsOnEnsure" storage="i:\arr-plugins\lidarr\lidarr.plugin.common\tests\bin\release\net8.0\lidarr.plugin.common.tests.dll" id="43f9b770-9816-95e8-c866-029e634b5380">
      <Execution id="774ba548-96d1-4069-9575-855293f8652d" />
      <TestMethod codeBase="I:\Arr-Plugins\Lidarr\lidarr.plugin.common\tests\bin\Release\net8.0\Lidarr.Plugin.Common.Tests.dll" adapterTypeName="executor://xunit/VsTestRunner2/netcoreapp" className="Lidarr.Plugin.Common.Tests.PluginOperationResultTests" name="NonGenericFailure_ThrowsOnEnsure" />
    </UnitTest>
    <UnitTest name="Lidarr.Plugin.Common.Tests.HttpClientExtensionsTests.SendWithResilienceAsync_HonorsBuilderPolicy_WhenPresent" storage="i:\arr-plugins\lidarr\lidarr.plugin.common\tests\bin\release\net8.0\lidarr.plugin.common.tests.dll" id="0b4284a0-e498-bff8-cfed-60f92103b08b">
      <Execution id="715ff650-d266-4a8f-bf78-dcaefeeba2b7" />
      <TestMethod codeBase="I:\Arr-Plugins\Lidarr\lidarr.plugin.common\tests\bin\Release\net8.0\Lidarr.Plugin.Common.Tests.dll" adapterTypeName="executor://xunit/VsTestRunner2/netcoreapp" className="Lidarr.Plugin.Common.Tests.HttpClientExtensionsTests" name="SendWithResilienceAsync_HonorsBuilderPolicy_WhenPresent" />
    </UnitTest>
    <UnitTest name="Lidarr.Plugin.Common.Tests.PluginManifestTests.FromJson_throws_when_version_invalid" storage="i:\arr-plugins\lidarr\lidarr.plugin.common\tests\bin\release\net8.0\lidarr.plugin.common.tests.dll" id="2aaa9232-88cd-42de-2645-a54625fe7c0b">
      <Execution id="4d9792b6-27c8-405f-9281-61318a8d3500" />
      <TestMethod codeBase="I:\Arr-Plugins\Lidarr\lidarr.plugin.common\tests\bin\Release\net8.0\Lidarr.Plugin.Common.Tests.dll" adapterTypeName="executor://xunit/VsTestRunner2/netcoreapp" className="Lidarr.Plugin.Common.Tests.PluginManifestTests" name="FromJson_throws_when_version_invalid" />
    </UnitTest>
    <UnitTest name="Lidarr.Plugin.Common.Tests.StreamingHelpersTests.GenerateSearchCacheKey_IgnoresSensitiveParameters" storage="i:\arr-plugins\lidarr\lidarr.plugin.common\tests\bin\release\net8.0\lidarr.plugin.common.tests.dll" id="d77e2cc6-7a53-7008-23eb-a26b243033d9">
      <Execution id="446b17cd-c374-4237-ab54-f6bebcb8be46" />
      <TestMethod codeBase="I:\Arr-Plugins\Lidarr\lidarr.plugin.common\tests\bin\Release\net8.0\Lidarr.Plugin.Common.Tests.dll" adapterTypeName="executor://xunit/VsTestRunner2/netcoreapp" className="Lidarr.Plugin.Common.Tests.StreamingHelpersTests" name="GenerateSearchCacheKey_IgnoresSensitiveParameters" />
    </UnitTest>
    <UnitTest name="Lidarr.Plugin.Common.Tests.PluginManifestTests.FromJson_throws_when_api_version_invalid" storage="i:\arr-plugins\lidarr\lidarr.plugin.common\tests\bin\release\net8.0\lidarr.plugin.common.tests.dll" id="c7ef7fe9-2760-ebfe-1a68-cac42d0cf6b5">
      <Execution id="a48b5ba2-056c-4d00-b75c-4d9ed47f2116" />
      <TestMethod codeBase="I:\Arr-Plugins\Lidarr\lidarr.plugin.common\tests\bin\Release\net8.0\Lidarr.Plugin.Common.Tests.dll" adapterTypeName="executor://xunit/VsTestRunner2/netcoreapp" className="Lidarr.Plugin.Common.Tests.PluginManifestTests" name="FromJson_throws_when_api_version_invalid" />
    </UnitTest>
    <UnitTest name="Lidarr.Plugin.Common.Tests.PluginSandboxTests.Plugin_assertions_detect_success" storage="i:\arr-plugins\lidarr\lidarr.plugin.common\tests\bin\release\net8.0\lidarr.plugin.common.tests.dll" id="3ab4d893-f9b4-a437-77f2-303a56be5f45">
      <Execution id="10c05e4f-4b9e-428a-8855-d91fcc4766e9" />
      <TestMethod codeBase="I:\Arr-Plugins\Lidarr\lidarr.plugin.common\tests\bin\Release\net8.0\Lidarr.Plugin.Common.Tests.dll" adapterTypeName="executor://xunit/VsTestRunner2/netcoreapp" className="Lidarr.Plugin.Common.Tests.PluginSandboxTests" name="Plugin_assertions_detect_success" />
    </UnitTest>
    <UnitTest name="Lidarr.Plugin.Common.Tests.PluginHttpOptionsTests.OptionsKeys_CanCarryValues_OnRequest" storage="i:\arr-plugins\lidarr\lidarr.plugin.common\tests\bin\release\net8.0\lidarr.plugin.common.tests.dll" id="cbdd4f0b-de8f-2152-5a63-081d14cc8ca7">
      <Execution id="667d54b9-625d-4f47-b217-e05d15f40ca9" />
      <TestMethod codeBase="I:\Arr-Plugins\Lidarr\lidarr.plugin.common\tests\bin\Release\net8.0\Lidarr.Plugin.Common.Tests.dll" adapterTypeName="executor://xunit/VsTestRunner2/netcoreapp" className="Lidarr.Plugin.Common.Tests.PluginHttpOptionsTests" name="OptionsKeys_CanCarryValues_OnRequest" />
    </UnitTest>
    <UnitTest name="Lidarr.Plugin.Common.Tests.StreamingTokenManagerTests.ClearSessionAsync_ClearsPersisted_WhenNoInMemorySessionLoaded" storage="i:\arr-plugins\lidarr\lidarr.plugin.common\tests\bin\release\net8.0\lidarr.plugin.common.tests.dll" id="33659825-74de-c0ec-de86-2374784ddc2d">
      <Execution id="5e0b06bf-8e60-4d9e-bcda-cca8278144d2" />
      <TestMethod codeBase="I:\Arr-Plugins\Lidarr\lidarr.plugin.common\tests\bin\Release\net8.0\Lidarr.Plugin.Common.Tests.dll" adapterTypeName="executor://xunit/VsTestRunner2/netcoreapp" className="Lidarr.Plugin.Common.Tests.StreamingTokenManagerTests" name="ClearSessionAsync_ClearsPersisted_WhenNoInMemorySessionLoaded" />
    </UnitTest>
    <UnitTest name="Lidarr.Plugin.Common.Tests.SimpleDownloadOrchestratorTests.DownloadTrack_ReportsProgress_WithSpeedAndEta" storage="i:\arr-plugins\lidarr\lidarr.plugin.common\tests\bin\release\net8.0\lidarr.plugin.common.tests.dll" id="17fc5743-5b18-f021-bf3d-623c0eadc761">
      <Execution id="5ce0a535-674e-4af4-9e15-8d870387d51b" />
      <TestMethod codeBase="I:\Arr-Plugins\Lidarr\lidarr.plugin.common\tests\bin\Release\net8.0\Lidarr.Plugin.Common.Tests.dll" adapterTypeName="executor://xunit/VsTestRunner2/netcoreapp" className="Lidarr.Plugin.Common.Tests.SimpleDownloadOrchestratorTests" name="DownloadTrack_ReportsProgress_WithSpeedAndEta" />
    </UnitTest>
    <UnitTest name="Lidarr.Plugin.Common.Tests.PluginCapabilityExtensionsTests.FromManifestValues_ReturnsFlagsAndUnknown" storage="i:\arr-plugins\lidarr\lidarr.plugin.common\tests\bin\release\net8.0\lidarr.plugin.common.tests.dll" id="ec22b8a7-1d07-fb12-eaf1-32d6dd05d976">
      <Execution id="54436343-2102-4c48-a467-bc2544eeaa38" />
      <TestMethod codeBase="I:\Arr-Plugins\Lidarr\lidarr.plugin.common\tests\bin\Release\net8.0\Lidarr.Plugin.Common.Tests.dll" adapterTypeName="executor://xunit/VsTestRunner2/netcoreapp" className="Lidarr.Plugin.Common.Tests.PluginCapabilityExtensionsTests" name="FromManifestValues_ReturnsFlagsAndUnknown" />
    </UnitTest>
    <UnitTest name="Lidarr.Plugin.Common.Tests.HttpClientExtensionsTests.GetJsonAsync_AllowsProblemJsonContentType" storage="i:\arr-plugins\lidarr\lidarr.plugin.common\tests\bin\release\net8.0\lidarr.plugin.common.tests.dll" id="dd104fc9-7e7a-1bb0-ed0e-cf648314cd38">
      <Execution id="687470ef-d33a-4d92-a57a-14a40c1b6ac5" />
      <TestMethod codeBase="I:\Arr-Plugins\Lidarr\lidarr.plugin.common\tests\bin\Release\net8.0\Lidarr.Plugin.Common.Tests.dll" adapterTypeName="executor://xunit/VsTestRunner2/netcoreapp" className="Lidarr.Plugin.Common.Tests.HttpClientExtensionsTests" name="GetJsonAsync_AllowsProblemJsonContentType" />
    </UnitTest>
    <UnitTest name="Lidarr.Plugin.Common.Tests.BaseStreamingDownloadClientTests.ApplyMetadataTags_SkipsWhenApplierMissing" storage="i:\arr-plugins\lidarr\lidarr.plugin.common\tests\bin\release\net8.0\lidarr.plugin.common.tests.dll" id="72e96c06-0413-7ade-1602-d62934e8b7dd">
      <Execution id="20ab2ef8-8c36-4bf4-9e01-9326b1f1801a" />
      <TestMethod codeBase="I:\Arr-Plugins\Lidarr\lidarr.plugin.common\tests\bin\Release\net8.0\Lidarr.Plugin.Common.Tests.dll" adapterTypeName="executor://xunit/VsTestRunner2/netcoreapp" className="Lidarr.Plugin.Common.Tests.BaseStreamingDownloadClientTests" name="ApplyMetadataTags_SkipsWhenApplierMissing" />
    </UnitTest>
    <UnitTest name="Lidarr.Plugin.Common.Tests.HttpClientExtensionsTests.GetJsonAsync_ThrowsWhenContentNotJson" storage="i:\arr-plugins\lidarr\lidarr.plugin.common\tests\bin\release\net8.0\lidarr.plugin.common.tests.dll" id="895f4b50-a9c2-6e01-5570-fb2dc88a7915">
      <Execution id="f6916998-4d38-4581-9885-42113cdcfd57" />
      <TestMethod codeBase="I:\Arr-Plugins\Lidarr\lidarr.plugin.common\tests\bin\Release\net8.0\Lidarr.Plugin.Common.Tests.dll" adapterTypeName="executor://xunit/VsTestRunner2/netcoreapp" className="Lidarr.Plugin.Common.Tests.HttpClientExtensionsTests" name="GetJsonAsync_ThrowsWhenContentNotJson" />
    </UnitTest>
    <UnitTest name="Lidarr.Plugin.Common.Tests.PluginLoaderEdgeTests.LoadAsync_throws_when_manifest_missing" storage="i:\arr-plugins\lidarr\lidarr.plugin.common\tests\bin\release\net8.0\lidarr.plugin.common.tests.dll" id="be746a8a-d188-d8f9-2964-4e716974f275">
      <Execution id="3349b75c-18f8-47fb-93ef-72b5342cf82e" />
      <TestMethod codeBase="I:\Arr-Plugins\Lidarr\lidarr.plugin.common\tests\bin\Release\net8.0\Lidarr.Plugin.Common.Tests.dll" adapterTypeName="executor://xunit/VsTestRunner2/netcoreapp" className="Lidarr.Plugin.Common.Tests.PluginLoaderEdgeTests" name="LoadAsync_throws_when_manifest_missing" />
    </UnitTest>
    <UnitTest name="Lidarr.Plugin.Common.Tests.PluginManifestTests.FromJson_throws_when_required_fields_missing" storage="i:\arr-plugins\lidarr\lidarr.plugin.common\tests\bin\release\net8.0\lidarr.plugin.common.tests.dll" id="559ad64d-b32d-f67a-dfc2-2ca0fdd0251d">
      <Execution id="33c8debe-09c9-45e4-abf1-842468428f26" />
      <TestMethod codeBase="I:\Arr-Plugins\Lidarr\lidarr.plugin.common\tests\bin\Release\net8.0\Lidarr.Plugin.Common.Tests.dll" adapterTypeName="executor://xunit/VsTestRunner2/netcoreapp" className="Lidarr.Plugin.Common.Tests.PluginManifestTests" name="FromJson_throws_when_required_fields_missing" />
    </UnitTest>
    <UnitTest name="Lidarr.Plugin.Common.Tests.StreamingTokenManagerTests.GetValidSessionAsync_RefreshesExpiredPersistedSession" storage="i:\arr-plugins\lidarr\lidarr.plugin.common\tests\bin\release\net8.0\lidarr.plugin.common.tests.dll" id="5f49a52c-1c63-34ec-daa2-069e47c73871">
      <Execution id="ddb0d7e1-3e35-4e86-b959-dd5904b21ee2" />
      <TestMethod codeBase="I:\Arr-Plugins\Lidarr\lidarr.plugin.common\tests\bin\Release\net8.0\Lidarr.Plugin.Common.Tests.dll" adapterTypeName="executor://xunit/VsTestRunner2/netcoreapp" className="Lidarr.Plugin.Common.Tests.StreamingTokenManagerTests" name="GetValidSessionAsync_RefreshesExpiredPersistedSession" />
    </UnitTest>
    <UnitTest name="Lidarr.Plugin.Common.Tests.HttpSingleflightTests.SendWithResilienceAsync_DeduplicatesIdenticalGets_AndRebuildsResponses" storage="i:\arr-plugins\lidarr\lidarr.plugin.common\tests\bin\release\net8.0\lidarr.plugin.common.tests.dll" id="b584ad6f-5be0-5d37-96ce-14d799d34e43">
      <Execution id="5dd7ea40-0ee0-4962-a015-ef85957ce67d" />
      <TestMethod codeBase="I:\Arr-Plugins\Lidarr\lidarr.plugin.common\tests\bin\Release\net8.0\Lidarr.Plugin.Common.Tests.dll" adapterTypeName="executor://xunit/VsTestRunner2/netcoreapp" className="Lidarr.Plugin.Common.Tests.HttpSingleflightTests" name="SendWithResilienceAsync_DeduplicatesIdenticalGets_AndRebuildsResponses" />
    </UnitTest>
    <UnitTest name="Lidarr.Plugin.Common.Tests.StreamingHelpersTests.CreateMaskedSettings_MasksSensitiveProperties" storage="i:\arr-plugins\lidarr\lidarr.plugin.common\tests\bin\release\net8.0\lidarr.plugin.common.tests.dll" id="0aee71d9-fef6-ade5-d631-a153a85836c7">
      <Execution id="c474dec3-009c-4114-95b5-139ff5d75289" />
      <TestMethod codeBase="I:\Arr-Plugins\Lidarr\lidarr.plugin.common\tests\bin\Release\net8.0\Lidarr.Plugin.Common.Tests.dll" adapterTypeName="executor://xunit/VsTestRunner2/netcoreapp" className="Lidarr.Plugin.Common.Tests.StreamingHelpersTests" name="CreateMaskedSettings_MasksSensitiveProperties" />
    </UnitTest>
    <UnitTest name="Lidarr.Plugin.Common.Tests.QueryCanonicalizerTests.Canonicalize_IsOrderInsensitive" storage="i:\arr-plugins\lidarr\lidarr.plugin.common\tests\bin\release\net8.0\lidarr.plugin.common.tests.dll" id="35f95267-e98f-2bc0-a900-b91335a167ee">
      <Execution id="d3f87988-e857-49ff-8caf-a93c50e1cbc7" />
      <TestMethod codeBase="I:\Arr-Plugins\Lidarr\lidarr.plugin.common\tests\bin\Release\net8.0\Lidarr.Plugin.Common.Tests.dll" adapterTypeName="executor://xunit/VsTestRunner2/netcoreapp" className="Lidarr.Plugin.Common.Tests.QueryCanonicalizerTests" name="Canonicalize_IsOrderInsensitive" />
    </UnitTest>
    <UnitTest name="Lidarr.Plugin.Common.Tests.HttpClientExtensionsTests.ContentDecodingSniffer_PeeksOnlyHeaderBytesForPlainContent" storage="i:\arr-plugins\lidarr\lidarr.plugin.common\tests\bin\release\net8.0\lidarr.plugin.common.tests.dll" id="3181563e-7250-e545-7ab2-4b25291ebdfa">
      <Execution id="5947d8b0-c6d6-462f-a734-8261ee5d6219" />
      <TestMethod codeBase="I:\Arr-Plugins\Lidarr\lidarr.plugin.common\tests\bin\Release\net8.0\Lidarr.Plugin.Common.Tests.dll" adapterTypeName="executor://xunit/VsTestRunner2/netcoreapp" className="Lidarr.Plugin.Common.Tests.HttpClientExtensionsTests" name="ContentDecodingSniffer_PeeksOnlyHeaderBytesForPlainContent" />
    </UnitTest>
    <UnitTest name="Lidarr.Plugin.Common.Tests.ConfigCommandTests.Set_ReturnsErrorForInvalidConversion" storage="i:\arr-plugins\lidarr\lidarr.plugin.common\tests\bin\release\net8.0\lidarr.plugin.common.tests.dll" id="9cb5d1c1-5bdf-6851-7987-d0534a096a9d">
      <Execution id="f18d72ab-82d2-466f-8fad-de4b755e23d7" />
      <TestMethod codeBase="I:\Arr-Plugins\Lidarr\lidarr.plugin.common\tests\bin\Release\net8.0\Lidarr.Plugin.Common.Tests.dll" adapterTypeName="executor://xunit/VsTestRunner2/netcoreapp" className="Lidarr.Plugin.Common.Tests.ConfigCommandTests" name="Set_ReturnsErrorForInvalidConversion" />
    </UnitTest>
    <UnitTest name="Lidarr.Plugin.Common.Tests.CacheKeyBuilderTests.Build_Varies_By_Method_And_Scope_And_Authority" storage="i:\arr-plugins\lidarr\lidarr.plugin.common\tests\bin\release\net8.0\lidarr.plugin.common.tests.dll" id="5783f364-dedf-2723-77aa-1eb03a3ed7ec">
      <Execution id="d52a0f4a-ad43-4b6a-b9f2-768e4f9892d7" />
      <TestMethod codeBase="I:\Arr-Plugins\Lidarr\lidarr.plugin.common\tests\bin\Release\net8.0\Lidarr.Plugin.Common.Tests.dll" adapterTypeName="executor://xunit/VsTestRunner2/netcoreapp" className="Lidarr.Plugin.Common.Tests.CacheKeyBuilderTests" name="Build_Varies_By_Method_And_Scope_And_Authority" />
    </UnitTest>
    <UnitTest name="Lidarr.Plugin.Common.Tests.PluginCapabilityExtensionsTests.ToManifestValues_ProducesStableOrdering" storage="i:\arr-plugins\lidarr\lidarr.plugin.common\tests\bin\release\net8.0\lidarr.plugin.common.tests.dll" id="81e3a001-350c-7f9c-49a3-f3a9a3c159e5">
      <Execution id="ebd9fd99-b920-48c4-89f5-a1eb20a3302e" />
      <TestMethod codeBase="I:\Arr-Plugins\Lidarr\lidarr.plugin.common\tests\bin\Release\net8.0\Lidarr.Plugin.Common.Tests.dll" adapterTypeName="executor://xunit/VsTestRunner2/netcoreapp" className="Lidarr.Plugin.Common.Tests.PluginCapabilityExtensionsTests" name="ToManifestValues_ProducesStableOrdering" />
    </UnitTest>
    <UnitTest name="Lidarr.Plugin.Common.Tests.HttpClientExtensionsTests.ExecuteWithResilienceAsync_UpgradesHostGateLimit" storage="i:\arr-plugins\lidarr\lidarr.plugin.common\tests\bin\release\net8.0\lidarr.plugin.common.tests.dll" id="3ce80a54-d606-16af-be97-5d380f19e6d7">
      <Execution id="8057220c-be07-412e-b474-7edad0ded24e" />
      <TestMethod codeBase="I:\Arr-Plugins\Lidarr\lidarr.plugin.common\tests\bin\Release\net8.0\Lidarr.Plugin.Common.Tests.dll" adapterTypeName="executor://xunit/VsTestRunner2/netcoreapp" className="Lidarr.Plugin.Common.Tests.HttpClientExtensionsTests" name="ExecuteWithResilienceAsync_UpgradesHostGateLimit" />
    </UnitTest>
    <UnitTest name="Lidarr.Plugin.Common.Tests.ConfigCommandTests.Get_ReturnsFormattedValue" storage="i:\arr-plugins\lidarr\lidarr.plugin.common\tests\bin\release\net8.0\lidarr.plugin.common.tests.dll" id="96d64dc5-fd91-0b23-19a5-a82656cf63d3">
      <Execution id="d869ab4b-2532-459a-8bbc-bd4a792b7c55" />
      <TestMethod codeBase="I:\Arr-Plugins\Lidarr\lidarr.plugin.common\tests\bin\Release\net8.0\Lidarr.Plugin.Common.Tests.dll" adapterTypeName="executor://xunit/VsTestRunner2/netcoreapp" className="Lidarr.Plugin.Common.Tests.ConfigCommandTests" name="Get_ReturnsFormattedValue" />
    </UnitTest>
    <UnitTest name="Lidarr.Plugin.Common.Tests.GenericResilienceExecutorTests.ExecuteWithResilience_StopsOnBudgetExhaustion" storage="i:\arr-plugins\lidarr\lidarr.plugin.common\tests\bin\release\net8.0\lidarr.plugin.common.tests.dll" id="20b954bf-bad8-6be5-947a-90cc1942727b">
      <Execution id="cc6d27dc-32c1-4cbd-8b5d-2eb659d8e5a0" />
      <TestMethod codeBase="I:\Arr-Plugins\Lidarr\lidarr.plugin.common\tests\bin\Release\net8.0\Lidarr.Plugin.Common.Tests.dll" adapterTypeName="executor://xunit/VsTestRunner2/netcoreapp" className="Lidarr.Plugin.Common.Tests.GenericResilienceExecutorTests" name="ExecuteWithResilience_StopsOnBudgetExhaustion" />
    </UnitTest>
    <UnitTest name="Lidarr.Plugin.Common.Tests.ManifestCheckScriptTests.ManifestCheck_ProjectReference_FallsBack_To_CommonVersion_Warns_Man001" storage="i:\arr-plugins\lidarr\lidarr.plugin.common\tests\bin\release\net8.0\lidarr.plugin.common.tests.dll" id="24b8aef8-8388-fef1-ae92-2286f1dfeb64">
      <Execution id="8fba0bf0-0279-4fc7-831e-db7b5d11bdcc" />
      <TestMethod codeBase="I:\Arr-Plugins\Lidarr\lidarr.plugin.common\tests\bin\Release\net8.0\Lidarr.Plugin.Common.Tests.dll" adapterTypeName="executor://xunit/VsTestRunner2/netcoreapp" className="Lidarr.Plugin.Common.Tests.ManifestCheckScriptTests" name="ManifestCheck_ProjectReference_FallsBack_To_CommonVersion_Warns_Man001" />
    </UnitTest>
    <UnitTest name="Lidarr.Plugin.Common.Tests.StreamingResponseCacheTests.InvalidateByPrefix_UsesCacheSeedWhenMatching" storage="i:\arr-plugins\lidarr\lidarr.plugin.common\tests\bin\release\net8.0\lidarr.plugin.common.tests.dll" id="6a2ec953-ea7c-5d7f-841d-338e28ec38d9">
      <Execution id="280ea13a-3ed4-43f1-b3d6-73a10b4d0482" />
      <TestMethod codeBase="I:\Arr-Plugins\Lidarr\lidarr.plugin.common\tests\bin\Release\net8.0\Lidarr.Plugin.Common.Tests.dll" adapterTypeName="executor://xunit/VsTestRunner2/netcoreapp" className="Lidarr.Plugin.Common.Tests.StreamingResponseCacheTests" name="InvalidateByPrefix_UsesCacheSeedWhenMatching" />
    </UnitTest>
    <UnitTest name="Lidarr.Plugin.Common.Tests.CacheKeyBuilderTests.Build_IsStable_GivenSameAuthorityPathQueryAndMethod" storage="i:\arr-plugins\lidarr\lidarr.plugin.common\tests\bin\release\net8.0\lidarr.plugin.common.tests.dll" id="1d68383f-c5fd-e0fe-d2c2-3d1d1e37c203">
      <Execution id="010c6b21-87fc-455a-9c3e-d05f7c64ae15" />
      <TestMethod codeBase="I:\Arr-Plugins\Lidarr\lidarr.plugin.common\tests\bin\Release\net8.0\Lidarr.Plugin.Common.Tests.dll" adapterTypeName="executor://xunit/VsTestRunner2/netcoreapp" className="Lidarr.Plugin.Common.Tests.CacheKeyBuilderTests" name="Build_IsStable_GivenSameAuthorityPathQueryAndMethod" />
    </UnitTest>
    <UnitTest name="Lidarr.Plugin.Common.Tests.StreamingTokenManagerTests.GetValidSessionAsync_UsesPersistedSession_WhenNotExpired" storage="i:\arr-plugins\lidarr\lidarr.plugin.common\tests\bin\release\net8.0\lidarr.plugin.common.tests.dll" id="ebae0d56-ce60-883f-dafa-af2cf6bea658">
      <Execution id="ae685705-c587-4eb0-a7b6-c9cc1b7f1eae" />
      <TestMethod codeBase="I:\Arr-Plugins\Lidarr\lidarr.plugin.common\tests\bin\Release\net8.0\Lidarr.Plugin.Common.Tests.dll" adapterTypeName="executor://xunit/VsTestRunner2/netcoreapp" className="Lidarr.Plugin.Common.Tests.StreamingTokenManagerTests" name="GetValidSessionAsync_UsesPersistedSession_WhenNotExpired" />
    </UnitTest>
    <UnitTest name="Lidarr.Plugin.Common.Tests.HttpClientExtensionsTests.ContentDecodingSniffer_InflatesMislabelledGzip" storage="i:\arr-plugins\lidarr\lidarr.plugin.common\tests\bin\release\net8.0\lidarr.plugin.common.tests.dll" id="0a179786-1ff2-9041-0e48-b2ee1f7a23b3">
      <Execution id="86d04459-10eb-4d58-97bb-a67b5ebcc572" />
      <TestMethod codeBase="I:\Arr-Plugins\Lidarr\lidarr.plugin.common\tests\bin\Release\net8.0\Lidarr.Plugin.Common.Tests.dll" adapterTypeName="executor://xunit/VsTestRunner2/netcoreapp" className="Lidarr.Plugin.Common.Tests.HttpClientExtensionsTests" name="ContentDecodingSniffer_InflatesMislabelledGzip" />
    </UnitTest>
    <UnitTest name="Lidarr.Plugin.Common.Tests.HttpClientExtensionsTests.ContentDecodingSniffer_StripsEncodingHeadersAfterInflate" storage="i:\arr-plugins\lidarr\lidarr.plugin.common\tests\bin\release\net8.0\lidarr.plugin.common.tests.dll" id="d0e92191-96a9-83ae-3aa1-cf45b6cf2cca">
      <Execution id="473c5208-20a1-4c09-94d5-e052b42f211d" />
      <TestMethod codeBase="I:\Arr-Plugins\Lidarr\lidarr.plugin.common\tests\bin\Release\net8.0\Lidarr.Plugin.Common.Tests.dll" adapterTypeName="executor://xunit/VsTestRunner2/netcoreapp" className="Lidarr.Plugin.Common.Tests.HttpClientExtensionsTests" name="ContentDecodingSniffer_StripsEncodingHeadersAfterInflate" />
    </UnitTest>
    <UnitTest name="Lidarr.Plugin.Common.Tests.PluginSandboxTests.Embedded_json_is_available" storage="i:\arr-plugins\lidarr\lidarr.plugin.common\tests\bin\release\net8.0\lidarr.plugin.common.tests.dll" id="263fd0b1-064b-f053-a634-e6bbfa419aaf">
      <Execution id="e272aee0-201f-4cb4-9205-af2c4b1226e6" />
      <TestMethod codeBase="I:\Arr-Plugins\Lidarr\lidarr.plugin.common\tests\bin\Release\net8.0\Lidarr.Plugin.Common.Tests.dll" adapterTypeName="executor://xunit/VsTestRunner2/netcoreapp" className="Lidarr.Plugin.Common.Tests.PluginSandboxTests" name="Embedded_json_is_available" />
    </UnitTest>
    <UnitTest name="Lidarr.Plugin.Common.Tests.HttpClientExtensionsTests.ExecuteWithResilienceAsync_UsesProfileInHostGateKey_WhenProvided" storage="i:\arr-plugins\lidarr\lidarr.plugin.common\tests\bin\release\net8.0\lidarr.plugin.common.tests.dll" id="97cac643-521d-8033-bde4-fd59c1d868f5">
      <Execution id="fa85f26e-cf59-4fe1-8d16-bb08fbd50648" />
      <TestMethod codeBase="I:\Arr-Plugins\Lidarr\lidarr.plugin.common\tests\bin\Release\net8.0\Lidarr.Plugin.Common.Tests.dll" adapterTypeName="executor://xunit/VsTestRunner2/netcoreapp" className="Lidarr.Plugin.Common.Tests.HttpClientExtensionsTests" name="ExecuteWithResilienceAsync_UsesProfileInHostGateKey_WhenProvided" />
    </UnitTest>
    <UnitTest name="Lidarr.Plugin.Common.Tests.BaseStreamingDownloadClientTests.ApplyMetadataTags_SkipsWhenMetadataNull" storage="i:\arr-plugins\lidarr\lidarr.plugin.common\tests\bin\release\net8.0\lidarr.plugin.common.tests.dll" id="d7a45563-7d4b-b0ad-3581-1d3ce9234f39">
      <Execution id="c8426825-4b1a-40e3-832a-7f8f25c2ac80" />
      <TestMethod codeBase="I:\Arr-Plugins\Lidarr\lidarr.plugin.common\tests\bin\Release\net8.0\Lidarr.Plugin.Common.Tests.dll" adapterTypeName="executor://xunit/VsTestRunner2/netcoreapp" className="Lidarr.Plugin.Common.Tests.BaseStreamingDownloadClientTests" name="ApplyMetadataTags_SkipsWhenMetadataNull" />
    </UnitTest>
    <UnitTest name="Lidarr.Plugin.Common.Tests.RequestDeduplicatorCoalesceTests.GetOrCreateAsync_CoalescesConcurrentFactories" storage="i:\arr-plugins\lidarr\lidarr.plugin.common\tests\bin\release\net8.0\lidarr.plugin.common.tests.dll" id="ae1f59e8-5bbc-8353-41aa-750318a85794">
      <Execution id="b05ce5b6-22f6-4e34-9c1a-4b735fc9c02e" />
      <TestMethod codeBase="I:\Arr-Plugins\Lidarr\lidarr.plugin.common\tests\bin\Release\net8.0\Lidarr.Plugin.Common.Tests.dll" adapterTypeName="executor://xunit/VsTestRunner2/netcoreapp" className="Lidarr.Plugin.Common.Tests.RequestDeduplicatorCoalesceTests" name="GetOrCreateAsync_CoalescesConcurrentFactories" />
    </UnitTest>
    <UnitTest name="Lidarr.Plugin.Common.Tests.HttpClientExtensionsTests.ContentDecodingSniffer_PreservesContentLengthForPassthrough" storage="i:\arr-plugins\lidarr\lidarr.plugin.common\tests\bin\release\net8.0\lidarr.plugin.common.tests.dll" id="6d3d5096-5e16-3323-25a6-a432c44f7c48">
      <Execution id="41133228-653e-426e-87d1-443a0c643537" />
      <TestMethod codeBase="I:\Arr-Plugins\Lidarr\lidarr.plugin.common\tests\bin\Release\net8.0\Lidarr.Plugin.Common.Tests.dll" adapterTypeName="executor://xunit/VsTestRunner2/netcoreapp" className="Lidarr.Plugin.Common.Tests.HttpClientExtensionsTests" name="ContentDecodingSniffer_PreservesContentLengthForPassthrough" />
    </UnitTest>
    <UnitTest name="Lidarr.Plugin.Common.Tests.ConfigCommandTests.Set_UpdatesSettingAndPersists" storage="i:\arr-plugins\lidarr\lidarr.plugin.common\tests\bin\release\net8.0\lidarr.plugin.common.tests.dll" id="a35af586-aef0-c652-0ec3-a89afa464906">
      <Execution id="d3b01f18-a1c7-40b9-a031-04133eda1780" />
[...]
      <Execution id="5bda7719-b560-4d49-b40b-490b80069b50" />
      <TestMethod codeBase="I:\Arr-Plugins\Lidarr\lidarr.plugin.common\tests\bin\Release\net8.0\Lidarr.Plugin.Common.Tests.dll" adapterTypeName="executor://xunit/VsTestRunner2/netcoreapp" className="Lidarr.Plugin.Common.Tests.PluginIsolationTests" name="Rejects_incompatible_api_version" />
    </UnitTest>
    <UnitTest name="Lidarr.Plugin.Common.Tests.PluginSandboxTests.Gzip_handler_roundtrips_payload" storage="i:\arr-plugins\lidarr\lidarr.plugin.common\tests\bin\release\net8.0\lidarr.plugin.common.tests.dll" id="be9ab65a-b948-103a-0c32-b4e020e464ce">
      <Execution id="6570eec0-9bcb-495f-979d-bd02ef4e5485" />
      <TestMethod codeBase="I:\Arr-Plugins\Lidarr\lidarr.plugin.common\tests\bin\Release\net8.0\Lidarr.Plugin.Common.Tests.dll" adapterTypeName="executor://xunit/VsTestRunner2/netcoreapp" className="Lidarr.Plugin.Common.Tests.PluginSandboxTests" name="Gzip_handler_roundtrips_payload" />
    </UnitTest>
    <UnitTest name="Lidarr.Plugin.Common.Tests.SimpleDownloadOrchestratorTests.DownloadTrack_ResumeWithIfRange_ContinuesFromPartial" storage="i:\arr-plugins\lidarr\lidarr.plugin.common\tests\bin\release\net8.0\lidarr.plugin.common.tests.dll" id="33d6f95a-d68a-2305-9563-311446e1d9b4">
      <Execution id="37ca5d22-860c-4c82-85e8-f19769b11ca1" />
      <TestMethod codeBase="I:\Arr-Plugins\Lidarr\lidarr.plugin.common\tests\bin\Release\net8.0\Lidarr.Plugin.Common.Tests.dll" adapterTypeName="executor://xunit/VsTestRunner2/netcoreapp" className="Lidarr.Plugin.Common.Tests.SimpleDownloadOrchestratorTests" name="DownloadTrack_ResumeWithIfRange_ContinuesFromPartial" />
    </UnitTest>
    <UnitTest name="Lidarr.Plugin.Common.SampleTests.PluginSmokeTests.PluginLoads" storage="i:\arr-plugins\lidarr\lidarr.plugin.common\tests\bin\release\net8.0\lidarr.plugin.common.tests.dll" id="f7826f76-16f0-36c6-9954-4fc37aa3e5de">
      <Execution id="0c0cb2b3-ac84-4a0b-8dba-c149bf32a0a5" />
      <TestMethod codeBase="I:\Arr-Plugins\Lidarr\lidarr.plugin.common\tests\bin\Release\net8.0\Lidarr.Plugin.Common.Tests.dll" adapterTypeName="executor://xunit/VsTestRunner2/netcoreapp" className="Lidarr.Plugin.Common.SampleTests.PluginSmokeTests" name="PluginLoads" />
    </UnitTest>
    <UnitTest name="Lidarr.Plugin.Common.Tests.StreamingResponseCacheTests.GenerateCacheKey_IsStableAcrossInstances" storage="i:\arr-plugins\lidarr\lidarr.plugin.common\tests\bin\release\net8.0\lidarr.plugin.common.tests.dll" id="4aa72e1b-1b08-b5dd-b8e3-b059e533fc61">
      <Execution id="abeae6ef-0408-429a-a4f8-66ef793434b9" />
      <TestMethod codeBase="I:\Arr-Plugins\Lidarr\lidarr.plugin.common\tests\bin\Release\net8.0\Lidarr.Plugin.Common.Tests.dll" adapterTypeName="executor://xunit/VsTestRunner2/netcoreapp" className="Lidarr.Plugin.Common.Tests.StreamingResponseCacheTests" name="GenerateCacheKey_IsStableAcrossInstances" />
    </UnitTest>
    <UnitTest name="Lidarr.Plugin.Common.Tests.StreamingResponseCacheTests.Set_EnforcesMaxCacheSizeByEvictingOldest" storage="i:\arr-plugins\lidarr\lidarr.plugin.common\tests\bin\release\net8.0\lidarr.plugin.common.tests.dll" id="fac6af69-bc1c-e8d7-be75-f3b4c57bbc97">
      <Execution id="4c95fe80-db33-4a42-b606-78532b72172a" />
      <TestMethod codeBase="I:\Arr-Plugins\Lidarr\lidarr.plugin.common\tests\bin\Release\net8.0\Lidarr.Plugin.Common.Tests.dll" adapterTypeName="executor://xunit/VsTestRunner2/netcoreapp" className="Lidarr.Plugin.Common.Tests.StreamingResponseCacheTests" name="Set_EnforcesMaxCacheSizeByEvictingOldest" />
    </UnitTest>
  </TestDefinitions>
  <TestEntries>
    <TestEntry testId="3ab4d893-f9b4-a437-77f2-303a56be5f45" executionId="10c05e4f-4b9e-428a-8855-d91fcc4766e9" testListId="8c84fa94-04c1-424b-9868-57a2d4851a1d" />
    <TestEntry testId="0a265fb3-5ec2-ff7c-37d6-c3c25c4ec6d5" executionId="1f4cb629-b0d5-4fa9-8f9b-bcb59cdf8278" testListId="8c84fa94-04c1-424b-9868-57a2d4851a1d" />
    <TestEntry testId="d0e92191-96a9-83ae-3aa1-cf45b6cf2cca" executionId="473c5208-20a1-4c09-94d5-e052b42f211d" testListId="8c84fa94-04c1-424b-9868-57a2d4851a1d" />
    <TestEntry testId="1d68383f-c5fd-e0fe-d2c2-3d1d1e37c203" executionId="010c6b21-87fc-455a-9c3e-d05f7c64ae15" testListId="8c84fa94-04c1-424b-9868-57a2d4851a1d" />
    <TestEntry testId="8641ead0-bb64-a144-f6bf-86d8b9ee0f9f" executionId="e1f4b1d4-55cc-4537-8b9c-1b1a3b09cb4f" testListId="8c84fa94-04c1-424b-9868-57a2d4851a1d" />
    <TestEntry testId="65de0143-a7a1-1647-bccf-b4b101771d0b" executionId="76cacb7d-20a2-4b9b-81dc-ec78b3fc5652" testListId="8c84fa94-04c1-424b-9868-57a2d4851a1d" />
    <TestEntry testId="a35af586-aef0-c652-0ec3-a89afa464906" executionId="d3b01f18-a1c7-40b9-a031-04133eda1780" testListId="8c84fa94-04c1-424b-9868-57a2d4851a1d" />
    <TestEntry testId="4aa72e1b-1b08-b5dd-b8e3-b059e533fc61" executionId="abeae6ef-0408-429a-a4f8-66ef793434b9" testListId="8c84fa94-04c1-424b-9868-57a2d4851a1d" />
    <TestEntry testId="2aaa9232-88cd-42de-2645-a54625fe7c0b" executionId="4d9792b6-27c8-405f-9281-61318a8d3500" testListId="8c84fa94-04c1-424b-9868-57a2d4851a1d" />
    <TestEntry testId="96d64dc5-fd91-0b23-19a5-a82656cf63d3" executionId="d869ab4b-2532-459a-8bbc-bd4a792b7c55" testListId="8c84fa94-04c1-424b-9868-57a2d4851a1d" />
    <TestEntry testId="0aee71d9-fef6-ade5-d631-a153a85836c7" executionId="c474dec3-009c-4114-95b5-139ff5d75289" testListId="8c84fa94-04c1-424b-9868-57a2d4851a1d" />
    <TestEntry testId="f7826f76-16f0-36c6-9954-4fc37aa3e5de" executionId="0c0cb2b3-ac84-4a0b-8dba-c149bf32a0a5" testListId="8c84fa94-04c1-424b-9868-57a2d4851a1d" />
    <TestEntry testId="6bc513f6-dcd9-9f7f-a005-a6b31100dc26" executionId="cd0082a7-b77a-4fb2-9ccf-b5fe446e6018" testListId="8c84fa94-04c1-424b-9868-57a2d4851a1d" />
    <TestEntry testId="eb3e2701-a964-c38f-ed17-317cd0a21941" executionId="9cfa0792-dad7-4f16-8b5e-55867a1b2286" testListId="8c84fa94-04c1-424b-9868-57a2d4851a1d" />
    <TestEntry testId="0a179786-1ff2-9041-0e48-b2ee1f7a23b3" executionId="86d04459-10eb-4d58-97bb-a67b5ebcc572" testListId="8c84fa94-04c1-424b-9868-57a2d4851a1d" />
    <TestEntry testId="ebae0d56-ce60-883f-dafa-af2cf6bea658" executionId="ae685705-c587-4eb0-a7b6-c9cc1b7f1eae" testListId="8c84fa94-04c1-424b-9868-57a2d4851a1d" />
    <TestEntry testId="66a87fbe-b3cd-a732-6c63-11de6a650535" executionId="7d53ab91-c35c-44ba-8eef-56c17dae73b0" testListId="8c84fa94-04c1-424b-9868-57a2d4851a1d" />
    <TestEntry testId="c7ef7fe9-2760-ebfe-1a68-cac42d0cf6b5" executionId="a48b5ba2-056c-4d00-b75c-4d9ed47f2116" testListId="8c84fa94-04c1-424b-9868-57a2d4851a1d" />
    <TestEntry testId="be746a8a-d188-d8f9-2964-4e716974f275" executionId="3349b75c-18f8-47fb-93ef-72b5342cf82e" testListId="8c84fa94-04c1-424b-9868-57a2d4851a1d" />
    <TestEntry testId="d927feee-a65a-7aa9-1941-8546f9852434" executionId="58b1842b-252d-4bad-a6d6-c91ea59282d0" testListId="8c84fa94-04c1-424b-9868-57a2d4851a1d" />
    <TestEntry testId="5f49a52c-1c63-34ec-daa2-069e47c73871" executionId="ddb0d7e1-3e35-4e86-b959-dd5904b21ee2" testListId="8c84fa94-04c1-424b-9868-57a2d4851a1d" />
    <TestEntry testId="5783f364-dedf-2723-77aa-1eb03a3ed7ec" executionId="d52a0f4a-ad43-4b6a-b9f2-768e4f9892d7" testListId="8c84fa94-04c1-424b-9868-57a2d4851a1d" />
    <TestEntry testId="94b0a70f-040e-9029-ad58-a0fbeff77251" executionId="f13425a8-f014-4cec-8970-7e31e5046285" testListId="8c84fa94-04c1-424b-9868-57a2d4851a1d" />
    <TestEntry testId="dd104fc9-7e7a-1bb0-ed0e-cf648314cd38" executionId="687470ef-d33a-4d92-a57a-14a40c1b6ac5" testListId="8c84fa94-04c1-424b-9868-57a2d4851a1d" />
    <TestEntry testId="0b4284a0-e498-bff8-cfed-60f92103b08b" executionId="715ff650-d266-4a8f-bf78-dcaefeeba2b7" testListId="8c84fa94-04c1-424b-9868-57a2d4851a1d" />
    <TestEntry testId="b720d816-36d8-6ba9-4007-35c905a4e476" executionId="fc0e1b62-19d8-4d11-a2e2-8a38e23c771a" testListId="8c84fa94-04c1-424b-9868-57a2d4851a1d" />
    <TestEntry testId="ae5b443e-885a-693b-851f-81e06742e0c6" executionId="5bda7719-b560-4d49-b40b-490b80069b50" testListId="8c84fa94-04c1-424b-9868-57a2d4851a1d" />
    <TestEntry testId="43f9b770-9816-95e8-c866-029e634b5380" executionId="774ba548-96d1-4069-9575-855293f8652d" testListId="8c84fa94-04c1-424b-9868-57a2d4851a1d" />
    <TestEntry testId="ae1f59e8-5bbc-8353-41aa-750318a85794" executionId="b05ce5b6-22f6-4e34-9c1a-4b735fc9c02e" testListId="8c84fa94-04c1-424b-9868-57a2d4851a1d" />
    <TestEntry testId="fda76aa8-748f-ad01-5e00-9d8d00d928d7" executionId="c45d4d5a-e972-44c7-84b1-ca38e388ffe7" testListId="8c84fa94-04c1-424b-9868-57a2d4851a1d" />
    <TestEntry testId="e58618b5-63c4-e684-df1e-2b3c2d39e953" executionId="6807a2b1-370d-4e98-b9e4-593f02936336" testListId="8c84fa94-04c1-424b-9868-57a2d4851a1d" />
    <TestEntry testId="cbce58cd-fdb8-511c-01f0-2112298fed1b" executionId="6bf5decc-88ca-45d0-97e1-f884b959d600" testListId="8c84fa94-04c1-424b-9868-57a2d4851a1d" />
    <TestEntry testId="f3e21f12-4a90-0496-9b9d-0022919df46d" executionId="247fb6fb-bc55-4154-bc7a-58c58009dd6e" testListId="8c84fa94-04c1-424b-9868-57a2d4851a1d" />
    <TestEntry testId="c66947bc-24ce-b038-bfe3-85e3bfce01ee" executionId="bdfed3e4-ed05-4a90-ae17-fbdf6dfa73dc" testListId="8c84fa94-04c1-424b-9868-57a2d4851a1d" />
    <TestEntry testId="17fc5743-5b18-f021-bf3d-623c0eadc761" executionId="5ce0a535-674e-4af4-9e15-8d870387d51b" testListId="8c84fa94-04c1-424b-9868-57a2d4851a1d" />
    <TestEntry testId="33d6f95a-d68a-2305-9563-311446e1d9b4" executionId="37ca5d22-860c-4c82-85e8-f19769b11ca1" testListId="8c84fa94-04c1-424b-9868-57a2d4851a1d" />
    <TestEntry testId="ef4c7e93-6a96-6147-d80a-d31f2138abf5" executionId="b3d38c07-fd61-4d9c-8f74-645c15a98717" testListId="8c84fa94-04c1-424b-9868-57a2d4851a1d" />
    <TestEntry testId="02e681b4-9abc-1098-281a-f40d4482c4dd" executionId="5fb60b70-d4c2-41bc-839b-ca182ef14591" testListId="8c84fa94-04c1-424b-9868-57a2d4851a1d" />
    <TestEntry testId="6a2ec953-ea7c-5d7f-841d-338e28ec38d9" executionId="280ea13a-3ed4-43f1-b3d6-73a10b4d0482" testListId="8c84fa94-04c1-424b-9868-57a2d4851a1d" />
    <TestEntry testId="efa2aef3-f8ef-8580-5997-6eb0d041661e" executionId="591164f9-b2a6-4f6a-9638-62173b8bc01a" testListId="8c84fa94-04c1-424b-9868-57a2d4851a1d" />
    <TestEntry testId="895f4b50-a9c2-6e01-5570-fb2dc88a7915" executionId="f6916998-4d38-4581-9885-42113cdcfd57" testListId="8c84fa94-04c1-424b-9868-57a2d4851a1d" />
    <TestEntry testId="be9ab65a-b948-103a-0c32-b4e020e464ce" executionId="6570eec0-9bcb-495f-979d-bd02ef4e5485" testListId="8c84fa94-04c1-424b-9868-57a2d4851a1d" />
    <TestEntry testId="81e3a001-350c-7f9c-49a3-f3a9a3c159e5" executionId="ebd9fd99-b920-48c4-89f5-a1eb20a3302e" testListId="8c84fa94-04c1-424b-9868-57a2d4851a1d" />
    <TestEntry testId="bf3742d9-7734-79dd-6018-60681d8ab7ad" executionId="518d2c07-90cc-47eb-b407-6448acb59fad" testListId="8c84fa94-04c1-424b-9868-57a2d4851a1d" />
    <TestEntry testId="1ebce3b1-b3fd-0bfa-6c9b-4e5e74dce980" executionId="843e30e0-5766-4db7-bfa0-48788365bc56" testListId="8c84fa94-04c1-424b-9868-57a2d4851a1d" />
    <TestEntry testId="559ad64d-b32d-f67a-dfc2-2ca0fdd0251d" executionId="33c8debe-09c9-45e4-abf1-842468428f26" testListId="8c84fa94-04c1-424b-9868-57a2d4851a1d" />
    <TestEntry testId="d77e2cc6-7a53-7008-23eb-a26b243033d9" executionId="446b17cd-c374-4237-ab54-f6bebcb8be46" testListId="8c84fa94-04c1-424b-9868-57a2d4851a1d" />
    <TestEntry testId="97cac643-521d-8033-bde4-fd59c1d868f5" executionId="fa85f26e-cf59-4fe1-8d16-bb08fbd50648" testListId="8c84fa94-04c1-424b-9868-57a2d4851a1d" />
    <TestEntry testId="424253ca-6336-ce22-d463-63abddaf4cf5" executionId="a129ccda-2b6e-4b7e-8776-440626a7dde4" testListId="8c84fa94-04c1-424b-9868-57a2d4851a1d" />
    <TestEntry testId="24b8aef8-8388-fef1-ae92-2286f1dfeb64" executionId="8fba0bf0-0279-4fc7-831e-db7b5d11bdcc" testListId="8c84fa94-04c1-424b-9868-57a2d4851a1d" />
    <TestEntry testId="aa40b9c5-f8a4-9b2c-96c6-9fab6567e70c" executionId="4553204a-aefb-4b45-bb44-77d03554abc3" testListId="8c84fa94-04c1-424b-9868-57a2d4851a1d" />
    <TestEntry testId="943da04c-84b4-67f6-1c9d-e7e8943651f9" executionId="f7a88aef-c854-4ba5-bad6-503f72491afd" testListId="8c84fa94-04c1-424b-9868-57a2d4851a1d" />
    <TestEntry testId="3181563e-7250-e545-7ab2-4b25291ebdfa" executionId="5947d8b0-c6d6-462f-a734-8261ee5d6219" testListId="8c84fa94-04c1-424b-9868-57a2d4851a1d" />
    <TestEntry testId="f3ce8b41-41d5-5554-2e0f-4659d3dd76f6" executionId="9031e382-3e3a-4406-86e0-71f736d6cb0b" testListId="8c84fa94-04c1-424b-9868-57a2d4851a1d" />
    <TestEntry testId="72e96c06-0413-7ade-1602-d62934e8b7dd" executionId="20ab2ef8-8c36-4bf4-9e01-9326b1f1801a" testListId="8c84fa94-04c1-424b-9868-57a2d4851a1d" />
    <TestEntry testId="b451fa2a-b1c1-4cea-cccb-cee0b382f863" executionId="84ee25f6-f406-4515-8b80-f0216900ec60" testListId="8c84fa94-04c1-424b-9868-57a2d4851a1d" />
    <TestEntry testId="25cef1b0-c113-ca9c-09ce-0c61ea5419a0" executionId="1ab2f41b-2dca-4001-b572-8dd6c5c2851b" testListId="8c84fa94-04c1-424b-9868-57a2d4851a1d" />
    <TestEntry testId="7c594058-1c6b-7aed-b5d0-47baa3746b31" executionId="c79796b1-5dce-4c48-bc54-5c0a5c1cabb9" testListId="8c84fa94-04c1-424b-9868-57a2d4851a1d" />
    <TestEntry testId="9897bf5e-8469-a101-bfab-c1cab73f125a" executionId="b6e62e39-5ee2-47dc-8802-40b1da669375" testListId="8c84fa94-04c1-424b-9868-57a2d4851a1d" />
    <TestEntry testId="813467a4-8234-e1d0-2600-90dbdea7c6c0" executionId="10819f42-c0b2-4468-bd4e-1ab348538b1d" testListId="8c84fa94-04c1-424b-9868-57a2d4851a1d" />
    <TestEntry testId="1ff57294-a7e8-5bf9-5981-96a0da3a8df7" executionId="1b828b1c-91d8-4172-ae67-ceec5d15c094" testListId="8c84fa94-04c1-424b-9868-57a2d4851a1d" />
    <TestEntry testId="d7a45563-7d4b-b0ad-3581-1d3ce9234f39" executionId="c8426825-4b1a-40e3-832a-7f8f25c2ac80" testListId="8c84fa94-04c1-424b-9868-57a2d4851a1d" />
    <TestEntry testId="8f695c27-bd64-a0df-f0ed-0fac09544eef" executionId="3de906e2-a0cb-498c-8afe-86c9188b023a" testListId="8c84fa94-04c1-424b-9868-57a2d4851a1d" />
    <TestEntry testId="be09c575-f695-b90a-9d38-e24005259ecd" executionId="3c12bf93-1ab7-4fcb-943d-e9c5e6128464" testListId="8c84fa94-04c1-424b-9868-57a2d4851a1d" />
    <TestEntry testId="9cb5d1c1-5bdf-6851-7987-d0534a096a9d" executionId="f18d72ab-82d2-466f-8fad-de4b755e23d7" testListId="8c84fa94-04c1-424b-9868-57a2d4851a1d" />
    <TestEntry testId="b584ad6f-5be0-5d37-96ce-14d799d34e43" executionId="5dd7ea40-0ee0-4962-a015-ef85957ce67d" testListId="8c84fa94-04c1-424b-9868-57a2d4851a1d" />
    <TestEntry testId="20b954bf-bad8-6be5-947a-90cc1942727b" executionId="cc6d27dc-32c1-4cbd-8b5d-2eb659d8e5a0" testListId="8c84fa94-04c1-424b-9868-57a2d4851a1d" />
    <TestEntry testId="5b02c011-fbcf-7aef-328a-5057f145a444" executionId="edc7de45-8e79-4254-b56e-54c70c654540" testListId="8c84fa94-04c1-424b-9868-57a2d4851a1d" />
    <TestEntry testId="ec22b8a7-1d07-fb12-eaf1-32d6dd05d976" executionId="54436343-2102-4c48-a467-bc2544eeaa38" testListId="8c84fa94-04c1-424b-9868-57a2d4851a1d" />
    <TestEntry testId="6d3d5096-5e16-3323-25a6-a432c44f7c48" executionId="41133228-653e-426e-87d1-443a0c643537" testListId="8c84fa94-04c1-424b-9868-57a2d4851a1d" />
    <TestEntry testId="35f95267-e98f-2bc0-a900-b91335a167ee" executionId="d3f87988-e857-49ff-8caf-a93c50e1cbc7" testListId="8c84fa94-04c1-424b-9868-57a2d4851a1d" />
    <TestEntry testId="fac6af69-bc1c-e8d7-be75-f3b4c57bbc97" executionId="4c95fe80-db33-4a42-b606-78532b72172a" testListId="8c84fa94-04c1-424b-9868-57a2d4851a1d" />
    <TestEntry testId="263fd0b1-064b-f053-a634-e6bbfa419aaf" executionId="e272aee0-201f-4cb4-9205-af2c4b1226e6" testListId="8c84fa94-04c1-424b-9868-57a2d4851a1d" />
    <TestEntry testId="3ce80a54-d606-16af-be97-5d380f19e6d7" executionId="8057220c-be07-412e-b474-7edad0ded24e" testListId="8c84fa94-04c1-424b-9868-57a2d4851a1d" />
    <TestEntry testId="33659825-74de-c0ec-de86-2374784ddc2d" executionId="5e0b06bf-8e60-4d9e-bcda-cca8278144d2" testListId="8c84fa94-04c1-424b-9868-57a2d4851a1d" />
    <TestEntry testId="08f2346e-3f52-46dc-6637-7f5677e6a813" executionId="a7a151a2-6ff5-406d-a0c5-de4dfe5fd85a" testListId="8c84fa94-04c1-424b-9868-57a2d4851a1d" />
    <TestEntry testId="3c4132db-d99d-6122-e62b-e7acfec90169" executionId="4be80bcd-3cc6-443c-aaa9-228a615f8b5a" testListId="8c84fa94-04c1-424b-9868-57a2d4851a1d" />
    <TestEntry testId="0aa75f1b-00cb-35ca-837d-48843c3f539b" executionId="0fc624df-d2cd-45c9-aa2c-bd986a20f63a" testListId="8c84fa94-04c1-424b-9868-57a2d4851a1d" />
    <TestEntry testId="b6981272-e55a-8d0d-e141-4a900502db24" executionId="56375b91-2e82-4519-a36a-534302d3352b" testListId="8c84fa94-04c1-424b-9868-57a2d4851a1d" />
    <TestEntry testId="cbdd4f0b-de8f-2152-5a63-081d14cc8ca7" executionId="667d54b9-625d-4f47-b217-e05d15f40ca9" testListId="8c84fa94-04c1-424b-9868-57a2d4851a1d" />
  </TestEntries>
  <TestLists>
    <TestList name="Results Not in a List" id="8c84fa94-04c1-424b-9868-57a2d4851a1d" />
    <TestList name="All Loaded Results" id="19431567-8539-422a-85d7-44ee4e166bda" />
  </TestLists>
  <ResultSummary outcome="Completed">
    <Counters total="80" executed="79" passed="79" failed="0" error="0" timeout="0" aborted="0" inconclusive="0" passedButRunAborted="0" notRunnable="0" notExecuted="0" disconnected="0" warning="0" completed="0" inProgress="0" pending="0" />
    <Output>
      <StdOut>[xUnit.net 00:00:00.00] xUnit.net VSTest Adapter v2.8.2+699d445a1a (64-bit .NET 8.0.20)&#xD;
[xUnit.net 00:00:00.75]   Discovering: Lidarr.Plugin.Common.Tests&#xD;
[xUnit.net 00:00:00.80]   Discovered:  Lidarr.Plugin.Common.Tests&#xD;
[xUnit.net 00:00:00.80]   Starting:    Lidarr.Plugin.Common.Tests&#xD;
[xUnit.net 00:00:00.88]       Sample template; remove Skip once the plugin publishes binaries for tests.&#xD;
Test 'Lidarr.Plugin.Common.SampleTests.PluginSmokeTests.PluginLoads' was skipped in the test run.&#xD;
warn: TestDownloadClient[0]&#xD;
      Failed to apply metadata to C:\Users\alex\AppData\Local\Temp\metadata_missing_1030aa42f89944a890ab9ab32824c929.bin&#xD;
      TagLib.UnsupportedFormatException: C:\Users\alex\AppData\Local\Temp\metadata_missing_1030aa42f89944a890ab9ab32824c929.bin (taglib/bin)&#xD;
         at TagLib.File.Create(IFileAbstraction abstraction, String mimetype, ReadStyle propertiesStyle)&#xD;
         at TagLib.File.Create(String path, String mimetype, ReadStyle propertiesStyle)&#xD;
         at TagLib.File.Create(String path)&#xD;
         at Lidarr.Plugin.Common.Services.Metadata.TagLibAudioMetadataApplier.&lt;&gt;c__DisplayClass0_0.&lt;ApplyAsync&gt;b__0() in /_/src/Services/Metadata/TagLibAudioMetadataApplier.cs:line 22&#xD;
         at System.Threading.ExecutionContext.RunFromThreadPoolDispatchLoop(Thread threadPoolThread, ExecutionContext executionContext, ContextCallback callback, Object state)&#xD;
      --- End of stack trace from previous location ---&#xD;
         at System.Threading.ExecutionContext.RunFromThreadPoolDispatchLoop(Thread threadPoolThread, ExecutionContext executionContext, ContextCallback callback, Object state)&#xD;
         at System.Threading.Tasks.Task.ExecuteWithThreadLocal(Task&amp; currentTaskSlot, Thread threadPoolThread)&#xD;
      --- End of stack trace from previous location ---&#xD;
         at Lidarr.Plugin.Common.Base.BaseStreamingDownloadClient`1.ApplyMetadataTagsAsync(String filePath, StreamingTrack metadata) in /_/src/Base/BaseStreamingDownloadClient.cs:line 645&#xD;
[xUnit.net 00:00:05.09]   Finished:    Lidarr.Plugin.Common.Tests&#xD;
</StdOut>
    </Output>
    <RunInfos>
      <RunInfo computerName="ALEX-PC" outcome="Warning" timestamp="2025-10-06T10:39:55.7188088-04:00">
        <Text>[xUnit.net 00:00:00.88]     Lidarr.Plugin.Common.SampleTests.PluginSmokeTests.PluginLoads [SKIP]</Text>
      </RunInfo>
    </RunInfos>
  </ResultSummary>
</TestRun>